<?xml version="1.0" encoding="UTF-8"?>
<!-- Generated by org.testng.reporters.JUnitXMLReporter -->
<testsuite hostname="LTIN184808" ignored="0" name="StraitTimes_Article_Detail_Page_Reg-Run1" tests="19" failures="0" timestamp="15 Sep 2022 08:03:03 GMT" time="5748.923" errors="0">
  <testcase name="@AfterMethod Launch_and_Close_app" time="0.0" classname="com.mop.qa.test.regression.StraitTimes_Article_Detail_Page_Reg">
    <failure type="org.openqa.selenium.NoSuchSessionException" message="Your session was disconnected - Device Reservation Ended (WARNING: The server did not provide any stacktrace information)
Command duration or timeout: 0 milliseconds
Build info: version: &amp;apos;3.12.0&amp;apos;, revision: &amp;apos;7c6e0b3&amp;apos;, time: &amp;apos;2018-05-08T14:04:26.12Z&amp;apos;
System info: host: &amp;apos;LTIN184808&amp;apos;, ip: &amp;apos;192.168.0.73&amp;apos;, os.name: &amp;apos;Windows 10&amp;apos;, os.arch: &amp;apos;amd64&amp;apos;, os.version: &amp;apos;10.0&amp;apos;, java.version: &amp;apos;1.8.0_291&amp;apos;
Driver info: io.appium.java_client.ios.IOSDriver
Capabilities {appBuildVersion: 4, appReleaseVersion: 9.6.4, appiumVersion: 1.8.0, applicationClearData: false, autoAcceptAlerts: false, autoDismissAlerts: false, autoGrantPermissions: false, autoWebview: false, automationName: XCUITest, bundleId: com.sph.stiPhone, commandTimeouts: 120000, desired: {bundleId: com.sph.stiPhone, deviceQuery: @serialNumber=&amp;apos;00008030-000..., instrumentApp: false, noReset: true, platformName: iOS}, device.category: PHONE, device.majorVersion: 16, device.manufacture: Apple, device.model: iPhone 11 Pro, device.name: iPhone 11 Pro SPH-0015, device.os: iOS, device.screenSize: 1125x2436, device.serialNumber: 00008030-0002548A2298802E, device.version: 16.0, deviceQuery: @serialNumber=&amp;apos;00008030-000..., deviceUDID: 00008030-0002548A2298802E, dontGoHomeOnQuit: false, dontStopAppOnReset: false, ehmPrefixUrl: /agent-2, ehmUrl: https://sph.experitest.com:..., fullReset: false, gridNodePort: 7816, install.only.for.update: false, installOnlyForUpdate: false, instrumentApp: false, javascriptEnabled: true, keystorePath: ~/.android/debug.keystore, locationServicesAuthorized: false, newSessionWaitTimeout: 600.0, noReset: true, platform: IOS, platformName: iOS, projectName: , reportDirectory: reports, reportFormat: xml, reportTestId: 134643.0, reportUrl: https://sph.experitest.com:..., reservationDuration: 240.0, takeScreenshots: true, test.type: Mobile, testName: mobile test 09/15/22 06:28 AM, udid: 00008030-0002548A2298802E, useKeystore: false, waitForDeviceTimeout: 120000.0}
Session ID: CLOUD-SID:2022-09-15_03-35-09-759d3047-5679-4b8e-8851-fe83d8792fd7">
      <![CDATA[org.openqa.selenium.NoSuchSessionException: Your session was disconnected - Device Reservation Ended (WARNING: The server did not provide any stacktrace information)
Command duration or timeout: 0 milliseconds
Build info: version: '3.12.0', revision: '7c6e0b3', time: '2018-05-08T14:04:26.12Z'
System info: host: 'LTIN184808', ip: '192.168.0.73', os.name: 'Windows 10', os.arch: 'amd64', os.version: '10.0', java.version: '1.8.0_291'
Driver info: io.appium.java_client.ios.IOSDriver
Capabilities {appBuildVersion: 4, appReleaseVersion: 9.6.4, appiumVersion: 1.8.0, applicationClearData: false, autoAcceptAlerts: false, autoDismissAlerts: false, autoGrantPermissions: false, autoWebview: false, automationName: XCUITest, bundleId: com.sph.stiPhone, commandTimeouts: 120000, desired: {bundleId: com.sph.stiPhone, deviceQuery: @serialNumber='00008030-000..., instrumentApp: false, noReset: true, platformName: iOS}, device.category: PHONE, device.majorVersion: 16, device.manufacture: Apple, device.model: iPhone 11 Pro, device.name: iPhone 11 Pro SPH-0015, device.os: iOS, device.screenSize: 1125x2436, device.serialNumber: 00008030-0002548A2298802E, device.version: 16.0, deviceQuery: @serialNumber='00008030-000..., deviceUDID: 00008030-0002548A2298802E, dontGoHomeOnQuit: false, dontStopAppOnReset: false, ehmPrefixUrl: /agent-2, ehmUrl: https://sph.experitest.com:..., fullReset: false, gridNodePort: 7816, install.only.for.update: false, installOnlyForUpdate: false, instrumentApp: false, javascriptEnabled: true, keystorePath: ~/.android/debug.keystore, locationServicesAuthorized: false, newSessionWaitTimeout: 600.0, noReset: true, platform: IOS, platformName: iOS, projectName: , reportDirectory: reports, reportFormat: xml, reportTestId: 134643.0, reportUrl: https://sph.experitest.com:..., reservationDuration: 240.0, takeScreenshots: true, test.type: Mobile, testName: mobile test 09/15/22 06:28 AM, udid: 00008030-0002548A2298802E, useKeystore: false, waitForDeviceTimeout: 120000.0}
Session ID: CLOUD-SID:2022-09-15_03-35-09-759d3047-5679-4b8e-8851-fe83d8792fd7
	at org.openqa.selenium.remote.ErrorHandler.createThrowable(ErrorHandler.java:214)
	at org.openqa.selenium.remote.ErrorHandler.throwIfResponseFailed(ErrorHandler.java:166)
	at org.openqa.selenium.remote.http.JsonHttpResponseCodec.reconstructValue(JsonHttpResponseCodec.java:40)
	at org.openqa.selenium.remote.http.AbstractHttpResponseCodec.decode(AbstractHttpResponseCodec.java:80)
	at org.openqa.selenium.remote.http.AbstractHttpResponseCodec.decode(AbstractHttpResponseCodec.java:44)
	at org.openqa.selenium.remote.HttpCommandExecutor.execute(HttpCommandExecutor.java:158)
	at io.appium.java_client.remote.AppiumCommandExecutor.execute(AppiumCommandExecutor.java:231)
	at org.openqa.selenium.remote.RemoteWebDriver.execute(RemoteWebDriver.java:543)
	at io.appium.java_client.DefaultGenericMobileDriver.execute(DefaultGenericMobileDriver.java:46)
	at io.appium.java_client.AppiumDriver.execute(AppiumDriver.java:1)
	at io.appium.java_client.ios.IOSDriver.execute(IOSDriver.java:1)
	at io.appium.java_client.InteractsWithApps.launchApp(InteractsWithApps.java:50)
	at com.mop.qa.test.regression.StraitTimes_Article_Detail_Page_Reg.Launch_and_Close_app(StraitTimes_Article_Detail_Page_Reg.java:17)
	at com.mop.qa.testrunner.TestRunner.main(TestRunner.java:167)
... Removed 27 stack frames]]>
    </failure>
  </testcase> <!-- @AfterMethod Launch_and_Close_app -->
  <testcase name="@AfterMethod afterMethod" time="0.0" classname="com.mop.qa.testbase.TestBase">
    <skipped/>
  </testcase> <!-- @AfterMethod afterMethod -->
  <testcase name="TC_7904_Bookmark_Swipe_left_to_delete_bookmark" time="360.851" classname="com.mop.qa.test.regression.StraitTimes_Article_Detail_Page_Reg"/>
  <testcase name="TC_7992_Article_Listing_Page_Via_authors_Bookmark" time="155.955" classname="com.mop.qa.test.regression.StraitTimes_Article_Detail_Page_Reg"/>
  <testcase name="TC_8005_Article_Listing_Page_Via_authors_Authorspage" time="184.911" classname="com.mop.qa.test.regression.StraitTimes_Article_Detail_Page_Reg"/>
  <testcase name="Sprint12_TC_8002_Article_Headline" time="62.96" classname="com.mop.qa.test.regression.StraitTimes_Article_Detail_Page_Reg"/>
  <testcase name="Sprint12_TC_7973_Article_Detail_Page_BookMark" time="215.596" classname="com.mop.qa.test.regression.StraitTimes_Article_Detail_Page_Reg"/>
  <testcase name="Sprint12_TC_7956_Article_Detail_Page_AuthorHead" time="107.46" classname="com.mop.qa.test.regression.StraitTimes_Article_Detail_Page_Reg"/>
  <testcase name="Sprint12_TC_7979_Article_Detail_Page_AuthorHead_Author_Page" time="170.312" classname="com.mop.qa.test.regression.StraitTimes_Article_Detail_Page_Reg"/>
  <testcase name="Sprint12_TC_7995_Article_Detail_Page_AuthorHead_Designation" time="105.974" classname="com.mop.qa.test.regression.StraitTimes_Article_Detail_Page_Reg"/>
  <testcase name="Sprint12_TC_7983_Article_Detail_Page_More_On_This_Topic" time="498.835" classname="com.mop.qa.test.regression.StraitTimes_Article_Detail_Page_Reg"/>
  <testcase name="Sprint12_TC_7984_Article_Detail_Page_More_From_StraitTimes" time="776.279" classname="com.mop.qa.test.regression.StraitTimes_Article_Detail_Page_Reg"/>
  <testcase name="Sprint12_TC_7952_Article_Detail_Page_More_From_Web" time="798.544" classname="com.mop.qa.test.regression.StraitTimes_Article_Detail_Page_Reg"/>
  <testcase name="Sprint12_TC_7981_Article_Details_page_Published_or_Updated" time="103.515" classname="com.mop.qa.test.regression.StraitTimes_Article_Detail_Page_Reg"/>
  <testcase name="Sprint12_TC_7951_Share_with_without_scrolling" time="142.32" classname="com.mop.qa.test.regression.StraitTimes_Article_Detail_Page_Reg"/>
  <testcase name="Sprint12_TC_7961_Article_details_page_with_embedded_image" time="120.876" classname="com.mop.qa.test.regression.StraitTimes_Article_Detail_Page_Reg"/>
  <testcase name="Sprint12_TC_7968_Article_details_page_Podcast_sharing" time="195.773" classname="com.mop.qa.test.regression.StraitTimes_Article_Detail_Page_Reg"/>
  <testcase name="Sprint12_TC_7512_Article_listing_page_via_section_page_bookmark" time="303.75" classname="com.mop.qa.test.regression.StraitTimes_Article_Detail_Page_Reg"/>
  <testcase name="Sprint12_TC_7971_Article_listing_page_via_section_pages_more_link_on_sectionpage" time="193.181" classname="com.mop.qa.test.regression.StraitTimes_Article_Detail_Page_Reg"/>
  <testcase name="Sprint12_TC_7949_epaper_Auto_DL_turn_Off" time="402.29" classname="com.mop.qa.test.regression.StraitTimes_Article_Detail_Page_Reg"/>
  <testcase name="Sprint12_TC_7893_epaper_clear_all_download" time="423.908" classname="com.mop.qa.test.regression.StraitTimes_Article_Detail_Page_Reg"/>
</testsuite> <!-- StraitTimes_Article_Detail_Page_Reg-Run1 -->
