<?xml version="1.0" encoding="UTF-8"?>
<!-- Generated by org.testng.reporters.JUnitXMLReporter -->
<testsuite hostname="LTIN184808" ignored="0" name="StraitsTimes_Regression_IOS-Run1" tests="28" failures="4" timestamp="15 Sep 2022 04:51:01 GMT" time="3485.412" errors="0">
  <testcase name="TC_7909_Tutorials_screen_on_Bookmark_Settings_epaper" time="164.014" classname="com.mop.qa.test.regression.StraitsTimes_Regression_IOS"/>
  <testcase name="TC_7899_Bookmark_able_to_bookmark_from_listing_page" time="87.251" classname="com.mop.qa.test.regression.StraitsTimes_Regression_IOS"/>
  <testcase name="TC_7908_Articles_Details_Scroll_Scrolling_through_articles_and_then_for_any_particular_article_try_to_access_full_article_page" time="124.548" classname="com.mop.qa.test.regression.StraitsTimes_Regression_IOS"/>
  <testcase name="TC_7919_Article_listing_page_Via_Elastic_search_Article_page" time="109.183" classname="com.mop.qa.test.regression.StraitsTimes_Regression_IOS"/>
  <testcase name="TC_7920_ePaper_User_should_be_asked_to_login_to_view_epaper" time="42.838" classname="com.mop.qa.test.regression.StraitsTimes_Regression_IOS"/>
  <testcase name="TC_7923_Articles_Details_Scroll_Verify_article_scroll" time="45.107" classname="com.mop.qa.test.regression.StraitsTimes_Regression_IOS">
    <failure type="java.lang.Exception" message="home not found">
      <![CDATA[java.lang.Exception: home not found
	at com.mop.qa.testbase.PageBase.click(PageBase.java:1521)
	at com.mop.qa.pageobject.StraitsTimes_IOS.TC_7923_Articles_Details_Scroll_Verify_article_scroll(StraitsTimes_IOS.java:2863)
	at com.mop.qa.test.regression.StraitsTimes_Regression_IOS.TC_7923_Articles_Details_Scroll_Verify_article_scroll(StraitsTimes_Regression_IOS.java:67)
	at com.mop.qa.testrunner.TestRunner.main(TestRunner.java:167)
... Removed 22 stack frames]]>
    </failure>
  </testcase> <!-- TC_7923_Articles_Details_Scroll_Verify_article_scroll -->
  <testcase name="TC_7927_ePaper_Delete_downloaded_epaper" time="25.09" classname="com.mop.qa.test.regression.StraitsTimes_Regression_IOS"/>
  <testcase name="TC_7928_Article_listing_page_Via_Elastic_search_keyword_search_Recent" time="135.116" classname="com.mop.qa.test.regression.StraitsTimes_Regression_IOS"/>
  <testcase name="TC_7933_Article_listing_page_Via_Elastic_search_Recent_searches" time="157.256" classname="com.mop.qa.test.regression.StraitsTimes_Regression_IOS"/>
  <testcase name="TC_7942_ePaper_user_should_be_able_to_download_epaper" time="135.852" classname="com.mop.qa.test.regression.StraitsTimes_Regression_IOS"/>
  <testcase name="TC_7946_Article_listing_page_Via_Elastic_search_Search_by_keyword" time="99.03" classname="com.mop.qa.test.regression.StraitsTimes_Regression_IOS"/>
  <testcase name="TC_7947_Article_listing_page_Via_Elastic_search_Search_by_article_headline" time="114.313" classname="com.mop.qa.test.regression.StraitsTimes_Regression_IOS"/>
  <testcase name="TC_7954_Article_listing_page_Via_Elastic_search_Recent_searches_Delete" time="56.729" classname="com.mop.qa.test.regression.StraitsTimes_Regression_IOS">
    <failure type="org.openqa.selenium.WebDriverException" message="unknown error (An unknown server-side error occurred. status=&amp;apos;false&amp;apos;. Failed to complete internal method: &amp;apos;elementSendText args: [NATIVE, xpath=(//*[@placeholder=&amp;apos;Search The Straits Times…&amp;apos;])[1], 0, google
]&amp;apos;, details: Failed to send text to &amp;apos;xpath=(//*[@placeholder=&amp;apos;Search The Straits Times…&amp;apos;])[1]&amp;apos;. Error Domain=XCTDaemonErrorDomain Code=21 &amp;quot;Unable to perform 
&amp;lt;XCSynthesizedEventRecord &amp;apos;tap display 0&amp;apos;&amp;gt;
Path 1:
	
Touch down at 172.0, 71.0, offset=0.00s
	Touch up at 172.0, 71.0, offset=0.05s, only one gesture can be performed at a time.&amp;quot; UserInfo={NSLocalizedDescription=Unable to perform 

&amp;lt;XCSynthesizedEventRecord &amp;apos;tap display 0&amp;apos;&amp;gt;
Path 1:
	Touch down at 172.0, 71.0, offset=0.00s
	Touch up at 172.0, 71.0, offset=0.05s, only one gesture can be performed at a time.}
)  (WARNING: The server did not provide any stacktrace information)
Command duration or timeout: 0 milliseconds
Build info: version: &amp;apos;3.12.0&amp;apos;, revision: &amp;apos;7c6e0b3&amp;apos;, time: &amp;apos;2018-05-08T14:04:26.12Z&amp;apos;
System info: host: &amp;apos;LTIN184808&amp;apos;, ip: &amp;apos;192.168.0.73&amp;apos;, os.name: &amp;apos;Windows 10&amp;apos;, os.arch: &amp;apos;amd64&amp;apos;, os.version: &amp;apos;10.0&amp;apos;, java.version: &amp;apos;1.8.0_291&amp;apos;
Driver info: io.appium.java_client.ios.IOSDriver
Capabilities {appBuildVersion: 4, appReleaseVersion: 9.6.4, appiumVersion: 1.8.0, applicationClearData: false, autoAcceptAlerts: false, autoDismissAlerts: false, autoGrantPermissions: false, autoWebview: false, automationName: XCUITest, bundleId: com.sph.stiPhone, commandTimeouts: 120000, desired: {bundleId: com.sph.stiPhone, deviceQuery: @serialNumber=&amp;apos;00008030-000..., instrumentApp: false, noReset: true, platformName: iOS}, device.category: PHONE, device.majorVersion: 16, device.manufacture: Apple, device.model: iPhone 11 Pro, device.name: iPhone 11 Pro SPH-0015, device.os: iOS, device.screenSize: 1125x2436, device.serialNumber: 00008030-0002548A2298802E, device.version: 16.0, deviceQuery: @serialNumber=&amp;apos;00008030-000..., deviceUDID: 00008030-0002548A2298802E, dontGoHomeOnQuit: false, dontStopAppOnReset: false, ehmPrefixUrl: /agent-2, ehmUrl: https://sph.experitest.com:..., fullReset: false, gridNodePort: 7816, install.only.for.update: false, installOnlyForUpdate: false, instrumentApp: false, javascriptEnabled: true, keystorePath: ~/.android/debug.keystore, locationServicesAuthorized: false, newSessionWaitTimeout: 600.0, noReset: true, platform: IOS, platformName: iOS, projectName: , reportDirectory: reports, reportFormat: xml, reportTestId: 134634.0, reportUrl: https://sph.experitest.com:..., reservationDuration: 240.0, takeScreenshots: true, test.type: Mobile, testName: mobile test 09/15/22 03:54 AM, udid: 00008030-0002548A2298802E, useKeystore: false, waitForDeviceTimeout: 120000.0}
Session ID: CLOUD-SID:2022-09-15_03-35-09-759d3047-5679-4b8e-8851-fe83d8792fd7">
      <![CDATA[org.openqa.selenium.WebDriverException: unknown error (An unknown server-side error occurred. status='false'. Failed to complete internal method: 'elementSendText args: [NATIVE, xpath=(//*[@placeholder='Search The Straits Times…'])[1], 0, google
]', details: Failed to send text to 'xpath=(//*[@placeholder='Search The Straits Times…'])[1]'. Error Domain=XCTDaemonErrorDomain Code=21 "Unable to perform 
<XCSynthesizedEventRecord 'tap display 0'>
Path 1:
	
Touch down at 172.0, 71.0, offset=0.00s
	Touch up at 172.0, 71.0, offset=0.05s, only one gesture can be performed at a time." UserInfo={NSLocalizedDescription=Unable to perform 

<XCSynthesizedEventRecord 'tap display 0'>
Path 1:
	Touch down at 172.0, 71.0, offset=0.00s
	Touch up at 172.0, 71.0, offset=0.05s, only one gesture can be performed at a time.}
)  (WARNING: The server did not provide any stacktrace information)
Command duration or timeout: 0 milliseconds
Build info: version: '3.12.0', revision: '7c6e0b3', time: '2018-05-08T14:04:26.12Z'
System info: host: 'LTIN184808', ip: '192.168.0.73', os.name: 'Windows 10', os.arch: 'amd64', os.version: '10.0', java.version: '1.8.0_291'
Driver info: io.appium.java_client.ios.IOSDriver
Capabilities {appBuildVersion: 4, appReleaseVersion: 9.6.4, appiumVersion: 1.8.0, applicationClearData: false, autoAcceptAlerts: false, autoDismissAlerts: false, autoGrantPermissions: false, autoWebview: false, automationName: XCUITest, bundleId: com.sph.stiPhone, commandTimeouts: 120000, desired: {bundleId: com.sph.stiPhone, deviceQuery: @serialNumber='00008030-000..., instrumentApp: false, noReset: true, platformName: iOS}, device.category: PHONE, device.majorVersion: 16, device.manufacture: Apple, device.model: iPhone 11 Pro, device.name: iPhone 11 Pro SPH-0015, device.os: iOS, device.screenSize: 1125x2436, device.serialNumber: 00008030-0002548A2298802E, device.version: 16.0, deviceQuery: @serialNumber='00008030-000..., deviceUDID: 00008030-0002548A2298802E, dontGoHomeOnQuit: false, dontStopAppOnReset: false, ehmPrefixUrl: /agent-2, ehmUrl: https://sph.experitest.com:..., fullReset: false, gridNodePort: 7816, install.only.for.update: false, installOnlyForUpdate: false, instrumentApp: false, javascriptEnabled: true, keystorePath: ~/.android/debug.keystore, locationServicesAuthorized: false, newSessionWaitTimeout: 600.0, noReset: true, platform: IOS, platformName: iOS, projectName: , reportDirectory: reports, reportFormat: xml, reportTestId: 134634.0, reportUrl: https://sph.experitest.com:..., reservationDuration: 240.0, takeScreenshots: true, test.type: Mobile, testName: mobile test 09/15/22 03:54 AM, udid: 00008030-0002548A2298802E, useKeystore: false, waitForDeviceTimeout: 120000.0}
Session ID: CLOUD-SID:2022-09-15_03-35-09-759d3047-5679-4b8e-8851-fe83d8792fd7
	at org.openqa.selenium.remote.ErrorHandler.createThrowable(ErrorHandler.java:214)
	at org.openqa.selenium.remote.ErrorHandler.throwIfResponseFailed(ErrorHandler.java:166)
	at org.openqa.selenium.remote.http.JsonHttpResponseCodec.reconstructValue(JsonHttpResponseCodec.java:40)
	at org.openqa.selenium.remote.http.AbstractHttpResponseCodec.decode(AbstractHttpResponseCodec.java:80)
	at org.openqa.selenium.remote.http.AbstractHttpResponseCodec.decode(AbstractHttpResponseCodec.java:44)
	at org.openqa.selenium.remote.HttpCommandExecutor.execute(HttpCommandExecutor.java:158)
	at io.appium.java_client.remote.AppiumCommandExecutor.execute(AppiumCommandExecutor.java:231)
	at org.openqa.selenium.remote.RemoteWebDriver.execute(RemoteWebDriver.java:543)
	at io.appium.java_client.DefaultGenericMobileDriver.execute(DefaultGenericMobileDriver.java:42)
	at io.appium.java_client.AppiumDriver.execute(AppiumDriver.java:1)
	at io.appium.java_client.ios.IOSDriver.execute(IOSDriver.java:1)
	at org.openqa.selenium.remote.RemoteWebElement.execute(RemoteWebElement.java:276)
	at io.appium.java_client.DefaultGenericMobileElement.execute(DefaultGenericMobileElement.java:45)
	at io.appium.java_client.MobileElement.execute(MobileElement.java:1)
	at io.appium.java_client.ios.IOSElement.execute(IOSElement.java:1)
	at org.openqa.selenium.remote.RemoteWebElement.sendKeys(RemoteWebElement.java:100)
	at org.openqa.selenium.support.pagefactory.internal.LocatingElementHandler.invoke(LocatingElementHandler.java:51)
	at com.sun.proxy.$Proxy10.sendKeys(Unknown Source)
	at com.mop.qa.pageobject.StraitsTimes_IOS.TC_7954_Article_listing_page_Via_Elastic_search_Recent_searches_Delete(StraitsTimes_IOS.java:2703)
	at com.mop.qa.test.regression.StraitsTimes_Regression_IOS.TC_7954_Article_listing_page_Via_Elastic_search_Recent_searches_Delete(StraitsTimes_Regression_IOS.java:130)
	at com.mop.qa.testrunner.TestRunner.main(TestRunner.java:167)
... Removed 30 stack frames]]>
    </failure>
  </testcase> <!-- TC_7954_Article_listing_page_Via_Elastic_search_Recent_searches_Delete -->
  <testcase name="TC_7982_Article_listing_page_Via_Elastic_search_Keyword_search_Relevance" time="44.669" classname="com.mop.qa.test.regression.StraitsTimes_Regression_IOS">
    <failure type="org.openqa.selenium.NoSuchElementException" message="no such element (An element could not be located on the page using the given search parameters (XPATH=&amp;apos;//*[@placeholder=&amp;apos;Search The Straits Times…&amp;apos;]&amp;apos;))  (WARNING: The server did not provide any stacktrace information)
Command duration or timeout: 0 milliseconds
For documentation on this error, please visit: http://seleniumhq.org/exceptions/no_such_element.html
Build info: version: &amp;apos;3.12.0&amp;apos;, revision: &amp;apos;7c6e0b3&amp;apos;, time: &amp;apos;2018-05-08T14:04:26.12Z&amp;apos;
System info: host: &amp;apos;LTIN184808&amp;apos;, ip: &amp;apos;192.168.0.73&amp;apos;, os.name: &amp;apos;Windows 10&amp;apos;, os.arch: &amp;apos;amd64&amp;apos;, os.version: &amp;apos;10.0&amp;apos;, java.version: &amp;apos;1.8.0_291&amp;apos;
Driver info: io.appium.java_client.ios.IOSDriver
Capabilities {appBuildVersion: 4, appReleaseVersion: 9.6.4, appiumVersion: 1.8.0, applicationClearData: false, autoAcceptAlerts: false, autoDismissAlerts: false, autoGrantPermissions: false, autoWebview: false, automationName: XCUITest, bundleId: com.sph.stiPhone, commandTimeouts: 120000, desired: {bundleId: com.sph.stiPhone, deviceQuery: @serialNumber=&amp;apos;00008030-000..., instrumentApp: false, noReset: true, platformName: iOS}, device.category: PHONE, device.majorVersion: 16, device.manufacture: Apple, device.model: iPhone 11 Pro, device.name: iPhone 11 Pro SPH-0015, device.os: iOS, device.screenSize: 1125x2436, device.serialNumber: 00008030-0002548A2298802E, device.version: 16.0, deviceQuery: @serialNumber=&amp;apos;00008030-000..., deviceUDID: 00008030-0002548A2298802E, dontGoHomeOnQuit: false, dontStopAppOnReset: false, ehmPrefixUrl: /agent-2, ehmUrl: https://sph.experitest.com:..., fullReset: false, gridNodePort: 7816, install.only.for.update: false, installOnlyForUpdate: false, instrumentApp: false, javascriptEnabled: true, keystorePath: ~/.android/debug.keystore, locationServicesAuthorized: false, newSessionWaitTimeout: 600.0, noReset: true, platform: IOS, platformName: iOS, projectName: , reportDirectory: reports, reportFormat: xml, reportTestId: 134634.0, reportUrl: https://sph.experitest.com:..., reservationDuration: 240.0, takeScreenshots: true, test.type: Mobile, testName: mobile test 09/15/22 03:54 AM, udid: 00008030-0002548A2298802E, useKeystore: false, waitForDeviceTimeout: 120000.0}
Session ID: CLOUD-SID:2022-09-15_03-35-09-759d3047-5679-4b8e-8851-fe83d8792fd7
*** Element info: {Using=xpath, value=//*[@placeholder=&amp;apos;Search The Straits Times…&amp;apos;]}">
      <![CDATA[org.openqa.selenium.NoSuchElementException: no such element (An element could not be located on the page using the given search parameters (XPATH='//*[@placeholder='Search The Straits Times…']'))  (WARNING: The server did not provide any stacktrace information)
Command duration or timeout: 0 milliseconds
For documentation on this error, please visit: http://seleniumhq.org/exceptions/no_such_element.html
Build info: version: '3.12.0', revision: '7c6e0b3', time: '2018-05-08T14:04:26.12Z'
System info: host: 'LTIN184808', ip: '192.168.0.73', os.name: 'Windows 10', os.arch: 'amd64', os.version: '10.0', java.version: '1.8.0_291'
Driver info: io.appium.java_client.ios.IOSDriver
Capabilities {appBuildVersion: 4, appReleaseVersion: 9.6.4, appiumVersion: 1.8.0, applicationClearData: false, autoAcceptAlerts: false, autoDismissAlerts: false, autoGrantPermissions: false, autoWebview: false, automationName: XCUITest, bundleId: com.sph.stiPhone, commandTimeouts: 120000, desired: {bundleId: com.sph.stiPhone, deviceQuery: @serialNumber='00008030-000..., instrumentApp: false, noReset: true, platformName: iOS}, device.category: PHONE, device.majorVersion: 16, device.manufacture: Apple, device.model: iPhone 11 Pro, device.name: iPhone 11 Pro SPH-0015, device.os: iOS, device.screenSize: 1125x2436, device.serialNumber: 00008030-0002548A2298802E, device.version: 16.0, deviceQuery: @serialNumber='00008030-000..., deviceUDID: 00008030-0002548A2298802E, dontGoHomeOnQuit: false, dontStopAppOnReset: false, ehmPrefixUrl: /agent-2, ehmUrl: https://sph.experitest.com:..., fullReset: false, gridNodePort: 7816, install.only.for.update: false, installOnlyForUpdate: false, instrumentApp: false, javascriptEnabled: true, keystorePath: ~/.android/debug.keystore, locationServicesAuthorized: false, newSessionWaitTimeout: 600.0, noReset: true, platform: IOS, platformName: iOS, projectName: , reportDirectory: reports, reportFormat: xml, reportTestId: 134634.0, reportUrl: https://sph.experitest.com:..., reservationDuration: 240.0, takeScreenshots: true, test.type: Mobile, testName: mobile test 09/15/22 03:54 AM, udid: 00008030-0002548A2298802E, useKeystore: false, waitForDeviceTimeout: 120000.0}
Session ID: CLOUD-SID:2022-09-15_03-35-09-759d3047-5679-4b8e-8851-fe83d8792fd7
*** Element info: {Using=xpath, value=//*[@placeholder='Search The Straits Times…']}
	at org.openqa.selenium.remote.ErrorHandler.createThrowable(ErrorHandler.java:214)
	at org.openqa.selenium.remote.ErrorHandler.throwIfResponseFailed(ErrorHandler.java:166)
	at org.openqa.selenium.remote.http.JsonHttpResponseCodec.reconstructValue(JsonHttpResponseCodec.java:40)
	at org.openqa.selenium.remote.http.AbstractHttpResponseCodec.decode(AbstractHttpResponseCodec.java:80)
	at org.openqa.selenium.remote.http.AbstractHttpResponseCodec.decode(AbstractHttpResponseCodec.java:44)
	at org.openqa.selenium.remote.HttpCommandExecutor.execute(HttpCommandExecutor.java:158)
	at io.appium.java_client.remote.AppiumCommandExecutor.execute(AppiumCommandExecutor.java:231)
	at org.openqa.selenium.remote.RemoteWebDriver.execute(RemoteWebDriver.java:543)
	at io.appium.java_client.DefaultGenericMobileDriver.execute(DefaultGenericMobileDriver.java:42)
	at io.appium.java_client.AppiumDriver.execute(AppiumDriver.java:1)
	at io.appium.java_client.ios.IOSDriver.execute(IOSDriver.java:1)
	at org.openqa.selenium.remote.RemoteWebDriver.findElement(RemoteWebDriver.java:317)
	at io.appium.java_client.DefaultGenericMobileDriver.findElement(DefaultGenericMobileDriver.java:62)
	at io.appium.java_client.AppiumDriver.findElement(AppiumDriver.java:1)
	at io.appium.java_client.ios.IOSDriver.findElement(IOSDriver.java:1)
	at org.openqa.selenium.remote.RemoteWebDriver.findElementByXPath(RemoteWebDriver.java:419)
	at io.appium.java_client.DefaultGenericMobileDriver.findElementByXPath(DefaultGenericMobileDriver.java:152)
	at io.appium.java_client.AppiumDriver.findElementByXPath(AppiumDriver.java:1)
	at io.appium.java_client.ios.IOSDriver.findElementByXPath(IOSDriver.java:1)
	at org.openqa.selenium.By$ByXPath.findElement(By.java:353)
	at org.openqa.selenium.remote.RemoteWebDriver.findElement(RemoteWebDriver.java:309)
	at io.appium.java_client.DefaultGenericMobileDriver.findElement(DefaultGenericMobileDriver.java:58)
	at io.appium.java_client.AppiumDriver.findElement(AppiumDriver.java:1)
	at io.appium.java_client.ios.IOSDriver.findElement(IOSDriver.java:1)
	at org.openqa.selenium.support.pagefactory.DefaultElementLocator.findElement(DefaultElementLocator.java:69)
	at org.openqa.selenium.support.pagefactory.internal.LocatingElementHandler.invoke(LocatingElementHandler.java:38)
	at com.sun.proxy.$Proxy10.sendKeys(Unknown Source)
	at com.mop.qa.pageobject.StraitsTimes_IOS.TC_7977_Article_listing_page_Via_Elastic_search_Keyword_search_Relevance(StraitsTimes_IOS.java:2769)
	at com.mop.qa.test.regression.StraitsTimes_Regression_IOS.TC_7982_Article_listing_page_Via_Elastic_search_Keyword_search_Relevance(StraitsTimes_Regression_IOS.java:139)
	at com.mop.qa.testrunner.TestRunner.main(TestRunner.java:167)
... Removed 25 stack frames]]>
    </failure>
  </testcase> <!-- TC_7982_Article_listing_page_Via_Elastic_search_Keyword_search_Relevance -->
  <testcase name="TC_7977_Article_listing_page_Via_Elastic_search_Search_by_Category_Show_more_Less" time="89.024" classname="com.mop.qa.test.regression.StraitsTimes_Regression_IOS"/>
  <testcase name="TC_7994_Article_listing_page_Via_Elastic_search_Search_by_Category" time="113.205" classname="com.mop.qa.test.regression.StraitsTimes_Regression_IOS"/>
  <testcase name="TC_7952_Article_Details_page_More_from_Web" time="500.536" classname="com.mop.qa.test.regression.StraitsTimes_Regression_IOS"/>
  <testcase name="TC_7911_Latest_Tab_Should_should_load_without_errors" time="31.395" classname="com.mop.qa.test.regression.StraitsTimes_Regression_IOS"/>
  <testcase name="TC_7901_Latest_Tab_Should_be_able_to_bookmark" time="27.045" classname="com.mop.qa.test.regression.StraitsTimes_Regression_IOS"/>
  <testcase name="TC_8009_straitTimes_login_reg_user_" time="55.66" classname="com.mop.qa.test.regression.StraitsTimes_Regression_IOS"/>
  <testcase name="TC_7915_Bookmark_Enable_Disable_bookmark_from_listing_and_Article_detail_page" time="79.123" classname="com.mop.qa.test.regression.StraitsTimes_Regression_IOS"/>
  <testcase name="TC_7925_LogIn_ST_Lite_user_should_be_able_to_access_subscribed_article_but_cannot_access_epaper" time="192.328" classname="com.mop.qa.test.regression.StraitsTimes_Regression_IOS"/>
  <testcase name="TC_7934_LogIn_mysph_Login" time="177.245" classname="com.mop.qa.test.regression.StraitsTimes_Regression_IOS"/>
  <testcase name="TC_7903_Discover_Tab" time="78.091" classname="com.mop.qa.test.regression.StraitsTimes_Regression_IOS"/>
  <testcase name="TC_7897_Discover_on_Home_Page" time="470.818" classname="com.mop.qa.test.regression.StraitsTimes_Regression_IOS">
    <failure type="java.lang.Exception" message="discover heading not found">
      <![CDATA[java.lang.Exception: discover heading not found
	at com.mop.qa.testbase.PageBase.click(PageBase.java:1521)
	at com.mop.qa.pageobject.StraitsTimes_IOS.TC_7897_Discover_on_Home_Page(StraitsTimes_IOS.java:2382)
	at com.mop.qa.test.regression.StraitsTimes_Regression_IOS.TC_7897_Discover_on_Home_Page(StraitsTimes_Regression_IOS.java:226)
	at com.mop.qa.testrunner.TestRunner.main(TestRunner.java:167)
... Removed 22 stack frames]]>
    </failure>
  </testcase> <!-- TC_7897_Discover_on_Home_Page -->
  <testcase name="TC_7953_Article_Listing_page_via_Sections_page" time="73.195" classname="com.mop.qa.test.regression.StraitsTimes_Regression_IOS"/>
  <testcase name="TC_7937_Article_Listing_page_via_Sections_page_Article_page" time="94.145" classname="com.mop.qa.test.regression.StraitsTimes_Regression_IOS"/>
  <testcase name="TC_7926_Article_Listing_page_via_Sections_page_videos" time="61.326" classname="com.mop.qa.test.regression.StraitsTimes_Regression_IOS"/>
</testsuite> <!-- StraitsTimes_Regression_IOS-Run1 -->
