<?xml version="1.0" encoding="UTF-8"?>
<testng-results skipped="0" failed="4" ignored="0" total="81" passed="77">
  <reporter-output>
  </reporter-output>
  <suite name="cross_para" duration-ms="0" started-at="2022-09-15T08:03:03Z" finished-at="2022-09-15T08:03:03Z">
    <groups>
    </groups>
  </suite> <!-- cross_para -->
  <suite name="Suite_seq" duration-ms="16102197" started-at="2022-09-15T03:34:41Z" finished-at="2022-09-15T08:03:03Z">
    <groups>
    </groups>
    <test name="App_installation_and_login-Run1" duration-ms="1094577" started-at="2022-09-15T03:34:41Z" finished-at="2022-09-15T03:52:56Z">
      <class name="com.mop.qa.test.regression.App_installation_and_login">
        <test-method status="PASS" signature="startTestReport(org.testng.ITestContext)[pri:0, instance:com.mop.qa.test.regression.App_installation_and_login@6295d394]" name="startTestReport" is-config="true" duration-ms="64723" started-at="2022-09-15T09:04:41Z" finished-at="2022-09-15T09:05:46Z">
          <params>
            <param index="0">
              <value>
                <![CDATA[org.testng.TestRunner@234ff23c]]>
              </value>
            </param>
          </params>
          <reporter-output>
          </reporter-output>
        </test-method> <!-- startTestReport -->
        <test-method status="PASS" signature="beforeMethod(java.lang.reflect.Method)[pri:0, instance:com.mop.qa.test.regression.App_installation_and_login@6295d394]" name="beforeMethod" is-config="true" duration-ms="3" started-at="2022-09-15T09:05:46Z" finished-at="2022-09-15T09:05:46Z">
          <params>
            <param index="0">
              <value>
                <![CDATA[public void com.mop.qa.test.regression.App_installation_and_login.Sprint12_TC_7980_Splash_screen_Verify_user_is_able_to_see_the_splash_screen() throws java.lang.Exception]]>
              </value>
            </param>
          </params>
          <reporter-output>
          </reporter-output>
        </test-method> <!-- beforeMethod -->
        <test-method status="PASS" signature="Sprint12_TC_7980_Splash_screen_Verify_user_is_able_to_see_the_splash_screen()[pri:1, instance:com.mop.qa.test.regression.App_installation_and_login@6295d394]" name="Sprint12_TC_7980_Splash_screen_Verify_user_is_able_to_see_the_splash_screen" duration-ms="186614" started-at="2022-09-15T09:05:46Z" finished-at="2022-09-15T09:08:53Z">
          <reporter-output>
          </reporter-output>
        </test-method> <!-- Sprint12_TC_7980_Splash_screen_Verify_user_is_able_to_see_the_splash_screen -->
        <test-method status="PASS" signature="afterMethod(org.testng.ITestResult)[pri:0, instance:com.mop.qa.test.regression.App_installation_and_login@6295d394]" name="afterMethod" is-config="true" duration-ms="5" started-at="2022-09-15T09:08:53Z" finished-at="2022-09-15T09:08:53Z">
          <params>
            <param index="0">
              <value>
                <![CDATA[[TestResult name=Sprint12_TC_7980_Splash_screen_Verify_user_is_able_to_see_the_splash_screen status=SUCCESS method=App_installation_and_login.Sprint12_TC_7980_Splash_screen_Verify_user_is_able_to_see_the_splash_screen()[pri:1, instance:com.mop.qa.test.regression.App_installation_and_login@6295d394] output={null}]]]>
              </value>
            </param>
          </params>
          <reporter-output>
          </reporter-output>
        </test-method> <!-- afterMethod -->
        <test-method status="PASS" signature="beforeMethod(java.lang.reflect.Method)[pri:0, instance:com.mop.qa.test.regression.App_installation_and_login@6295d394]" name="beforeMethod" is-config="true" duration-ms="0" started-at="2022-09-15T09:08:53Z" finished-at="2022-09-15T09:08:53Z">
          <params>
            <param index="0">
              <value>
                <![CDATA[public void com.mop.qa.test.regression.App_installation_and_login.Sprint12_TC_7931_App_Installation_App_name_should_be_Straits_Times() throws java.lang.Exception]]>
              </value>
            </param>
          </params>
          <reporter-output>
          </reporter-output>
        </test-method> <!-- beforeMethod -->
        <test-method status="PASS" signature="Sprint12_TC_7931_App_Installation_App_name_should_be_Straits_Times()[pri:2, instance:com.mop.qa.test.regression.App_installation_and_login@6295d394]" name="Sprint12_TC_7931_App_Installation_App_name_should_be_Straits_Times" duration-ms="21223" started-at="2022-09-15T09:08:53Z" finished-at="2022-09-15T09:09:14Z">
          <reporter-output>
          </reporter-output>
        </test-method> <!-- Sprint12_TC_7931_App_Installation_App_name_should_be_Straits_Times -->
        <test-method status="PASS" signature="afterMethod(org.testng.ITestResult)[pri:0, instance:com.mop.qa.test.regression.App_installation_and_login@6295d394]" name="afterMethod" is-config="true" duration-ms="1" started-at="2022-09-15T09:09:14Z" finished-at="2022-09-15T09:09:14Z">
          <params>
            <param index="0">
              <value>
                <![CDATA[[TestResult name=Sprint12_TC_7931_App_Installation_App_name_should_be_Straits_Times status=SUCCESS method=App_installation_and_login.Sprint12_TC_7931_App_Installation_App_name_should_be_Straits_Times()[pri:2, instance:com.mop.qa.test.regression.App_installation_and_login@6295d394] output={null}]]]>
              </value>
            </param>
          </params>
          <reporter-output>
          </reporter-output>
        </test-method> <!-- afterMethod -->
        <test-method status="PASS" signature="beforeMethod(java.lang.reflect.Method)[pri:0, instance:com.mop.qa.test.regression.App_installation_and_login@6295d394]" name="beforeMethod" is-config="true" duration-ms="1" started-at="2022-09-15T09:09:14Z" finished-at="2022-09-15T09:09:14Z">
          <params>
            <param index="0">
              <value>
                <![CDATA[public void com.mop.qa.test.regression.App_installation_and_login.Sprint12_TC_7987_Login_MOE_User_Full_subscriber() throws java.lang.Exception]]>
              </value>
            </param>
          </params>
          <reporter-output>
          </reporter-output>
        </test-method> <!-- beforeMethod -->
        <test-method status="PASS" signature="Sprint12_TC_7987_Login_MOE_User_Full_subscriber()[pri:3, instance:com.mop.qa.test.regression.App_installation_and_login@6295d394]" name="Sprint12_TC_7987_Login_MOE_User_Full_subscriber" duration-ms="163823" started-at="2022-09-15T09:09:14Z" finished-at="2022-09-15T09:11:58Z">
          <reporter-output>
          </reporter-output>
        </test-method> <!-- Sprint12_TC_7987_Login_MOE_User_Full_subscriber -->
        <test-method status="PASS" signature="afterMethod(org.testng.ITestResult)[pri:0, instance:com.mop.qa.test.regression.App_installation_and_login@6295d394]" name="afterMethod" is-config="true" duration-ms="1" started-at="2022-09-15T09:11:58Z" finished-at="2022-09-15T09:11:58Z">
          <params>
            <param index="0">
              <value>
                <![CDATA[[TestResult name=Sprint12_TC_7987_Login_MOE_User_Full_subscriber status=SUCCESS method=App_installation_and_login.Sprint12_TC_7987_Login_MOE_User_Full_subscriber()[pri:3, instance:com.mop.qa.test.regression.App_installation_and_login@6295d394] output={null}]]]>
              </value>
            </param>
          </params>
          <reporter-output>
          </reporter-output>
        </test-method> <!-- afterMethod -->
        <test-method status="PASS" signature="Sprint12_TC_7894_Latest_Tab_Should_be_able_to_share()[pri:4, instance:com.mop.qa.test.regression.App_installation_and_login@6295d394]" name="Sprint12_TC_7894_Latest_Tab_Should_be_able_to_share" duration-ms="50629" started-at="2022-09-15T09:11:58Z" finished-at="2022-09-15T09:12:48Z">
          <reporter-output>
          </reporter-output>
        </test-method> <!-- Sprint12_TC_7894_Latest_Tab_Should_be_able_to_share -->
        <test-method status="PASS" signature="beforeMethod(java.lang.reflect.Method)[pri:0, instance:com.mop.qa.test.regression.App_installation_and_login@6295d394]" name="beforeMethod" is-config="true" duration-ms="0" started-at="2022-09-15T09:11:58Z" finished-at="2022-09-15T09:11:58Z">
          <params>
            <param index="0">
              <value>
                <![CDATA[public void com.mop.qa.test.regression.App_installation_and_login.Sprint12_TC_7894_Latest_Tab_Should_be_able_to_share() throws java.lang.Exception]]>
              </value>
            </param>
          </params>
          <reporter-output>
          </reporter-output>
        </test-method> <!-- beforeMethod -->
        <test-method status="PASS" signature="afterMethod(org.testng.ITestResult)[pri:0, instance:com.mop.qa.test.regression.App_installation_and_login@6295d394]" name="afterMethod" is-config="true" duration-ms="3" started-at="2022-09-15T09:12:48Z" finished-at="2022-09-15T09:12:48Z">
          <params>
            <param index="0">
              <value>
                <![CDATA[[TestResult name=Sprint12_TC_7894_Latest_Tab_Should_be_able_to_share status=SUCCESS method=App_installation_and_login.Sprint12_TC_7894_Latest_Tab_Should_be_able_to_share()[pri:4, instance:com.mop.qa.test.regression.App_installation_and_login@6295d394] output={null}]]]>
              </value>
            </param>
          </params>
          <reporter-output>
          </reporter-output>
        </test-method> <!-- afterMethod -->
        <test-method status="PASS" signature="beforeMethod(java.lang.reflect.Method)[pri:0, instance:com.mop.qa.test.regression.App_installation_and_login@6295d394]" name="beforeMethod" is-config="true" duration-ms="1" started-at="2022-09-15T09:12:48Z" finished-at="2022-09-15T09:12:48Z">
          <params>
            <param index="0">
              <value>
                <![CDATA[public void com.mop.qa.test.regression.App_installation_and_login.Sprint12_TC_7965_article_Listing_Page_share_via_author_Share() throws java.lang.Exception]]>
              </value>
            </param>
          </params>
          <reporter-output>
          </reporter-output>
        </test-method> <!-- beforeMethod -->
        <test-method status="PASS" signature="Sprint12_TC_7965_article_Listing_Page_share_via_author_Share()[pri:5, instance:com.mop.qa.test.regression.App_installation_and_login@6295d394]" name="Sprint12_TC_7965_article_Listing_Page_share_via_author_Share" duration-ms="69484" started-at="2022-09-15T09:12:48Z" finished-at="2022-09-15T09:13:58Z">
          <reporter-output>
          </reporter-output>
        </test-method> <!-- Sprint12_TC_7965_article_Listing_Page_share_via_author_Share -->
        <test-method status="PASS" signature="afterMethod(org.testng.ITestResult)[pri:0, instance:com.mop.qa.test.regression.App_installation_and_login@6295d394]" name="afterMethod" is-config="true" duration-ms="1" started-at="2022-09-15T09:13:58Z" finished-at="2022-09-15T09:13:58Z">
          <params>
            <param index="0">
              <value>
                <![CDATA[[TestResult name=Sprint12_TC_7965_article_Listing_Page_share_via_author_Share status=SUCCESS method=App_installation_and_login.Sprint12_TC_7965_article_Listing_Page_share_via_author_Share()[pri:5, instance:com.mop.qa.test.regression.App_installation_and_login@6295d394] output={null}]]]>
              </value>
            </param>
          </params>
          <reporter-output>
          </reporter-output>
        </test-method> <!-- afterMethod -->
        <test-method status="PASS" signature="beforeMethod(java.lang.reflect.Method)[pri:0, instance:com.mop.qa.test.regression.App_installation_and_login@6295d394]" name="beforeMethod" is-config="true" duration-ms="1" started-at="2022-09-15T09:13:58Z" finished-at="2022-09-15T09:13:58Z">
          <params>
            <param index="0">
              <value>
                <![CDATA[public void com.mop.qa.test.regression.App_installation_and_login.Sprint12_TC_7966_Article_listing_page_Via_Elastic_search_Share() throws java.lang.Exception]]>
              </value>
            </param>
          </params>
          <reporter-output>
          </reporter-output>
        </test-method> <!-- beforeMethod -->
        <test-method status="PASS" signature="Sprint12_TC_7966_Article_listing_page_Via_Elastic_search_Share()[pri:6, instance:com.mop.qa.test.regression.App_installation_and_login@6295d394]" name="Sprint12_TC_7966_Article_listing_page_Via_Elastic_search_Share" duration-ms="81164" started-at="2022-09-15T09:13:58Z" finished-at="2022-09-15T09:15:19Z">
          <reporter-output>
          </reporter-output>
        </test-method> <!-- Sprint12_TC_7966_Article_listing_page_Via_Elastic_search_Share -->
        <test-method status="PASS" signature="afterMethod(org.testng.ITestResult)[pri:0, instance:com.mop.qa.test.regression.App_installation_and_login@6295d394]" name="afterMethod" is-config="true" duration-ms="1" started-at="2022-09-15T09:15:19Z" finished-at="2022-09-15T09:15:19Z">
          <params>
            <param index="0">
              <value>
                <![CDATA[[TestResult name=Sprint12_TC_7966_Article_listing_page_Via_Elastic_search_Share status=SUCCESS method=App_installation_and_login.Sprint12_TC_7966_Article_listing_page_Via_Elastic_search_Share()[pri:6, instance:com.mop.qa.test.regression.App_installation_and_login@6295d394] output={null}]]]>
              </value>
            </param>
          </params>
          <reporter-output>
          </reporter-output>
        </test-method> <!-- afterMethod -->
        <test-method status="PASS" signature="beforeMethod(java.lang.reflect.Method)[pri:0, instance:com.mop.qa.test.regression.App_installation_and_login@6295d394]" name="beforeMethod" is-config="true" duration-ms="1" started-at="2022-09-15T09:15:19Z" finished-at="2022-09-15T09:15:19Z">
          <params>
            <param index="0">
              <value>
                <![CDATA[public void com.mop.qa.test.regression.App_installation_and_login.Sprint12_TC_8000_Article_listing_page_Via_Section_pages_Share() throws java.lang.Exception]]>
              </value>
            </param>
          </params>
          <reporter-output>
          </reporter-output>
        </test-method> <!-- beforeMethod -->
        <test-method status="PASS" signature="Sprint12_TC_8000_Article_listing_page_Via_Section_pages_Share()[pri:7, instance:com.mop.qa.test.regression.App_installation_and_login@6295d394]" name="Sprint12_TC_8000_Article_listing_page_Via_Section_pages_Share" duration-ms="91410" started-at="2022-09-15T09:15:19Z" finished-at="2022-09-15T09:16:50Z">
          <reporter-output>
          </reporter-output>
        </test-method> <!-- Sprint12_TC_8000_Article_listing_page_Via_Section_pages_Share -->
        <test-method status="PASS" signature="afterMethod(org.testng.ITestResult)[pri:0, instance:com.mop.qa.test.regression.App_installation_and_login@6295d394]" name="afterMethod" is-config="true" duration-ms="1" started-at="2022-09-15T09:16:50Z" finished-at="2022-09-15T09:16:50Z">
          <params>
            <param index="0">
              <value>
                <![CDATA[[TestResult name=Sprint12_TC_8000_Article_listing_page_Via_Section_pages_Share status=SUCCESS method=App_installation_and_login.Sprint12_TC_8000_Article_listing_page_Via_Section_pages_Share()[pri:7, instance:com.mop.qa.test.regression.App_installation_and_login@6295d394] output={null}]]]>
              </value>
            </param>
          </params>
          <reporter-output>
          </reporter-output>
        </test-method> <!-- afterMethod -->
        <test-method status="PASS" signature="Sprint12_TC_7950_Article_Details_page_Ads()[pri:8, instance:com.mop.qa.test.regression.App_installation_and_login@6295d394]" name="Sprint12_TC_7950_Article_Details_page_Ads" duration-ms="365465" started-at="2022-09-15T09:16:50Z" finished-at="2022-09-15T09:22:56Z">
          <reporter-output>
          </reporter-output>
        </test-method> <!-- Sprint12_TC_7950_Article_Details_page_Ads -->
        <test-method status="PASS" signature="beforeMethod(java.lang.reflect.Method)[pri:0, instance:com.mop.qa.test.regression.App_installation_and_login@6295d394]" name="beforeMethod" is-config="true" duration-ms="0" started-at="2022-09-15T09:16:50Z" finished-at="2022-09-15T09:16:50Z">
          <params>
            <param index="0">
              <value>
                <![CDATA[public void com.mop.qa.test.regression.App_installation_and_login.Sprint12_TC_7950_Article_Details_page_Ads() throws java.lang.Exception]]>
              </value>
            </param>
          </params>
          <reporter-output>
          </reporter-output>
        </test-method> <!-- beforeMethod -->
        <test-method status="PASS" signature="afterMethod(org.testng.ITestResult)[pri:0, instance:com.mop.qa.test.regression.App_installation_and_login@6295d394]" name="afterMethod" is-config="true" duration-ms="2" started-at="2022-09-15T09:22:56Z" finished-at="2022-09-15T09:22:56Z">
          <params>
            <param index="0">
              <value>
                <![CDATA[[TestResult name=Sprint12_TC_7950_Article_Details_page_Ads status=SUCCESS method=App_installation_and_login.Sprint12_TC_7950_Article_Details_page_Ads()[pri:8, instance:com.mop.qa.test.regression.App_installation_and_login@6295d394] output={null}]]]>
              </value>
            </param>
          </params>
          <reporter-output>
          </reporter-output>
        </test-method> <!-- afterMethod -->
      </class> <!-- com.mop.qa.test.regression.App_installation_and_login -->
    </test> <!-- App_installation_and_login-Run1 -->
    <test name="StraitsTimes_Regression_IOS-Run1" duration-ms="3485412" started-at="2022-09-15T03:52:56Z" finished-at="2022-09-15T04:51:01Z">
      <class name="com.mop.qa.test.regression.StraitsTimes_Regression_IOS">
        <test-method status="PASS" signature="startTestReport(org.testng.ITestContext)[pri:0, instance:com.mop.qa.test.regression.StraitsTimes_Regression_IOS@11dc3715]" name="startTestReport" is-config="true" duration-ms="101197" started-at="2022-09-15T09:22:56Z" finished-at="2022-09-15T09:24:37Z">
          <params>
            <param index="0">
              <value>
                <![CDATA[org.testng.TestRunner@27dd801e]]>
              </value>
            </param>
          </params>
          <reporter-output>
          </reporter-output>
        </test-method> <!-- startTestReport -->
        <test-method status="PASS" signature="TC_7909_Tutorials_screen_on_Bookmark_Settings_epaper()[pri:1, instance:com.mop.qa.test.regression.StraitsTimes_Regression_IOS@11dc3715]" name="TC_7909_Tutorials_screen_on_Bookmark_Settings_epaper" duration-ms="164014" started-at="2022-09-15T09:24:37Z" finished-at="2022-09-15T09:27:21Z">
          <reporter-output>
          </reporter-output>
        </test-method> <!-- TC_7909_Tutorials_screen_on_Bookmark_Settings_epaper -->
        <test-method status="PASS" signature="beforeMethod(java.lang.reflect.Method)[pri:0, instance:com.mop.qa.test.regression.StraitsTimes_Regression_IOS@11dc3715]" name="beforeMethod" is-config="true" duration-ms="0" started-at="2022-09-15T09:24:37Z" finished-at="2022-09-15T09:24:37Z">
          <params>
            <param index="0">
              <value>
                <![CDATA[public void com.mop.qa.test.regression.StraitsTimes_Regression_IOS.TC_7909_Tutorials_screen_on_Bookmark_Settings_epaper() throws java.lang.Exception]]>
              </value>
            </param>
          </params>
          <reporter-output>
          </reporter-output>
        </test-method> <!-- beforeMethod -->
        <test-method status="PASS" signature="afterMethod(org.testng.ITestResult)[pri:0, instance:com.mop.qa.test.regression.StraitsTimes_Regression_IOS@11dc3715]" name="afterMethod" is-config="true" duration-ms="1" started-at="2022-09-15T09:27:21Z" finished-at="2022-09-15T09:27:21Z">
          <params>
            <param index="0">
              <value>
                <![CDATA[[TestResult name=TC_7909_Tutorials_screen_on_Bookmark_Settings_epaper status=SUCCESS method=StraitsTimes_Regression_IOS.TC_7909_Tutorials_screen_on_Bookmark_Settings_epaper()[pri:1, instance:com.mop.qa.test.regression.StraitsTimes_Regression_IOS@11dc3715] output={null}]]]>
              </value>
            </param>
          </params>
          <reporter-output>
          </reporter-output>
        </test-method> <!-- afterMethod -->
        <test-method status="PASS" signature="beforeMethod(java.lang.reflect.Method)[pri:0, instance:com.mop.qa.test.regression.StraitsTimes_Regression_IOS@11dc3715]" name="beforeMethod" is-config="true" duration-ms="0" started-at="2022-09-15T09:27:21Z" finished-at="2022-09-15T09:27:21Z">
          <params>
            <param index="0">
              <value>
                <![CDATA[public void com.mop.qa.test.regression.StraitsTimes_Regression_IOS.TC_7899_Bookmark_able_to_bookmark_from_listing_page() throws java.lang.Exception]]>
              </value>
            </param>
          </params>
          <reporter-output>
          </reporter-output>
        </test-method> <!-- beforeMethod -->
        <test-method status="PASS" signature="TC_7899_Bookmark_able_to_bookmark_from_listing_page()[pri:2, instance:com.mop.qa.test.regression.StraitsTimes_Regression_IOS@11dc3715]" name="TC_7899_Bookmark_able_to_bookmark_from_listing_page" duration-ms="87251" started-at="2022-09-15T09:27:21Z" finished-at="2022-09-15T09:28:48Z">
          <reporter-output>
          </reporter-output>
        </test-method> <!-- TC_7899_Bookmark_able_to_bookmark_from_listing_page -->
        <test-method status="PASS" signature="afterMethod(org.testng.ITestResult)[pri:0, instance:com.mop.qa.test.regression.StraitsTimes_Regression_IOS@11dc3715]" name="afterMethod" is-config="true" duration-ms="1" started-at="2022-09-15T09:28:48Z" finished-at="2022-09-15T09:28:48Z">
          <params>
            <param index="0">
              <value>
                <![CDATA[[TestResult name=TC_7899_Bookmark_able_to_bookmark_from_listing_page status=SUCCESS method=StraitsTimes_Regression_IOS.TC_7899_Bookmark_able_to_bookmark_from_listing_page()[pri:2, instance:com.mop.qa.test.regression.StraitsTimes_Regression_IOS@11dc3715] output={null}]]]>
              </value>
            </param>
          </params>
          <reporter-output>
          </reporter-output>
        </test-method> <!-- afterMethod -->
        <test-method status="PASS" signature="beforeMethod(java.lang.reflect.Method)[pri:0, instance:com.mop.qa.test.regression.StraitsTimes_Regression_IOS@11dc3715]" name="beforeMethod" is-config="true" duration-ms="1" started-at="2022-09-15T09:28:48Z" finished-at="2022-09-15T09:28:48Z">
          <params>
            <param index="0">
              <value>
                <![CDATA[public void com.mop.qa.test.regression.StraitsTimes_Regression_IOS.TC_7908_Articles_Details_Scroll_Scrolling_through_articles_and_then_for_any_particular_article_try_to_access_full_article_page() throws java.lang.Exception]]>
              </value>
            </param>
          </params>
          <reporter-output>
          </reporter-output>
        </test-method> <!-- beforeMethod -->
        <test-method status="PASS" signature="TC_7908_Articles_Details_Scroll_Scrolling_through_articles_and_then_for_any_particular_article_try_to_access_full_article_page()[pri:3, instance:com.mop.qa.test.regression.StraitsTimes_Regression_IOS@11dc3715]" name="TC_7908_Articles_Details_Scroll_Scrolling_through_articles_and_then_for_any_particular_article_try_to_access_full_article_page" duration-ms="124548" started-at="2022-09-15T09:28:48Z" finished-at="2022-09-15T09:30:53Z">
          <reporter-output>
          </reporter-output>
        </test-method> <!-- TC_7908_Articles_Details_Scroll_Scrolling_through_articles_and_then_for_any_particular_article_try_to_access_full_article_page -->
        <test-method status="PASS" signature="afterMethod(org.testng.ITestResult)[pri:0, instance:com.mop.qa.test.regression.StraitsTimes_Regression_IOS@11dc3715]" name="afterMethod" is-config="true" duration-ms="1" started-at="2022-09-15T09:30:53Z" finished-at="2022-09-15T09:30:53Z">
          <params>
            <param index="0">
              <value>
                <![CDATA[[TestResult name=TC_7908_Articles_Details_Scroll_Scrolling_through_articles_and_then_for_any_particular_article_try_to_access_full_article_page status=SUCCESS method=StraitsTimes_Regression_IOS.TC_7908_Articles_Details_Scroll_Scrolling_through_articles_and_then_for_any_particular_article_try_to_access_full_article_page()[pri:3, instance:com.mop.qa.test.regression.StraitsTimes_Regression_IOS@11dc3715] output={null}]]]>
              </value>
            </param>
          </params>
          <reporter-output>
          </reporter-output>
        </test-method> <!-- afterMethod -->
        <test-method status="PASS" signature="beforeMethod(java.lang.reflect.Method)[pri:0, instance:com.mop.qa.test.regression.StraitsTimes_Regression_IOS@11dc3715]" name="beforeMethod" is-config="true" duration-ms="0" started-at="2022-09-15T09:30:53Z" finished-at="2022-09-15T09:30:53Z">
          <params>
            <param index="0">
              <value>
                <![CDATA[public void com.mop.qa.test.regression.StraitsTimes_Regression_IOS.TC_7919_Article_listing_page_Via_Elastic_search_Article_page() throws java.lang.Exception]]>
              </value>
            </param>
          </params>
          <reporter-output>
          </reporter-output>
        </test-method> <!-- beforeMethod -->
        <test-method status="PASS" signature="TC_7919_Article_listing_page_Via_Elastic_search_Article_page()[pri:4, instance:com.mop.qa.test.regression.StraitsTimes_Regression_IOS@11dc3715]" name="TC_7919_Article_listing_page_Via_Elastic_search_Article_page" duration-ms="109183" started-at="2022-09-15T09:30:53Z" finished-at="2022-09-15T09:32:42Z">
          <reporter-output>
          </reporter-output>
        </test-method> <!-- TC_7919_Article_listing_page_Via_Elastic_search_Article_page -->
        <test-method status="PASS" signature="afterMethod(org.testng.ITestResult)[pri:0, instance:com.mop.qa.test.regression.StraitsTimes_Regression_IOS@11dc3715]" name="afterMethod" is-config="true" duration-ms="2" started-at="2022-09-15T09:32:42Z" finished-at="2022-09-15T09:32:42Z">
          <params>
            <param index="0">
              <value>
                <![CDATA[[TestResult name=TC_7919_Article_listing_page_Via_Elastic_search_Article_page status=SUCCESS method=StraitsTimes_Regression_IOS.TC_7919_Article_listing_page_Via_Elastic_search_Article_page()[pri:4, instance:com.mop.qa.test.regression.StraitsTimes_Regression_IOS@11dc3715] output={null}]]]>
              </value>
            </param>
          </params>
          <reporter-output>
          </reporter-output>
        </test-method> <!-- afterMethod -->
        <test-method status="PASS" signature="beforeMethod(java.lang.reflect.Method)[pri:0, instance:com.mop.qa.test.regression.StraitsTimes_Regression_IOS@11dc3715]" name="beforeMethod" is-config="true" duration-ms="1" started-at="2022-09-15T09:32:42Z" finished-at="2022-09-15T09:32:42Z">
          <params>
            <param index="0">
              <value>
                <![CDATA[public void com.mop.qa.test.regression.StraitsTimes_Regression_IOS.TC_7920_ePaper_User_should_be_asked_to_login_to_view_epaper() throws java.lang.Exception]]>
              </value>
            </param>
          </params>
          <reporter-output>
          </reporter-output>
        </test-method> <!-- beforeMethod -->
        <test-method status="PASS" signature="TC_7920_ePaper_User_should_be_asked_to_login_to_view_epaper()[pri:5, instance:com.mop.qa.test.regression.StraitsTimes_Regression_IOS@11dc3715]" name="TC_7920_ePaper_User_should_be_asked_to_login_to_view_epaper" duration-ms="42838" started-at="2022-09-15T09:32:42Z" finished-at="2022-09-15T09:33:25Z">
          <reporter-output>
          </reporter-output>
        </test-method> <!-- TC_7920_ePaper_User_should_be_asked_to_login_to_view_epaper -->
        <test-method status="PASS" signature="afterMethod(org.testng.ITestResult)[pri:0, instance:com.mop.qa.test.regression.StraitsTimes_Regression_IOS@11dc3715]" name="afterMethod" is-config="true" duration-ms="2" started-at="2022-09-15T09:33:25Z" finished-at="2022-09-15T09:33:25Z">
          <params>
            <param index="0">
              <value>
                <![CDATA[[TestResult name=TC_7920_ePaper_User_should_be_asked_to_login_to_view_epaper status=SUCCESS method=StraitsTimes_Regression_IOS.TC_7920_ePaper_User_should_be_asked_to_login_to_view_epaper()[pri:5, instance:com.mop.qa.test.regression.StraitsTimes_Regression_IOS@11dc3715] output={null}]]]>
              </value>
            </param>
          </params>
          <reporter-output>
          </reporter-output>
        </test-method> <!-- afterMethod -->
        <test-method status="PASS" signature="beforeMethod(java.lang.reflect.Method)[pri:0, instance:com.mop.qa.test.regression.StraitsTimes_Regression_IOS@11dc3715]" name="beforeMethod" is-config="true" duration-ms="0" started-at="2022-09-15T09:33:25Z" finished-at="2022-09-15T09:33:25Z">
          <params>
            <param index="0">
              <value>
                <![CDATA[public void com.mop.qa.test.regression.StraitsTimes_Regression_IOS.TC_7923_Articles_Details_Scroll_Verify_article_scroll() throws java.lang.Exception]]>
              </value>
            </param>
          </params>
          <reporter-output>
          </reporter-output>
        </test-method> <!-- beforeMethod -->
        <test-method status="FAIL" signature="TC_7923_Articles_Details_Scroll_Verify_article_scroll()[pri:6, instance:com.mop.qa.test.regression.StraitsTimes_Regression_IOS@11dc3715]" name="TC_7923_Articles_Details_Scroll_Verify_article_scroll" duration-ms="45107" started-at="2022-09-15T09:33:25Z" finished-at="2022-09-15T09:34:10Z">
          <exception class="java.lang.Exception">
            <message>
              <![CDATA[home not found]]>
            </message>
            <full-stacktrace>
              <![CDATA[java.lang.Exception: home not found
	at com.mop.qa.testbase.PageBase.click(PageBase.java:1521)
	at com.mop.qa.pageobject.StraitsTimes_IOS.TC_7923_Articles_Details_Scroll_Verify_article_scroll(StraitsTimes_IOS.java:2863)
	at com.mop.qa.test.regression.StraitsTimes_Regression_IOS.TC_7923_Articles_Details_Scroll_Verify_article_scroll(StraitsTimes_Regression_IOS.java:67)
	at sun.reflect.NativeMethodAccessorImpl.invoke0(Native Method)
	at sun.reflect.NativeMethodAccessorImpl.invoke(NativeMethodAccessorImpl.java:62)
	at sun.reflect.DelegatingMethodAccessorImpl.invoke(DelegatingMethodAccessorImpl.java:43)
	at java.lang.reflect.Method.invoke(Method.java:498)
	at org.testng.internal.MethodInvocationHelper.invokeMethod(MethodInvocationHelper.java:104)
	at org.testng.internal.Invoker.invokeMethod(Invoker.java:645)
	at org.testng.internal.Invoker.invokeTestMethod(Invoker.java:851)
	at org.testng.internal.Invoker.invokeTestMethods(Invoker.java:1177)
	at org.testng.internal.TestMethodWorker.invokeTestMethods(TestMethodWorker.java:129)
	at org.testng.internal.TestMethodWorker.run(TestMethodWorker.java:112)
	at org.testng.TestRunner.privateRun(TestRunner.java:756)
	at org.testng.TestRunner.run(TestRunner.java:610)
	at org.testng.SuiteRunner.runTest(SuiteRunner.java:387)
	at org.testng.SuiteRunner.runSequentially(SuiteRunner.java:382)
	at org.testng.SuiteRunner.privateRun(SuiteRunner.java:340)
	at org.testng.SuiteRunner.run(SuiteRunner.java:289)
	at org.testng.SuiteRunnerWorker.runSuite(SuiteRunnerWorker.java:52)
	at org.testng.SuiteRunnerWorker.run(SuiteRunnerWorker.java:86)
	at org.testng.TestNG.runSuitesSequentially(TestNG.java:1293)
	at org.testng.TestNG.runSuitesLocally(TestNG.java:1218)
	at org.testng.TestNG.runSuites(TestNG.java:1133)
	at org.testng.TestNG.run(TestNG.java:1104)
	at com.mop.qa.testrunner.TestRunner.main(TestRunner.java:167)
]]>
            </full-stacktrace>
          </exception> <!-- java.lang.Exception -->
          <reporter-output>
          </reporter-output>
        </test-method> <!-- TC_7923_Articles_Details_Scroll_Verify_article_scroll -->
        <test-method status="PASS" signature="afterMethod(org.testng.ITestResult)[pri:0, instance:com.mop.qa.test.regression.StraitsTimes_Regression_IOS@11dc3715]" name="afterMethod" is-config="true" duration-ms="12" started-at="2022-09-15T09:34:10Z" finished-at="2022-09-15T09:34:10Z">
          <params>
            <param index="0">
              <value>
                <![CDATA[[TestResult name=TC_7923_Articles_Details_Scroll_Verify_article_scroll status=FAILURE method=StraitsTimes_Regression_IOS.TC_7923_Articles_Details_Scroll_Verify_article_scroll()[pri:6, instance:com.mop.qa.test.regression.StraitsTimes_Regression_IOS@11dc3715] output={null}]]]>
              </value>
            </param>
          </params>
          <reporter-output>
          </reporter-output>
        </test-method> <!-- afterMethod -->
        <test-method status="PASS" signature="beforeMethod(java.lang.reflect.Method)[pri:0, instance:com.mop.qa.test.regression.StraitsTimes_Regression_IOS@11dc3715]" name="beforeMethod" is-config="true" duration-ms="0" started-at="2022-09-15T09:34:10Z" finished-at="2022-09-15T09:34:10Z">
          <params>
            <param index="0">
              <value>
                <![CDATA[public void com.mop.qa.test.regression.StraitsTimes_Regression_IOS.TC_7927_ePaper_Delete_downloaded_epaper() throws java.lang.Exception]]>
              </value>
            </param>
          </params>
          <reporter-output>
          </reporter-output>
        </test-method> <!-- beforeMethod -->
        <test-method status="PASS" signature="TC_7927_ePaper_Delete_downloaded_epaper()[pri:7, instance:com.mop.qa.test.regression.StraitsTimes_Regression_IOS@11dc3715]" name="TC_7927_ePaper_Delete_downloaded_epaper" duration-ms="25090" started-at="2022-09-15T09:34:10Z" finished-at="2022-09-15T09:34:35Z">
          <reporter-output>
          </reporter-output>
        </test-method> <!-- TC_7927_ePaper_Delete_downloaded_epaper -->
        <test-method status="PASS" signature="afterMethod(org.testng.ITestResult)[pri:0, instance:com.mop.qa.test.regression.StraitsTimes_Regression_IOS@11dc3715]" name="afterMethod" is-config="true" duration-ms="1" started-at="2022-09-15T09:34:35Z" finished-at="2022-09-15T09:34:35Z">
          <params>
            <param index="0">
              <value>
                <![CDATA[[TestResult name=TC_7927_ePaper_Delete_downloaded_epaper status=SUCCESS method=StraitsTimes_Regression_IOS.TC_7927_ePaper_Delete_downloaded_epaper()[pri:7, instance:com.mop.qa.test.regression.StraitsTimes_Regression_IOS@11dc3715] output={null}]]]>
              </value>
            </param>
          </params>
          <reporter-output>
          </reporter-output>
        </test-method> <!-- afterMethod -->
        <test-method status="PASS" signature="beforeMethod(java.lang.reflect.Method)[pri:0, instance:com.mop.qa.test.regression.StraitsTimes_Regression_IOS@11dc3715]" name="beforeMethod" is-config="true" duration-ms="2" started-at="2022-09-15T09:34:35Z" finished-at="2022-09-15T09:34:35Z">
          <params>
            <param index="0">
              <value>
                <![CDATA[public void com.mop.qa.test.regression.StraitsTimes_Regression_IOS.TC_7928_Article_listing_page_Via_Elastic_search_keyword_search_Recent() throws java.lang.Exception]]>
              </value>
            </param>
          </params>
          <reporter-output>
          </reporter-output>
        </test-method> <!-- beforeMethod -->
        <test-method status="PASS" signature="TC_7928_Article_listing_page_Via_Elastic_search_keyword_search_Recent()[pri:8, instance:com.mop.qa.test.regression.StraitsTimes_Regression_IOS@11dc3715]" name="TC_7928_Article_listing_page_Via_Elastic_search_keyword_search_Recent" duration-ms="135116" started-at="2022-09-15T09:34:35Z" finished-at="2022-09-15T09:36:50Z">
          <reporter-output>
          </reporter-output>
        </test-method> <!-- TC_7928_Article_listing_page_Via_Elastic_search_keyword_search_Recent -->
        <test-method status="PASS" signature="afterMethod(org.testng.ITestResult)[pri:0, instance:com.mop.qa.test.regression.StraitsTimes_Regression_IOS@11dc3715]" name="afterMethod" is-config="true" duration-ms="2" started-at="2022-09-15T09:36:50Z" finished-at="2022-09-15T09:36:50Z">
          <params>
            <param index="0">
              <value>
                <![CDATA[[TestResult name=TC_7928_Article_listing_page_Via_Elastic_search_keyword_search_Recent status=SUCCESS method=StraitsTimes_Regression_IOS.TC_7928_Article_listing_page_Via_Elastic_search_keyword_search_Recent()[pri:8, instance:com.mop.qa.test.regression.StraitsTimes_Regression_IOS@11dc3715] output={null}]]]>
              </value>
            </param>
          </params>
          <reporter-output>
          </reporter-output>
        </test-method> <!-- afterMethod -->
        <test-method status="PASS" signature="beforeMethod(java.lang.reflect.Method)[pri:0, instance:com.mop.qa.test.regression.StraitsTimes_Regression_IOS@11dc3715]" name="beforeMethod" is-config="true" duration-ms="1" started-at="2022-09-15T09:36:50Z" finished-at="2022-09-15T09:36:50Z">
          <params>
            <param index="0">
              <value>
                <![CDATA[public void com.mop.qa.test.regression.StraitsTimes_Regression_IOS.TC_7933_Article_listing_page_Via_Elastic_search_Recent_searches() throws java.lang.Exception]]>
              </value>
            </param>
          </params>
          <reporter-output>
          </reporter-output>
        </test-method> <!-- beforeMethod -->
        <test-method status="PASS" signature="TC_7933_Article_listing_page_Via_Elastic_search_Recent_searches()[pri:9, instance:com.mop.qa.test.regression.StraitsTimes_Regression_IOS@11dc3715]" name="TC_7933_Article_listing_page_Via_Elastic_search_Recent_searches" duration-ms="157256" started-at="2022-09-15T09:36:50Z" finished-at="2022-09-15T09:39:27Z">
          <reporter-output>
          </reporter-output>
        </test-method> <!-- TC_7933_Article_listing_page_Via_Elastic_search_Recent_searches -->
        <test-method status="PASS" signature="afterMethod(org.testng.ITestResult)[pri:0, instance:com.mop.qa.test.regression.StraitsTimes_Regression_IOS@11dc3715]" name="afterMethod" is-config="true" duration-ms="2" started-at="2022-09-15T09:39:27Z" finished-at="2022-09-15T09:39:27Z">
          <params>
            <param index="0">
              <value>
                <![CDATA[[TestResult name=TC_7933_Article_listing_page_Via_Elastic_search_Recent_searches status=SUCCESS method=StraitsTimes_Regression_IOS.TC_7933_Article_listing_page_Via_Elastic_search_Recent_searches()[pri:9, instance:com.mop.qa.test.regression.StraitsTimes_Regression_IOS@11dc3715] output={null}]]]>
              </value>
            </param>
          </params>
          <reporter-output>
          </reporter-output>
        </test-method> <!-- afterMethod -->
        <test-method status="PASS" signature="beforeMethod(java.lang.reflect.Method)[pri:0, instance:com.mop.qa.test.regression.StraitsTimes_Regression_IOS@11dc3715]" name="beforeMethod" is-config="true" duration-ms="1" started-at="2022-09-15T09:39:27Z" finished-at="2022-09-15T09:39:27Z">
          <params>
            <param index="0">
              <value>
                <![CDATA[public void com.mop.qa.test.regression.StraitsTimes_Regression_IOS.TC_7942_ePaper_user_should_be_able_to_download_epaper() throws java.lang.Exception]]>
              </value>
            </param>
          </params>
          <reporter-output>
          </reporter-output>
        </test-method> <!-- beforeMethod -->
        <test-method status="PASS" signature="TC_7942_ePaper_user_should_be_able_to_download_epaper()[pri:10, instance:com.mop.qa.test.regression.StraitsTimes_Regression_IOS@11dc3715]" name="TC_7942_ePaper_user_should_be_able_to_download_epaper" duration-ms="135852" started-at="2022-09-15T09:39:27Z" finished-at="2022-09-15T09:41:43Z">
          <reporter-output>
          </reporter-output>
        </test-method> <!-- TC_7942_ePaper_user_should_be_able_to_download_epaper -->
        <test-method status="PASS" signature="afterMethod(org.testng.ITestResult)[pri:0, instance:com.mop.qa.test.regression.StraitsTimes_Regression_IOS@11dc3715]" name="afterMethod" is-config="true" duration-ms="4" started-at="2022-09-15T09:41:43Z" finished-at="2022-09-15T09:41:43Z">
          <params>
            <param index="0">
              <value>
                <![CDATA[[TestResult name=TC_7942_ePaper_user_should_be_able_to_download_epaper status=SUCCESS method=StraitsTimes_Regression_IOS.TC_7942_ePaper_user_should_be_able_to_download_epaper()[pri:10, instance:com.mop.qa.test.regression.StraitsTimes_Regression_IOS@11dc3715] output={null}]]]>
              </value>
            </param>
          </params>
          <reporter-output>
          </reporter-output>
        </test-method> <!-- afterMethod -->
        <test-method status="PASS" signature="beforeMethod(java.lang.reflect.Method)[pri:0, instance:com.mop.qa.test.regression.StraitsTimes_Regression_IOS@11dc3715]" name="beforeMethod" is-config="true" duration-ms="0" started-at="2022-09-15T09:41:43Z" finished-at="2022-09-15T09:41:43Z">
          <params>
            <param index="0">
              <value>
                <![CDATA[public void com.mop.qa.test.regression.StraitsTimes_Regression_IOS.TC_7946_Article_listing_page_Via_Elastic_search_Search_by_keyword() throws java.lang.Exception]]>
              </value>
            </param>
          </params>
          <reporter-output>
          </reporter-output>
        </test-method> <!-- beforeMethod -->
        <test-method status="PASS" signature="TC_7946_Article_listing_page_Via_Elastic_search_Search_by_keyword()[pri:11, instance:com.mop.qa.test.regression.StraitsTimes_Regression_IOS@11dc3715]" name="TC_7946_Article_listing_page_Via_Elastic_search_Search_by_keyword" duration-ms="99030" started-at="2022-09-15T09:41:43Z" finished-at="2022-09-15T09:43:22Z">
          <reporter-output>
          </reporter-output>
        </test-method> <!-- TC_7946_Article_listing_page_Via_Elastic_search_Search_by_keyword -->
        <test-method status="PASS" signature="beforeMethod(java.lang.reflect.Method)[pri:0, instance:com.mop.qa.test.regression.StraitsTimes_Regression_IOS@11dc3715]" name="beforeMethod" is-config="true" duration-ms="0" started-at="2022-09-15T09:43:22Z" finished-at="2022-09-15T09:43:22Z">
          <params>
            <param index="0">
              <value>
                <![CDATA[public void com.mop.qa.test.regression.StraitsTimes_Regression_IOS.TC_7947_Article_listing_page_Via_Elastic_search_Search_by_article_headline() throws java.lang.Exception]]>
              </value>
            </param>
          </params>
          <reporter-output>
          </reporter-output>
        </test-method> <!-- beforeMethod -->
        <test-method status="PASS" signature="TC_7947_Article_listing_page_Via_Elastic_search_Search_by_article_headline()[pri:12, instance:com.mop.qa.test.regression.StraitsTimes_Regression_IOS@11dc3715]" name="TC_7947_Article_listing_page_Via_Elastic_search_Search_by_article_headline" duration-ms="114313" started-at="2022-09-15T09:43:22Z" finished-at="2022-09-15T09:45:17Z">
          <reporter-output>
          </reporter-output>
        </test-method> <!-- TC_7947_Article_listing_page_Via_Elastic_search_Search_by_article_headline -->
        <test-method status="PASS" signature="afterMethod(org.testng.ITestResult)[pri:0, instance:com.mop.qa.test.regression.StraitsTimes_Regression_IOS@11dc3715]" name="afterMethod" is-config="true" duration-ms="0" started-at="2022-09-15T09:43:22Z" finished-at="2022-09-15T09:43:22Z">
          <params>
            <param index="0">
              <value>
                <![CDATA[[TestResult name=TC_7946_Article_listing_page_Via_Elastic_search_Search_by_keyword status=SUCCESS method=StraitsTimes_Regression_IOS.TC_7946_Article_listing_page_Via_Elastic_search_Search_by_keyword()[pri:11, instance:com.mop.qa.test.regression.StraitsTimes_Regression_IOS@11dc3715] output={null}]]]>
              </value>
            </param>
          </params>
          <reporter-output>
          </reporter-output>
        </test-method> <!-- afterMethod -->
        <test-method status="PASS" signature="afterMethod(org.testng.ITestResult)[pri:0, instance:com.mop.qa.test.regression.StraitsTimes_Regression_IOS@11dc3715]" name="afterMethod" is-config="true" duration-ms="1" started-at="2022-09-15T09:45:17Z" finished-at="2022-09-15T09:45:17Z">
          <params>
            <param index="0">
              <value>
                <![CDATA[[TestResult name=TC_7947_Article_listing_page_Via_Elastic_search_Search_by_article_headline status=SUCCESS method=StraitsTimes_Regression_IOS.TC_7947_Article_listing_page_Via_Elastic_search_Search_by_article_headline()[pri:12, instance:com.mop.qa.test.regression.StraitsTimes_Regression_IOS@11dc3715] output={null}]]]>
              </value>
            </param>
          </params>
          <reporter-output>
          </reporter-output>
        </test-method> <!-- afterMethod -->
        <test-method status="FAIL" signature="TC_7954_Article_listing_page_Via_Elastic_search_Recent_searches_Delete()[pri:13, instance:com.mop.qa.test.regression.StraitsTimes_Regression_IOS@11dc3715]" name="TC_7954_Article_listing_page_Via_Elastic_search_Recent_searches_Delete" duration-ms="56729" started-at="2022-09-15T09:45:17Z" finished-at="2022-09-15T09:46:13Z">
          <exception class="org.openqa.selenium.WebDriverException">
            <message>
              <![CDATA[unknown error (An unknown server-side error occurred. status='false'. Failed to complete internal method: 'elementSendText args: [NATIVE, xpath=(//*[@placeholder='Search The Straits Times?'])[1], 0, google
]', details: Failed to send text to 'xpath=(//*[@placeholder='Search The Straits Times?'])[1]'. Error Domain=XCTDaemonErrorDomain Code=21 "Unable to perform 
<XCSynthesizedEventRecord 'tap display 0'>
Path 1:
	
Touch down at 172.0, 71.0, offset=0.00s
	Touch up at 172.0, 71.0, offset=0.05s, only one gesture can be performed at a time." UserInfo={NSLocalizedDescription=Unable to perform 

<XCSynthesizedEventRecord 'tap display 0'>
Path 1:
	Touch down at 172.0, 71.0, offset=0.00s
	Touch up at 172.0, 71.0, offset=0.05s, only one gesture can be performed at a time.}
)  (WARNING: The server did not provide any stacktrace information)
Command duration or timeout: 0 milliseconds
Build info: version: '3.12.0', revision: '7c6e0b3', time: '2018-05-08T14:04:26.12Z'
System info: host: 'LTIN184808', ip: '192.168.0.73', os.name: 'Windows 10', os.arch: 'amd64', os.version: '10.0', java.version: '1.8.0_291'
Driver info: io.appium.java_client.ios.IOSDriver
Capabilities {appBuildVersion: 4, appReleaseVersion: 9.6.4, appiumVersion: 1.8.0, applicationClearData: false, autoAcceptAlerts: false, autoDismissAlerts: false, autoGrantPermissions: false, autoWebview: false, automationName: XCUITest, bundleId: com.sph.stiPhone, commandTimeouts: 120000, desired: {bundleId: com.sph.stiPhone, deviceQuery: @serialNumber='00008030-000..., instrumentApp: false, noReset: true, platformName: iOS}, device.category: PHONE, device.majorVersion: 16, device.manufacture: Apple, device.model: iPhone 11 Pro, device.name: iPhone 11 Pro SPH-0015, device.os: iOS, device.screenSize: 1125x2436, device.serialNumber: 00008030-0002548A2298802E, device.version: 16.0, deviceQuery: @serialNumber='00008030-000..., deviceUDID: 00008030-0002548A2298802E, dontGoHomeOnQuit: false, dontStopAppOnReset: false, ehmPrefixUrl: /agent-2, ehmUrl: https://sph.experitest.com:..., fullReset: false, gridNodePort: 7816, install.only.for.update: false, installOnlyForUpdate: false, instrumentApp: false, javascriptEnabled: true, keystorePath: ~/.android/debug.keystore, locationServicesAuthorized: false, newSessionWaitTimeout: 600.0, noReset: true, platform: IOS, platformName: iOS, projectName: , reportDirectory: reports, reportFormat: xml, reportTestId: 134634.0, reportUrl: https://sph.experitest.com:..., reservationDuration: 240.0, takeScreenshots: true, test.type: Mobile, testName: mobile test 09/15/22 03:54 AM, udid: 00008030-0002548A2298802E, useKeystore: false, waitForDeviceTimeout: 120000.0}
Session ID: CLOUD-SID:2022-09-15_03-35-09-759d3047-5679-4b8e-8851-fe83d8792fd7]]>
            </message>
            <full-stacktrace>
              <![CDATA[org.openqa.selenium.WebDriverException: unknown error (An unknown server-side error occurred. status='false'. Failed to complete internal method: 'elementSendText args: [NATIVE, xpath=(//*[@placeholder='Search The Straits Times?'])[1], 0, google
]', details: Failed to send text to 'xpath=(//*[@placeholder='Search The Straits Times?'])[1]'. Error Domain=XCTDaemonErrorDomain Code=21 "Unable to perform 
<XCSynthesizedEventRecord 'tap display 0'>
Path 1:
	
Touch down at 172.0, 71.0, offset=0.00s
	Touch up at 172.0, 71.0, offset=0.05s, only one gesture can be performed at a time." UserInfo={NSLocalizedDescription=Unable to perform 

<XCSynthesizedEventRecord 'tap display 0'>
Path 1:
	Touch down at 172.0, 71.0, offset=0.00s
	Touch up at 172.0, 71.0, offset=0.05s, only one gesture can be performed at a time.}
)  (WARNING: The server did not provide any stacktrace information)
Command duration or timeout: 0 milliseconds
Build info: version: '3.12.0', revision: '7c6e0b3', time: '2018-05-08T14:04:26.12Z'
System info: host: 'LTIN184808', ip: '192.168.0.73', os.name: 'Windows 10', os.arch: 'amd64', os.version: '10.0', java.version: '1.8.0_291'
Driver info: io.appium.java_client.ios.IOSDriver
Capabilities {appBuildVersion: 4, appReleaseVersion: 9.6.4, appiumVersion: 1.8.0, applicationClearData: false, autoAcceptAlerts: false, autoDismissAlerts: false, autoGrantPermissions: false, autoWebview: false, automationName: XCUITest, bundleId: com.sph.stiPhone, commandTimeouts: 120000, desired: {bundleId: com.sph.stiPhone, deviceQuery: @serialNumber='00008030-000..., instrumentApp: false, noReset: true, platformName: iOS}, device.category: PHONE, device.majorVersion: 16, device.manufacture: Apple, device.model: iPhone 11 Pro, device.name: iPhone 11 Pro SPH-0015, device.os: iOS, device.screenSize: 1125x2436, device.serialNumber: 00008030-0002548A2298802E, device.version: 16.0, deviceQuery: @serialNumber='00008030-000..., deviceUDID: 00008030-0002548A2298802E, dontGoHomeOnQuit: false, dontStopAppOnReset: false, ehmPrefixUrl: /agent-2, ehmUrl: https://sph.experitest.com:..., fullReset: false, gridNodePort: 7816, install.only.for.update: false, installOnlyForUpdate: false, instrumentApp: false, javascriptEnabled: true, keystorePath: ~/.android/debug.keystore, locationServicesAuthorized: false, newSessionWaitTimeout: 600.0, noReset: true, platform: IOS, platformName: iOS, projectName: , reportDirectory: reports, reportFormat: xml, reportTestId: 134634.0, reportUrl: https://sph.experitest.com:..., reservationDuration: 240.0, takeScreenshots: true, test.type: Mobile, testName: mobile test 09/15/22 03:54 AM, udid: 00008030-0002548A2298802E, useKeystore: false, waitForDeviceTimeout: 120000.0}
Session ID: CLOUD-SID:2022-09-15_03-35-09-759d3047-5679-4b8e-8851-fe83d8792fd7
	at sun.reflect.NativeConstructorAccessorImpl.newInstance0(Native Method)
	at sun.reflect.NativeConstructorAccessorImpl.newInstance(NativeConstructorAccessorImpl.java:62)
	at sun.reflect.DelegatingConstructorAccessorImpl.newInstance(DelegatingConstructorAccessorImpl.java:45)
	at java.lang.reflect.Constructor.newInstance(Constructor.java:423)
	at org.openqa.selenium.remote.ErrorHandler.createThrowable(ErrorHandler.java:214)
	at org.openqa.selenium.remote.ErrorHandler.throwIfResponseFailed(ErrorHandler.java:166)
	at org.openqa.selenium.remote.http.JsonHttpResponseCodec.reconstructValue(JsonHttpResponseCodec.java:40)
	at org.openqa.selenium.remote.http.AbstractHttpResponseCodec.decode(AbstractHttpResponseCodec.java:80)
	at org.openqa.selenium.remote.http.AbstractHttpResponseCodec.decode(AbstractHttpResponseCodec.java:44)
	at org.openqa.selenium.remote.HttpCommandExecutor.execute(HttpCommandExecutor.java:158)
	at io.appium.java_client.remote.AppiumCommandExecutor.execute(AppiumCommandExecutor.java:231)
	at org.openqa.selenium.remote.RemoteWebDriver.execute(RemoteWebDriver.java:543)
	at io.appium.java_client.DefaultGenericMobileDriver.execute(DefaultGenericMobileDriver.java:42)
	at io.appium.java_client.AppiumDriver.execute(AppiumDriver.java:1)
	at io.appium.java_client.ios.IOSDriver.execute(IOSDriver.java:1)
	at org.openqa.selenium.remote.RemoteWebElement.execute(RemoteWebElement.java:276)
	at io.appium.java_client.DefaultGenericMobileElement.execute(DefaultGenericMobileElement.java:45)
	at io.appium.java_client.MobileElement.execute(MobileElement.java:1)
	at io.appium.java_client.ios.IOSElement.execute(IOSElement.java:1)
	at org.openqa.selenium.remote.RemoteWebElement.sendKeys(RemoteWebElement.java:100)
	at sun.reflect.NativeMethodAccessorImpl.invoke0(Native Method)
	at sun.reflect.NativeMethodAccessorImpl.invoke(NativeMethodAccessorImpl.java:62)
	at sun.reflect.DelegatingMethodAccessorImpl.invoke(DelegatingMethodAccessorImpl.java:43)
	at java.lang.reflect.Method.invoke(Method.java:498)
	at org.openqa.selenium.support.pagefactory.internal.LocatingElementHandler.invoke(LocatingElementHandler.java:51)
	at com.sun.proxy.$Proxy10.sendKeys(Unknown Source)
	at com.mop.qa.pageobject.StraitsTimes_IOS.TC_7954_Article_listing_page_Via_Elastic_search_Recent_searches_Delete(StraitsTimes_IOS.java:2703)
	at com.mop.qa.test.regression.StraitsTimes_Regression_IOS.TC_7954_Article_listing_page_Via_Elastic_search_Recent_searches_Delete(StraitsTimes_Regression_IOS.java:130)
	at sun.reflect.NativeMethodAccessorImpl.invoke0(Native Method)
	at sun.reflect.NativeMethodAccessorImpl.invoke(NativeMethodAccessorImpl.java:62)
	at sun.reflect.DelegatingMethodAccessorImpl.invoke(DelegatingMethodAccessorImpl.java:43)
	at java.lang.reflect.Method.invoke(Method.java:498)
	at org.testng.internal.MethodInvocationHelper.invokeMethod(MethodInvocationHelper.java:104)
	at org.testng.internal.Invoker.invokeMethod(Invoker.java:645)
	at org.testng.internal.Invoker.invokeTestMethod(Invoker.java:851)
	at org.testng.internal.Invoker.invokeTestMethods(Invoker.java:1177)
	at org.testng.internal.TestMethodWorker.invokeTestMethods(TestMethodWorker.java:129)
	at org.testng.internal.TestMethodWorker.run(TestMethodWorker.java:112)
	at org.testng.TestRunner.privateRun(TestRunner.java:756)
	at org.testng.TestRunner.run(TestRunner.java:610)
	at org.testng.SuiteRunner.runTest(SuiteRunner.java:387)
	at org.testng.SuiteRunner.runSequentially(SuiteRunner.java:382)
	at org.testng.SuiteRunner.privateRun(SuiteRunner.java:340)
	at org.testng.SuiteRunner.run(SuiteRunner.java:289)
	at org.testng.SuiteRunnerWorker.runSuite(SuiteRunnerWorker.java:52)
	at org.testng.SuiteRunnerWorker.run(SuiteRunnerWorker.java:86)
	at org.testng.TestNG.runSuitesSequentially(TestNG.java:1293)
	at org.testng.TestNG.runSuitesLocally(TestNG.java:1218)
	at org.testng.TestNG.runSuites(TestNG.java:1133)
	at org.testng.TestNG.run(TestNG.java:1104)
	at com.mop.qa.testrunner.TestRunner.main(TestRunner.java:167)
]]>
            </full-stacktrace>
          </exception> <!-- org.openqa.selenium.WebDriverException -->
          <reporter-output>
          </reporter-output>
        </test-method> <!-- TC_7954_Article_listing_page_Via_Elastic_search_Recent_searches_Delete -->
        <test-method status="PASS" signature="beforeMethod(java.lang.reflect.Method)[pri:0, instance:com.mop.qa.test.regression.StraitsTimes_Regression_IOS@11dc3715]" name="beforeMethod" is-config="true" duration-ms="0" started-at="2022-09-15T09:45:17Z" finished-at="2022-09-15T09:45:17Z">
          <params>
            <param index="0">
              <value>
                <![CDATA[public void com.mop.qa.test.regression.StraitsTimes_Regression_IOS.TC_7954_Article_listing_page_Via_Elastic_search_Recent_searches_Delete() throws java.lang.Exception]]>
              </value>
            </param>
          </params>
          <reporter-output>
          </reporter-output>
        </test-method> <!-- beforeMethod -->
        <test-method status="PASS" signature="afterMethod(org.testng.ITestResult)[pri:0, instance:com.mop.qa.test.regression.StraitsTimes_Regression_IOS@11dc3715]" name="afterMethod" is-config="true" duration-ms="3" started-at="2022-09-15T09:46:13Z" finished-at="2022-09-15T09:46:13Z">
          <params>
            <param index="0">
              <value>
                <![CDATA[[TestResult name=TC_7954_Article_listing_page_Via_Elastic_search_Recent_searches_Delete status=FAILURE method=StraitsTimes_Regression_IOS.TC_7954_Article_listing_page_Via_Elastic_search_Recent_searches_Delete()[pri:13, instance:com.mop.qa.test.regression.StraitsTimes_Regression_IOS@11dc3715] output={null}]]]>
              </value>
            </param>
          </params>
          <reporter-output>
          </reporter-output>
        </test-method> <!-- afterMethod -->
        <test-method status="PASS" signature="beforeMethod(java.lang.reflect.Method)[pri:0, instance:com.mop.qa.test.regression.StraitsTimes_Regression_IOS@11dc3715]" name="beforeMethod" is-config="true" duration-ms="0" started-at="2022-09-15T09:46:13Z" finished-at="2022-09-15T09:46:13Z">
          <params>
            <param index="0">
              <value>
                <![CDATA[public void com.mop.qa.test.regression.StraitsTimes_Regression_IOS.TC_7982_Article_listing_page_Via_Elastic_search_Keyword_search_Relevance() throws java.lang.Exception]]>
              </value>
            </param>
          </params>
          <reporter-output>
          </reporter-output>
        </test-method> <!-- beforeMethod -->
        <test-method status="FAIL" signature="TC_7982_Article_listing_page_Via_Elastic_search_Keyword_search_Relevance()[pri:14, instance:com.mop.qa.test.regression.StraitsTimes_Regression_IOS@11dc3715]" name="TC_7982_Article_listing_page_Via_Elastic_search_Keyword_search_Relevance" duration-ms="44669" started-at="2022-09-15T09:46:13Z" finished-at="2022-09-15T09:46:58Z">
          <exception class="org.openqa.selenium.NoSuchElementException">
            <message>
              <![CDATA[no such element (An element could not be located on the page using the given search parameters (XPATH='//*[@placeholder='Search The Straits Times?']'))  (WARNING: The server did not provide any stacktrace information)
Command duration or timeout: 0 milliseconds
For documentation on this error, please visit: http://seleniumhq.org/exceptions/no_such_element.html
Build info: version: '3.12.0', revision: '7c6e0b3', time: '2018-05-08T14:04:26.12Z'
System info: host: 'LTIN184808', ip: '192.168.0.73', os.name: 'Windows 10', os.arch: 'amd64', os.version: '10.0', java.version: '1.8.0_291'
Driver info: io.appium.java_client.ios.IOSDriver
Capabilities {appBuildVersion: 4, appReleaseVersion: 9.6.4, appiumVersion: 1.8.0, applicationClearData: false, autoAcceptAlerts: false, autoDismissAlerts: false, autoGrantPermissions: false, autoWebview: false, automationName: XCUITest, bundleId: com.sph.stiPhone, commandTimeouts: 120000, desired: {bundleId: com.sph.stiPhone, deviceQuery: @serialNumber='00008030-000..., instrumentApp: false, noReset: true, platformName: iOS}, device.category: PHONE, device.majorVersion: 16, device.manufacture: Apple, device.model: iPhone 11 Pro, device.name: iPhone 11 Pro SPH-0015, device.os: iOS, device.screenSize: 1125x2436, device.serialNumber: 00008030-0002548A2298802E, device.version: 16.0, deviceQuery: @serialNumber='00008030-000..., deviceUDID: 00008030-0002548A2298802E, dontGoHomeOnQuit: false, dontStopAppOnReset: false, ehmPrefixUrl: /agent-2, ehmUrl: https://sph.experitest.com:..., fullReset: false, gridNodePort: 7816, install.only.for.update: false, installOnlyForUpdate: false, instrumentApp: false, javascriptEnabled: true, keystorePath: ~/.android/debug.keystore, locationServicesAuthorized: false, newSessionWaitTimeout: 600.0, noReset: true, platform: IOS, platformName: iOS, projectName: , reportDirectory: reports, reportFormat: xml, reportTestId: 134634.0, reportUrl: https://sph.experitest.com:..., reservationDuration: 240.0, takeScreenshots: true, test.type: Mobile, testName: mobile test 09/15/22 03:54 AM, udid: 00008030-0002548A2298802E, useKeystore: false, waitForDeviceTimeout: 120000.0}
Session ID: CLOUD-SID:2022-09-15_03-35-09-759d3047-5679-4b8e-8851-fe83d8792fd7
*** Element info: {Using=xpath, value=//*[@placeholder='Search The Straits Times?']}]]>
            </message>
            <full-stacktrace>
              <![CDATA[org.openqa.selenium.NoSuchElementException: no such element (An element could not be located on the page using the given search parameters (XPATH='//*[@placeholder='Search The Straits Times?']'))  (WARNING: The server did not provide any stacktrace information)
Command duration or timeout: 0 milliseconds
For documentation on this error, please visit: http://seleniumhq.org/exceptions/no_such_element.html
Build info: version: '3.12.0', revision: '7c6e0b3', time: '2018-05-08T14:04:26.12Z'
System info: host: 'LTIN184808', ip: '192.168.0.73', os.name: 'Windows 10', os.arch: 'amd64', os.version: '10.0', java.version: '1.8.0_291'
Driver info: io.appium.java_client.ios.IOSDriver
Capabilities {appBuildVersion: 4, appReleaseVersion: 9.6.4, appiumVersion: 1.8.0, applicationClearData: false, autoAcceptAlerts: false, autoDismissAlerts: false, autoGrantPermissions: false, autoWebview: false, automationName: XCUITest, bundleId: com.sph.stiPhone, commandTimeouts: 120000, desired: {bundleId: com.sph.stiPhone, deviceQuery: @serialNumber='00008030-000..., instrumentApp: false, noReset: true, platformName: iOS}, device.category: PHONE, device.majorVersion: 16, device.manufacture: Apple, device.model: iPhone 11 Pro, device.name: iPhone 11 Pro SPH-0015, device.os: iOS, device.screenSize: 1125x2436, device.serialNumber: 00008030-0002548A2298802E, device.version: 16.0, deviceQuery: @serialNumber='00008030-000..., deviceUDID: 00008030-0002548A2298802E, dontGoHomeOnQuit: false, dontStopAppOnReset: false, ehmPrefixUrl: /agent-2, ehmUrl: https://sph.experitest.com:..., fullReset: false, gridNodePort: 7816, install.only.for.update: false, installOnlyForUpdate: false, instrumentApp: false, javascriptEnabled: true, keystorePath: ~/.android/debug.keystore, locationServicesAuthorized: false, newSessionWaitTimeout: 600.0, noReset: true, platform: IOS, platformName: iOS, projectName: , reportDirectory: reports, reportFormat: xml, reportTestId: 134634.0, reportUrl: https://sph.experitest.com:..., reservationDuration: 240.0, takeScreenshots: true, test.type: Mobile, testName: mobile test 09/15/22 03:54 AM, udid: 00008030-0002548A2298802E, useKeystore: false, waitForDeviceTimeout: 120000.0}
Session ID: CLOUD-SID:2022-09-15_03-35-09-759d3047-5679-4b8e-8851-fe83d8792fd7
*** Element info: {Using=xpath, value=//*[@placeholder='Search The Straits Times?']}
	at sun.reflect.GeneratedConstructorAccessor25.newInstance(Unknown Source)
	at sun.reflect.DelegatingConstructorAccessorImpl.newInstance(DelegatingConstructorAccessorImpl.java:45)
	at java.lang.reflect.Constructor.newInstance(Constructor.java:423)
	at org.openqa.selenium.remote.ErrorHandler.createThrowable(ErrorHandler.java:214)
	at org.openqa.selenium.remote.ErrorHandler.throwIfResponseFailed(ErrorHandler.java:166)
	at org.openqa.selenium.remote.http.JsonHttpResponseCodec.reconstructValue(JsonHttpResponseCodec.java:40)
	at org.openqa.selenium.remote.http.AbstractHttpResponseCodec.decode(AbstractHttpResponseCodec.java:80)
	at org.openqa.selenium.remote.http.AbstractHttpResponseCodec.decode(AbstractHttpResponseCodec.java:44)
	at org.openqa.selenium.remote.HttpCommandExecutor.execute(HttpCommandExecutor.java:158)
	at io.appium.java_client.remote.AppiumCommandExecutor.execute(AppiumCommandExecutor.java:231)
	at org.openqa.selenium.remote.RemoteWebDriver.execute(RemoteWebDriver.java:543)
	at io.appium.java_client.DefaultGenericMobileDriver.execute(DefaultGenericMobileDriver.java:42)
	at io.appium.java_client.AppiumDriver.execute(AppiumDriver.java:1)
	at io.appium.java_client.ios.IOSDriver.execute(IOSDriver.java:1)
	at org.openqa.selenium.remote.RemoteWebDriver.findElement(RemoteWebDriver.java:317)
	at io.appium.java_client.DefaultGenericMobileDriver.findElement(DefaultGenericMobileDriver.java:62)
	at io.appium.java_client.AppiumDriver.findElement(AppiumDriver.java:1)
	at io.appium.java_client.ios.IOSDriver.findElement(IOSDriver.java:1)
	at org.openqa.selenium.remote.RemoteWebDriver.findElementByXPath(RemoteWebDriver.java:419)
	at io.appium.java_client.DefaultGenericMobileDriver.findElementByXPath(DefaultGenericMobileDriver.java:152)
	at io.appium.java_client.AppiumDriver.findElementByXPath(AppiumDriver.java:1)
	at io.appium.java_client.ios.IOSDriver.findElementByXPath(IOSDriver.java:1)
	at org.openqa.selenium.By$ByXPath.findElement(By.java:353)
	at org.openqa.selenium.remote.RemoteWebDriver.findElement(RemoteWebDriver.java:309)
	at io.appium.java_client.DefaultGenericMobileDriver.findElement(DefaultGenericMobileDriver.java:58)
	at io.appium.java_client.AppiumDriver.findElement(AppiumDriver.java:1)
	at io.appium.java_client.ios.IOSDriver.findElement(IOSDriver.java:1)
	at org.openqa.selenium.support.pagefactory.DefaultElementLocator.findElement(DefaultElementLocator.java:69)
	at org.openqa.selenium.support.pagefactory.internal.LocatingElementHandler.invoke(LocatingElementHandler.java:38)
	at com.sun.proxy.$Proxy10.sendKeys(Unknown Source)
	at com.mop.qa.pageobject.StraitsTimes_IOS.TC_7977_Article_listing_page_Via_Elastic_search_Keyword_search_Relevance(StraitsTimes_IOS.java:2769)
	at com.mop.qa.test.regression.StraitsTimes_Regression_IOS.TC_7982_Article_listing_page_Via_Elastic_search_Keyword_search_Relevance(StraitsTimes_Regression_IOS.java:139)
	at sun.reflect.NativeMethodAccessorImpl.invoke0(Native Method)
	at sun.reflect.NativeMethodAccessorImpl.invoke(NativeMethodAccessorImpl.java:62)
	at sun.reflect.DelegatingMethodAccessorImpl.invoke(DelegatingMethodAccessorImpl.java:43)
	at java.lang.reflect.Method.invoke(Method.java:498)
	at org.testng.internal.MethodInvocationHelper.invokeMethod(MethodInvocationHelper.java:104)
	at org.testng.internal.Invoker.invokeMethod(Invoker.java:645)
	at org.testng.internal.Invoker.invokeTestMethod(Invoker.java:851)
	at org.testng.internal.Invoker.invokeTestMethods(Invoker.java:1177)
	at org.testng.internal.TestMethodWorker.invokeTestMethods(TestMethodWorker.java:129)
	at org.testng.internal.TestMethodWorker.run(TestMethodWorker.java:112)
	at org.testng.TestRunner.privateRun(TestRunner.java:756)
	at org.testng.TestRunner.run(TestRunner.java:610)
	at org.testng.SuiteRunner.runTest(SuiteRunner.java:387)
	at org.testng.SuiteRunner.runSequentially(SuiteRunner.java:382)
	at org.testng.SuiteRunner.privateRun(SuiteRunner.java:340)
	at org.testng.SuiteRunner.run(SuiteRunner.java:289)
	at org.testng.SuiteRunnerWorker.runSuite(SuiteRunnerWorker.java:52)
	at org.testng.SuiteRunnerWorker.run(SuiteRunnerWorker.java:86)
	at org.testng.TestNG.runSuitesSequentially(TestNG.java:1293)
	at org.testng.TestNG.runSuitesLocally(TestNG.java:1218)
	at org.testng.TestNG.runSuites(TestNG.java:1133)
	at org.testng.TestNG.run(TestNG.java:1104)
	at com.mop.qa.testrunner.TestRunner.main(TestRunner.java:167)
]]>
            </full-stacktrace>
          </exception> <!-- org.openqa.selenium.NoSuchElementException -->
          <reporter-output>
          </reporter-output>
        </test-method> <!-- TC_7982_Article_listing_page_Via_Elastic_search_Keyword_search_Relevance -->
        <test-method status="PASS" signature="afterMethod(org.testng.ITestResult)[pri:0, instance:com.mop.qa.test.regression.StraitsTimes_Regression_IOS@11dc3715]" name="afterMethod" is-config="true" duration-ms="3" started-at="2022-09-15T09:46:58Z" finished-at="2022-09-15T09:46:58Z">
          <params>
            <param index="0">
              <value>
                <![CDATA[[TestResult name=TC_7982_Article_listing_page_Via_Elastic_search_Keyword_search_Relevance status=FAILURE method=StraitsTimes_Regression_IOS.TC_7982_Article_listing_page_Via_Elastic_search_Keyword_search_Relevance()[pri:14, instance:com.mop.qa.test.regression.StraitsTimes_Regression_IOS@11dc3715] output={null}]]]>
              </value>
            </param>
          </params>
          <reporter-output>
          </reporter-output>
        </test-method> <!-- afterMethod -->
        <test-method status="PASS" signature="beforeMethod(java.lang.reflect.Method)[pri:0, instance:com.mop.qa.test.regression.StraitsTimes_Regression_IOS@11dc3715]" name="beforeMethod" is-config="true" duration-ms="1" started-at="2022-09-15T09:46:58Z" finished-at="2022-09-15T09:46:58Z">
          <params>
            <param index="0">
              <value>
                <![CDATA[public void com.mop.qa.test.regression.StraitsTimes_Regression_IOS.TC_7977_Article_listing_page_Via_Elastic_search_Search_by_Category_Show_more_Less() throws java.lang.Exception]]>
              </value>
            </param>
          </params>
          <reporter-output>
          </reporter-output>
        </test-method> <!-- beforeMethod -->
        <test-method status="PASS" signature="TC_7977_Article_listing_page_Via_Elastic_search_Search_by_Category_Show_more_Less()[pri:15, instance:com.mop.qa.test.regression.StraitsTimes_Regression_IOS@11dc3715]" name="TC_7977_Article_listing_page_Via_Elastic_search_Search_by_Category_Show_more_Less" duration-ms="89024" started-at="2022-09-15T09:46:58Z" finished-at="2022-09-15T09:48:27Z">
          <reporter-output>
          </reporter-output>
        </test-method> <!-- TC_7977_Article_listing_page_Via_Elastic_search_Search_by_Category_Show_more_Less -->
        <test-method status="PASS" signature="afterMethod(org.testng.ITestResult)[pri:0, instance:com.mop.qa.test.regression.StraitsTimes_Regression_IOS@11dc3715]" name="afterMethod" is-config="true" duration-ms="1" started-at="2022-09-15T09:48:27Z" finished-at="2022-09-15T09:48:27Z">
          <params>
            <param index="0">
              <value>
                <![CDATA[[TestResult name=TC_7977_Article_listing_page_Via_Elastic_search_Search_by_Category_Show_more_Less status=SUCCESS method=StraitsTimes_Regression_IOS.TC_7977_Article_listing_page_Via_Elastic_search_Search_by_Category_Show_more_Less()[pri:15, instance:com.mop.qa.test.regression.StraitsTimes_Regression_IOS@11dc3715] output={null}]]]>
              </value>
            </param>
          </params>
          <reporter-output>
          </reporter-output>
        </test-method> <!-- afterMethod -->
        <test-method status="PASS" signature="beforeMethod(java.lang.reflect.Method)[pri:0, instance:com.mop.qa.test.regression.StraitsTimes_Regression_IOS@11dc3715]" name="beforeMethod" is-config="true" duration-ms="0" started-at="2022-09-15T09:48:27Z" finished-at="2022-09-15T09:48:27Z">
          <params>
            <param index="0">
              <value>
                <![CDATA[public void com.mop.qa.test.regression.StraitsTimes_Regression_IOS.TC_7994_Article_listing_page_Via_Elastic_search_Search_by_Category() throws java.lang.Exception]]>
              </value>
            </param>
          </params>
          <reporter-output>
          </reporter-output>
        </test-method> <!-- beforeMethod -->
        <test-method status="PASS" signature="TC_7994_Article_listing_page_Via_Elastic_search_Search_by_Category()[pri:16, instance:com.mop.qa.test.regression.StraitsTimes_Regression_IOS@11dc3715]" name="TC_7994_Article_listing_page_Via_Elastic_search_Search_by_Category" duration-ms="113205" started-at="2022-09-15T09:48:27Z" finished-at="2022-09-15T09:50:20Z">
          <reporter-output>
          </reporter-output>
        </test-method> <!-- TC_7994_Article_listing_page_Via_Elastic_search_Search_by_Category -->
        <test-method status="PASS" signature="afterMethod(org.testng.ITestResult)[pri:0, instance:com.mop.qa.test.regression.StraitsTimes_Regression_IOS@11dc3715]" name="afterMethod" is-config="true" duration-ms="1" started-at="2022-09-15T09:50:20Z" finished-at="2022-09-15T09:50:20Z">
          <params>
            <param index="0">
              <value>
                <![CDATA[[TestResult name=TC_7994_Article_listing_page_Via_Elastic_search_Search_by_Category status=SUCCESS method=StraitsTimes_Regression_IOS.TC_7994_Article_listing_page_Via_Elastic_search_Search_by_Category()[pri:16, instance:com.mop.qa.test.regression.StraitsTimes_Regression_IOS@11dc3715] output={null}]]]>
              </value>
            </param>
          </params>
          <reporter-output>
          </reporter-output>
        </test-method> <!-- afterMethod -->
        <test-method status="PASS" signature="beforeMethod(java.lang.reflect.Method)[pri:0, instance:com.mop.qa.test.regression.StraitsTimes_Regression_IOS@11dc3715]" name="beforeMethod" is-config="true" duration-ms="0" started-at="2022-09-15T09:50:20Z" finished-at="2022-09-15T09:50:20Z">
          <params>
            <param index="0">
              <value>
                <![CDATA[public void com.mop.qa.test.regression.StraitsTimes_Regression_IOS.TC_7952_Article_Details_page_More_from_Web() throws java.lang.Exception]]>
              </value>
            </param>
          </params>
          <reporter-output>
          </reporter-output>
        </test-method> <!-- beforeMethod -->
        <test-method status="PASS" signature="TC_7952_Article_Details_page_More_from_Web()[pri:17, instance:com.mop.qa.test.regression.StraitsTimes_Regression_IOS@11dc3715]" name="TC_7952_Article_Details_page_More_from_Web" duration-ms="500536" started-at="2022-09-15T09:50:20Z" finished-at="2022-09-15T09:58:41Z">
          <reporter-output>
          </reporter-output>
        </test-method> <!-- TC_7952_Article_Details_page_More_from_Web -->
        <test-method status="PASS" signature="afterMethod(org.testng.ITestResult)[pri:0, instance:com.mop.qa.test.regression.StraitsTimes_Regression_IOS@11dc3715]" name="afterMethod" is-config="true" duration-ms="1" started-at="2022-09-15T09:58:41Z" finished-at="2022-09-15T09:58:41Z">
          <params>
            <param index="0">
              <value>
                <![CDATA[[TestResult name=TC_7952_Article_Details_page_More_from_Web status=SUCCESS method=StraitsTimes_Regression_IOS.TC_7952_Article_Details_page_More_from_Web()[pri:17, instance:com.mop.qa.test.regression.StraitsTimes_Regression_IOS@11dc3715] output={null}]]]>
              </value>
            </param>
          </params>
          <reporter-output>
          </reporter-output>
        </test-method> <!-- afterMethod -->
        <test-method status="PASS" signature="TC_7911_Latest_Tab_Should_should_load_without_errors()[pri:18, instance:com.mop.qa.test.regression.StraitsTimes_Regression_IOS@11dc3715]" name="TC_7911_Latest_Tab_Should_should_load_without_errors" duration-ms="31395" started-at="2022-09-15T09:58:41Z" finished-at="2022-09-15T09:59:12Z">
          <reporter-output>
          </reporter-output>
        </test-method> <!-- TC_7911_Latest_Tab_Should_should_load_without_errors -->
        <test-method status="PASS" signature="beforeMethod(java.lang.reflect.Method)[pri:0, instance:com.mop.qa.test.regression.StraitsTimes_Regression_IOS@11dc3715]" name="beforeMethod" is-config="true" duration-ms="0" started-at="2022-09-15T09:58:41Z" finished-at="2022-09-15T09:58:41Z">
          <params>
            <param index="0">
              <value>
                <![CDATA[public void com.mop.qa.test.regression.StraitsTimes_Regression_IOS.TC_7911_Latest_Tab_Should_should_load_without_errors() throws java.lang.Exception]]>
              </value>
            </param>
          </params>
          <reporter-output>
          </reporter-output>
        </test-method> <!-- beforeMethod -->
        <test-method status="PASS" signature="afterMethod(org.testng.ITestResult)[pri:0, instance:com.mop.qa.test.regression.StraitsTimes_Regression_IOS@11dc3715]" name="afterMethod" is-config="true" duration-ms="1" started-at="2022-09-15T09:59:12Z" finished-at="2022-09-15T09:59:12Z">
          <params>
            <param index="0">
              <value>
                <![CDATA[[TestResult name=TC_7911_Latest_Tab_Should_should_load_without_errors status=SUCCESS method=StraitsTimes_Regression_IOS.TC_7911_Latest_Tab_Should_should_load_without_errors()[pri:18, instance:com.mop.qa.test.regression.StraitsTimes_Regression_IOS@11dc3715] output={null}]]]>
              </value>
            </param>
          </params>
          <reporter-output>
          </reporter-output>
        </test-method> <!-- afterMethod -->
        <test-method status="PASS" signature="beforeMethod(java.lang.reflect.Method)[pri:0, instance:com.mop.qa.test.regression.StraitsTimes_Regression_IOS@11dc3715]" name="beforeMethod" is-config="true" duration-ms="0" started-at="2022-09-15T09:59:12Z" finished-at="2022-09-15T09:59:12Z">
          <params>
            <param index="0">
              <value>
                <![CDATA[public void com.mop.qa.test.regression.StraitsTimes_Regression_IOS.TC_7901_Latest_Tab_Should_be_able_to_bookmark() throws java.lang.Exception]]>
              </value>
            </param>
          </params>
          <reporter-output>
          </reporter-output>
        </test-method> <!-- beforeMethod -->
        <test-method status="PASS" signature="TC_7901_Latest_Tab_Should_be_able_to_bookmark()[pri:19, instance:com.mop.qa.test.regression.StraitsTimes_Regression_IOS@11dc3715]" name="TC_7901_Latest_Tab_Should_be_able_to_bookmark" duration-ms="27045" started-at="2022-09-15T09:59:12Z" finished-at="2022-09-15T09:59:39Z">
          <reporter-output>
          </reporter-output>
        </test-method> <!-- TC_7901_Latest_Tab_Should_be_able_to_bookmark -->
        <test-method status="PASS" signature="afterMethod(org.testng.ITestResult)[pri:0, instance:com.mop.qa.test.regression.StraitsTimes_Regression_IOS@11dc3715]" name="afterMethod" is-config="true" duration-ms="1" started-at="2022-09-15T09:59:39Z" finished-at="2022-09-15T09:59:39Z">
          <params>
            <param index="0">
              <value>
                <![CDATA[[TestResult name=TC_7901_Latest_Tab_Should_be_able_to_bookmark status=SUCCESS method=StraitsTimes_Regression_IOS.TC_7901_Latest_Tab_Should_be_able_to_bookmark()[pri:19, instance:com.mop.qa.test.regression.StraitsTimes_Regression_IOS@11dc3715] output={null}]]]>
              </value>
            </param>
          </params>
          <reporter-output>
          </reporter-output>
        </test-method> <!-- afterMethod -->
        <test-method status="PASS" signature="beforeMethod(java.lang.reflect.Method)[pri:0, instance:com.mop.qa.test.regression.StraitsTimes_Regression_IOS@11dc3715]" name="beforeMethod" is-config="true" duration-ms="0" started-at="2022-09-15T09:59:39Z" finished-at="2022-09-15T09:59:39Z">
          <params>
            <param index="0">
              <value>
                <![CDATA[public void com.mop.qa.test.regression.StraitsTimes_Regression_IOS.TC_8009_straitTimes_login_reg_user_() throws java.lang.Exception]]>
              </value>
            </param>
          </params>
          <reporter-output>
          </reporter-output>
        </test-method> <!-- beforeMethod -->
        <test-method status="PASS" signature="TC_8009_straitTimes_login_reg_user_()[pri:20, instance:com.mop.qa.test.regression.StraitsTimes_Regression_IOS@11dc3715]" name="TC_8009_straitTimes_login_reg_user_" duration-ms="55660" started-at="2022-09-15T09:59:39Z" finished-at="2022-09-15T10:00:35Z">
          <reporter-output>
          </reporter-output>
        </test-method> <!-- TC_8009_straitTimes_login_reg_user_ -->
        <test-method status="PASS" signature="afterMethod(org.testng.ITestResult)[pri:0, instance:com.mop.qa.test.regression.StraitsTimes_Regression_IOS@11dc3715]" name="afterMethod" is-config="true" duration-ms="1" started-at="2022-09-15T10:00:35Z" finished-at="2022-09-15T10:00:35Z">
          <params>
            <param index="0">
              <value>
                <![CDATA[[TestResult name=TC_8009_straitTimes_login_reg_user_ status=SUCCESS method=StraitsTimes_Regression_IOS.TC_8009_straitTimes_login_reg_user_()[pri:20, instance:com.mop.qa.test.regression.StraitsTimes_Regression_IOS@11dc3715] output={null}]]]>
              </value>
            </param>
          </params>
          <reporter-output>
          </reporter-output>
        </test-method> <!-- afterMethod -->
        <test-method status="PASS" signature="TC_7915_Bookmark_Enable_Disable_bookmark_from_listing_and_Article_detail_page()[pri:21, instance:com.mop.qa.test.regression.StraitsTimes_Regression_IOS@11dc3715]" name="TC_7915_Bookmark_Enable_Disable_bookmark_from_listing_and_Article_detail_page" duration-ms="79123" started-at="2022-09-15T10:00:35Z" finished-at="2022-09-15T10:01:54Z">
          <reporter-output>
          </reporter-output>
        </test-method> <!-- TC_7915_Bookmark_Enable_Disable_bookmark_from_listing_and_Article_detail_page -->
        <test-method status="PASS" signature="beforeMethod(java.lang.reflect.Method)[pri:0, instance:com.mop.qa.test.regression.StraitsTimes_Regression_IOS@11dc3715]" name="beforeMethod" is-config="true" duration-ms="0" started-at="2022-09-15T10:00:35Z" finished-at="2022-09-15T10:00:35Z">
          <params>
            <param index="0">
              <value>
                <![CDATA[public void com.mop.qa.test.regression.StraitsTimes_Regression_IOS.TC_7915_Bookmark_Enable_Disable_bookmark_from_listing_and_Article_detail_page() throws java.lang.Exception]]>
              </value>
            </param>
          </params>
          <reporter-output>
          </reporter-output>
        </test-method> <!-- beforeMethod -->
        <test-method status="PASS" signature="afterMethod(org.testng.ITestResult)[pri:0, instance:com.mop.qa.test.regression.StraitsTimes_Regression_IOS@11dc3715]" name="afterMethod" is-config="true" duration-ms="1" started-at="2022-09-15T10:01:54Z" finished-at="2022-09-15T10:01:54Z">
          <params>
            <param index="0">
              <value>
                <![CDATA[[TestResult name=TC_7915_Bookmark_Enable_Disable_bookmark_from_listing_and_Article_detail_page status=SUCCESS method=StraitsTimes_Regression_IOS.TC_7915_Bookmark_Enable_Disable_bookmark_from_listing_and_Article_detail_page()[pri:21, instance:com.mop.qa.test.regression.StraitsTimes_Regression_IOS@11dc3715] output={null}]]]>
              </value>
            </param>
          </params>
          <reporter-output>
          </reporter-output>
        </test-method> <!-- afterMethod -->
        <test-method status="PASS" signature="TC_7925_LogIn_ST_Lite_user_should_be_able_to_access_subscribed_article_but_cannot_access_epaper()[pri:22, instance:com.mop.qa.test.regression.StraitsTimes_Regression_IOS@11dc3715]" name="TC_7925_LogIn_ST_Lite_user_should_be_able_to_access_subscribed_article_but_cannot_access_epaper" duration-ms="192328" started-at="2022-09-15T10:01:54Z" finished-at="2022-09-15T10:05:06Z">
          <reporter-output>
          </reporter-output>
        </test-method> <!-- TC_7925_LogIn_ST_Lite_user_should_be_able_to_access_subscribed_article_but_cannot_access_epaper -->
        <test-method status="PASS" signature="beforeMethod(java.lang.reflect.Method)[pri:0, instance:com.mop.qa.test.regression.StraitsTimes_Regression_IOS@11dc3715]" name="beforeMethod" is-config="true" duration-ms="0" started-at="2022-09-15T10:01:54Z" finished-at="2022-09-15T10:01:54Z">
          <params>
            <param index="0">
              <value>
                <![CDATA[public void com.mop.qa.test.regression.StraitsTimes_Regression_IOS.TC_7925_LogIn_ST_Lite_user_should_be_able_to_access_subscribed_article_but_cannot_access_epaper() throws java.lang.Exception]]>
              </value>
            </param>
          </params>
          <reporter-output>
          </reporter-output>
        </test-method> <!-- beforeMethod -->
        <test-method status="PASS" signature="afterMethod(org.testng.ITestResult)[pri:0, instance:com.mop.qa.test.regression.StraitsTimes_Regression_IOS@11dc3715]" name="afterMethod" is-config="true" duration-ms="2" started-at="2022-09-15T10:05:06Z" finished-at="2022-09-15T10:05:06Z">
          <params>
            <param index="0">
              <value>
                <![CDATA[[TestResult name=TC_7925_LogIn_ST_Lite_user_should_be_able_to_access_subscribed_article_but_cannot_access_epaper status=SUCCESS method=StraitsTimes_Regression_IOS.TC_7925_LogIn_ST_Lite_user_should_be_able_to_access_subscribed_article_but_cannot_access_epaper()[pri:22, instance:com.mop.qa.test.regression.StraitsTimes_Regression_IOS@11dc3715] output={null}]]]>
              </value>
            </param>
          </params>
          <reporter-output>
          </reporter-output>
        </test-method> <!-- afterMethod -->
        <test-method status="PASS" signature="beforeMethod(java.lang.reflect.Method)[pri:0, instance:com.mop.qa.test.regression.StraitsTimes_Regression_IOS@11dc3715]" name="beforeMethod" is-config="true" duration-ms="1" started-at="2022-09-15T10:05:06Z" finished-at="2022-09-15T10:05:06Z">
          <params>
            <param index="0">
              <value>
                <![CDATA[public void com.mop.qa.test.regression.StraitsTimes_Regression_IOS.TC_7934_LogIn_mysph_Login() throws java.lang.Exception]]>
              </value>
            </param>
          </params>
          <reporter-output>
          </reporter-output>
        </test-method> <!-- beforeMethod -->
        <test-method status="PASS" signature="TC_7934_LogIn_mysph_Login()[pri:23, instance:com.mop.qa.test.regression.StraitsTimes_Regression_IOS@11dc3715]" name="TC_7934_LogIn_mysph_Login" duration-ms="177245" started-at="2022-09-15T10:05:06Z" finished-at="2022-09-15T10:08:04Z">
          <reporter-output>
          </reporter-output>
        </test-method> <!-- TC_7934_LogIn_mysph_Login -->
        <test-method status="PASS" signature="afterMethod(org.testng.ITestResult)[pri:0, instance:com.mop.qa.test.regression.StraitsTimes_Regression_IOS@11dc3715]" name="afterMethod" is-config="true" duration-ms="3" started-at="2022-09-15T10:08:04Z" finished-at="2022-09-15T10:08:04Z">
          <params>
            <param index="0">
              <value>
                <![CDATA[[TestResult name=TC_7934_LogIn_mysph_Login status=SUCCESS method=StraitsTimes_Regression_IOS.TC_7934_LogIn_mysph_Login()[pri:23, instance:com.mop.qa.test.regression.StraitsTimes_Regression_IOS@11dc3715] output={null}]]]>
              </value>
            </param>
          </params>
          <reporter-output>
          </reporter-output>
        </test-method> <!-- afterMethod -->
        <test-method status="PASS" signature="beforeMethod(java.lang.reflect.Method)[pri:0, instance:com.mop.qa.test.regression.StraitsTimes_Regression_IOS@11dc3715]" name="beforeMethod" is-config="true" duration-ms="0" started-at="2022-09-15T10:08:04Z" finished-at="2022-09-15T10:08:04Z">
          <params>
            <param index="0">
              <value>
                <![CDATA[public void com.mop.qa.test.regression.StraitsTimes_Regression_IOS.TC_7903_Discover_Tab() throws java.lang.Exception]]>
              </value>
            </param>
          </params>
          <reporter-output>
          </reporter-output>
        </test-method> <!-- beforeMethod -->
        <test-method status="PASS" signature="TC_7903_Discover_Tab()[pri:24, instance:com.mop.qa.test.regression.StraitsTimes_Regression_IOS@11dc3715]" name="TC_7903_Discover_Tab" duration-ms="78091" started-at="2022-09-15T10:08:04Z" finished-at="2022-09-15T10:09:22Z">
          <reporter-output>
          </reporter-output>
        </test-method> <!-- TC_7903_Discover_Tab -->
        <test-method status="PASS" signature="afterMethod(org.testng.ITestResult)[pri:0, instance:com.mop.qa.test.regression.StraitsTimes_Regression_IOS@11dc3715]" name="afterMethod" is-config="true" duration-ms="1" started-at="2022-09-15T10:09:22Z" finished-at="2022-09-15T10:09:22Z">
          <params>
            <param index="0">
              <value>
                <![CDATA[[TestResult name=TC_7903_Discover_Tab status=SUCCESS method=StraitsTimes_Regression_IOS.TC_7903_Discover_Tab()[pri:24, instance:com.mop.qa.test.regression.StraitsTimes_Regression_IOS@11dc3715] output={null}]]]>
              </value>
            </param>
          </params>
          <reporter-output>
          </reporter-output>
        </test-method> <!-- afterMethod -->
        <test-method status="PASS" signature="beforeMethod(java.lang.reflect.Method)[pri:0, instance:com.mop.qa.test.regression.StraitsTimes_Regression_IOS@11dc3715]" name="beforeMethod" is-config="true" duration-ms="0" started-at="2022-09-15T10:09:22Z" finished-at="2022-09-15T10:09:22Z">
          <params>
            <param index="0">
              <value>
                <![CDATA[public void com.mop.qa.test.regression.StraitsTimes_Regression_IOS.TC_7897_Discover_on_Home_Page() throws java.lang.Exception]]>
              </value>
            </param>
          </params>
          <reporter-output>
          </reporter-output>
        </test-method> <!-- beforeMethod -->
        <test-method status="FAIL" signature="TC_7897_Discover_on_Home_Page()[pri:25, instance:com.mop.qa.test.regression.StraitsTimes_Regression_IOS@11dc3715]" name="TC_7897_Discover_on_Home_Page" duration-ms="470818" started-at="2022-09-15T10:09:22Z" finished-at="2022-09-15T10:17:13Z">
          <exception class="java.lang.Exception">
            <message>
              <![CDATA[discover heading not found]]>
            </message>
            <full-stacktrace>
              <![CDATA[java.lang.Exception: discover heading not found
	at com.mop.qa.testbase.PageBase.click(PageBase.java:1521)
	at com.mop.qa.pageobject.StraitsTimes_IOS.TC_7897_Discover_on_Home_Page(StraitsTimes_IOS.java:2382)
	at com.mop.qa.test.regression.StraitsTimes_Regression_IOS.TC_7897_Discover_on_Home_Page(StraitsTimes_Regression_IOS.java:226)
	at sun.reflect.NativeMethodAccessorImpl.invoke0(Native Method)
	at sun.reflect.NativeMethodAccessorImpl.invoke(NativeMethodAccessorImpl.java:62)
	at sun.reflect.DelegatingMethodAccessorImpl.invoke(DelegatingMethodAccessorImpl.java:43)
	at java.lang.reflect.Method.invoke(Method.java:498)
	at org.testng.internal.MethodInvocationHelper.invokeMethod(MethodInvocationHelper.java:104)
	at org.testng.internal.Invoker.invokeMethod(Invoker.java:645)
	at org.testng.internal.Invoker.invokeTestMethod(Invoker.java:851)
	at org.testng.internal.Invoker.invokeTestMethods(Invoker.java:1177)
	at org.testng.internal.TestMethodWorker.invokeTestMethods(TestMethodWorker.java:129)
	at org.testng.internal.TestMethodWorker.run(TestMethodWorker.java:112)
	at org.testng.TestRunner.privateRun(TestRunner.java:756)
	at org.testng.TestRunner.run(TestRunner.java:610)
	at org.testng.SuiteRunner.runTest(SuiteRunner.java:387)
	at org.testng.SuiteRunner.runSequentially(SuiteRunner.java:382)
	at org.testng.SuiteRunner.privateRun(SuiteRunner.java:340)
	at org.testng.SuiteRunner.run(SuiteRunner.java:289)
	at org.testng.SuiteRunnerWorker.runSuite(SuiteRunnerWorker.java:52)
	at org.testng.SuiteRunnerWorker.run(SuiteRunnerWorker.java:86)
	at org.testng.TestNG.runSuitesSequentially(TestNG.java:1293)
	at org.testng.TestNG.runSuitesLocally(TestNG.java:1218)
	at org.testng.TestNG.runSuites(TestNG.java:1133)
	at org.testng.TestNG.run(TestNG.java:1104)
	at com.mop.qa.testrunner.TestRunner.main(TestRunner.java:167)
]]>
            </full-stacktrace>
          </exception> <!-- java.lang.Exception -->
          <reporter-output>
          </reporter-output>
        </test-method> <!-- TC_7897_Discover_on_Home_Page -->
        <test-method status="PASS" signature="afterMethod(org.testng.ITestResult)[pri:0, instance:com.mop.qa.test.regression.StraitsTimes_Regression_IOS@11dc3715]" name="afterMethod" is-config="true" duration-ms="1" started-at="2022-09-15T10:17:13Z" finished-at="2022-09-15T10:17:13Z">
          <params>
            <param index="0">
              <value>
                <![CDATA[[TestResult name=TC_7897_Discover_on_Home_Page status=FAILURE method=StraitsTimes_Regression_IOS.TC_7897_Discover_on_Home_Page()[pri:25, instance:com.mop.qa.test.regression.StraitsTimes_Regression_IOS@11dc3715] output={null}]]]>
              </value>
            </param>
          </params>
          <reporter-output>
          </reporter-output>
        </test-method> <!-- afterMethod -->
        <test-method status="PASS" signature="TC_7953_Article_Listing_page_via_Sections_page()[pri:26, instance:com.mop.qa.test.regression.StraitsTimes_Regression_IOS@11dc3715]" name="TC_7953_Article_Listing_page_via_Sections_page" duration-ms="73195" started-at="2022-09-15T10:17:13Z" finished-at="2022-09-15T10:18:26Z">
          <reporter-output>
          </reporter-output>
        </test-method> <!-- TC_7953_Article_Listing_page_via_Sections_page -->
        <test-method status="PASS" signature="beforeMethod(java.lang.reflect.Method)[pri:0, instance:com.mop.qa.test.regression.StraitsTimes_Regression_IOS@11dc3715]" name="beforeMethod" is-config="true" duration-ms="0" started-at="2022-09-15T10:17:13Z" finished-at="2022-09-15T10:17:13Z">
          <params>
            <param index="0">
              <value>
                <![CDATA[public void com.mop.qa.test.regression.StraitsTimes_Regression_IOS.TC_7953_Article_Listing_page_via_Sections_page() throws java.lang.Exception]]>
              </value>
            </param>
          </params>
          <reporter-output>
          </reporter-output>
        </test-method> <!-- beforeMethod -->
        <test-method status="PASS" signature="afterMethod(org.testng.ITestResult)[pri:0, instance:com.mop.qa.test.regression.StraitsTimes_Regression_IOS@11dc3715]" name="afterMethod" is-config="true" duration-ms="1" started-at="2022-09-15T10:18:26Z" finished-at="2022-09-15T10:18:26Z">
          <params>
            <param index="0">
              <value>
                <![CDATA[[TestResult name=TC_7953_Article_Listing_page_via_Sections_page status=SUCCESS method=StraitsTimes_Regression_IOS.TC_7953_Article_Listing_page_via_Sections_page()[pri:26, instance:com.mop.qa.test.regression.StraitsTimes_Regression_IOS@11dc3715] output={null}]]]>
              </value>
            </param>
          </params>
          <reporter-output>
          </reporter-output>
        </test-method> <!-- afterMethod -->
        <test-method status="PASS" signature="beforeMethod(java.lang.reflect.Method)[pri:0, instance:com.mop.qa.test.regression.StraitsTimes_Regression_IOS@11dc3715]" name="beforeMethod" is-config="true" duration-ms="0" started-at="2022-09-15T10:18:26Z" finished-at="2022-09-15T10:18:26Z">
          <params>
            <param index="0">
              <value>
                <![CDATA[public void com.mop.qa.test.regression.StraitsTimes_Regression_IOS.TC_7937_Article_Listing_page_via_Sections_page_Article_page() throws java.lang.Exception]]>
              </value>
            </param>
          </params>
          <reporter-output>
          </reporter-output>
        </test-method> <!-- beforeMethod -->
        <test-method status="PASS" signature="TC_7937_Article_Listing_page_via_Sections_page_Article_page()[pri:27, instance:com.mop.qa.test.regression.StraitsTimes_Regression_IOS@11dc3715]" name="TC_7937_Article_Listing_page_via_Sections_page_Article_page" duration-ms="94145" started-at="2022-09-15T10:18:26Z" finished-at="2022-09-15T10:20:00Z">
          <reporter-output>
          </reporter-output>
        </test-method> <!-- TC_7937_Article_Listing_page_via_Sections_page_Article_page -->
        <test-method status="PASS" signature="afterMethod(org.testng.ITestResult)[pri:0, instance:com.mop.qa.test.regression.StraitsTimes_Regression_IOS@11dc3715]" name="afterMethod" is-config="true" duration-ms="1" started-at="2022-09-15T10:20:00Z" finished-at="2022-09-15T10:20:00Z">
          <params>
            <param index="0">
              <value>
                <![CDATA[[TestResult name=TC_7937_Article_Listing_page_via_Sections_page_Article_page status=SUCCESS method=StraitsTimes_Regression_IOS.TC_7937_Article_Listing_page_via_Sections_page_Article_page()[pri:27, instance:com.mop.qa.test.regression.StraitsTimes_Regression_IOS@11dc3715] output={null}]]]>
              </value>
            </param>
          </params>
          <reporter-output>
          </reporter-output>
        </test-method> <!-- afterMethod -->
        <test-method status="PASS" signature="TC_7926_Article_Listing_page_via_Sections_page_videos()[pri:28, instance:com.mop.qa.test.regression.StraitsTimes_Regression_IOS@11dc3715]" name="TC_7926_Article_Listing_page_via_Sections_page_videos" duration-ms="61326" started-at="2022-09-15T10:20:00Z" finished-at="2022-09-15T10:21:01Z">
          <reporter-output>
          </reporter-output>
        </test-method> <!-- TC_7926_Article_Listing_page_via_Sections_page_videos -->
        <test-method status="PASS" signature="beforeMethod(java.lang.reflect.Method)[pri:0, instance:com.mop.qa.test.regression.StraitsTimes_Regression_IOS@11dc3715]" name="beforeMethod" is-config="true" duration-ms="0" started-at="2022-09-15T10:20:00Z" finished-at="2022-09-15T10:20:00Z">
          <params>
            <param index="0">
              <value>
                <![CDATA[public void com.mop.qa.test.regression.StraitsTimes_Regression_IOS.TC_7926_Article_Listing_page_via_Sections_page_videos() throws java.lang.Exception]]>
              </value>
            </param>
          </params>
          <reporter-output>
          </reporter-output>
        </test-method> <!-- beforeMethod -->
        <test-method status="PASS" signature="afterMethod(org.testng.ITestResult)[pri:0, instance:com.mop.qa.test.regression.StraitsTimes_Regression_IOS@11dc3715]" name="afterMethod" is-config="true" duration-ms="1" started-at="2022-09-15T10:21:01Z" finished-at="2022-09-15T10:21:01Z">
          <params>
            <param index="0">
              <value>
                <![CDATA[[TestResult name=TC_7926_Article_Listing_page_via_Sections_page_videos status=SUCCESS method=StraitsTimes_Regression_IOS.TC_7926_Article_Listing_page_via_Sections_page_videos()[pri:28, instance:com.mop.qa.test.regression.StraitsTimes_Regression_IOS@11dc3715] output={null}]]]>
              </value>
            </param>
          </params>
          <reporter-output>
          </reporter-output>
        </test-method> <!-- afterMethod -->
      </class> <!-- com.mop.qa.test.regression.StraitsTimes_Regression_IOS -->
    </test> <!-- StraitsTimes_Regression_IOS-Run1 -->
    <test name="StraitsTimes_settings_phase1-Run1" duration-ms="538309" started-at="2022-09-15T04:51:01Z" finished-at="2022-09-15T05:00:00Z">
      <class name="com.mop.qa.test.regression.StraitsTimes_settings_phase1">
        <test-method status="PASS" signature="startTestReport(org.testng.ITestContext)[pri:0, instance:com.mop.qa.test.regression.StraitsTimes_settings_phase1@4f638935]" name="startTestReport" is-config="true" duration-ms="99166" started-at="2022-09-15T10:21:01Z" finished-at="2022-09-15T10:22:40Z">
          <params>
            <param index="0">
              <value>
                <![CDATA[org.testng.TestRunner@5cdc5be7]]>
              </value>
            </param>
          </params>
          <reporter-output>
          </reporter-output>
        </test-method> <!-- startTestReport -->
        <test-method status="PASS" signature="beforeMethod(java.lang.reflect.Method)[pri:0, instance:com.mop.qa.test.regression.StraitsTimes_settings_phase1@4f638935]" name="beforeMethod" is-config="true" duration-ms="1" started-at="2022-09-15T10:22:40Z" finished-at="2022-09-15T10:22:40Z">
          <params>
            <param index="0">
              <value>
                <![CDATA[public void com.mop.qa.test.regression.StraitsTimes_settings_phase1.ST_Ios_TC_7957_App_Installation_verify_ST_logo() throws java.lang.Exception]]>
              </value>
            </param>
          </params>
          <reporter-output>
          </reporter-output>
        </test-method> <!-- beforeMethod -->
        <test-method status="PASS" signature="ST_Ios_TC_7957_App_Installation_verify_ST_logo()[pri:0, instance:com.mop.qa.test.regression.StraitsTimes_settings_phase1@4f638935]" name="ST_Ios_TC_7957_App_Installation_verify_ST_logo" duration-ms="35710" started-at="2022-09-15T10:22:40Z" finished-at="2022-09-15T10:23:16Z">
          <reporter-output>
          </reporter-output>
        </test-method> <!-- ST_Ios_TC_7957_App_Installation_verify_ST_logo -->
        <test-method status="PASS" signature="afterMethod(org.testng.ITestResult)[pri:0, instance:com.mop.qa.test.regression.StraitsTimes_settings_phase1@4f638935]" name="afterMethod" is-config="true" duration-ms="1" started-at="2022-09-15T10:23:16Z" finished-at="2022-09-15T10:23:16Z">
          <params>
            <param index="0">
              <value>
                <![CDATA[[TestResult name=ST_Ios_TC_7957_App_Installation_verify_ST_logo status=SUCCESS method=StraitsTimes_settings_phase1.ST_Ios_TC_7957_App_Installation_verify_ST_logo()[pri:0, instance:com.mop.qa.test.regression.StraitsTimes_settings_phase1@4f638935] output={null}]]]>
              </value>
            </param>
          </params>
          <reporter-output>
          </reporter-output>
        </test-method> <!-- afterMethod -->
        <test-method status="PASS" signature="ST_Ios_TC_7945_Settings_LogOut_LogIn_Button_should_display()[pri:1, instance:com.mop.qa.test.regression.StraitsTimes_settings_phase1@4f638935]" name="ST_Ios_TC_7945_Settings_LogOut_LogIn_Button_should_display" duration-ms="118293" started-at="2022-09-15T10:23:16Z" finished-at="2022-09-15T10:25:14Z">
          <reporter-output>
          </reporter-output>
        </test-method> <!-- ST_Ios_TC_7945_Settings_LogOut_LogIn_Button_should_display -->
        <test-method status="PASS" signature="beforeMethod(java.lang.reflect.Method)[pri:0, instance:com.mop.qa.test.regression.StraitsTimes_settings_phase1@4f638935]" name="beforeMethod" is-config="true" duration-ms="0" started-at="2022-09-15T10:23:16Z" finished-at="2022-09-15T10:23:16Z">
          <params>
            <param index="0">
              <value>
                <![CDATA[public void com.mop.qa.test.regression.StraitsTimes_settings_phase1.ST_Ios_TC_7945_Settings_LogOut_LogIn_Button_should_display() throws java.lang.Exception]]>
              </value>
            </param>
          </params>
          <reporter-output>
          </reporter-output>
        </test-method> <!-- beforeMethod -->
        <test-method status="PASS" signature="afterMethod(org.testng.ITestResult)[pri:0, instance:com.mop.qa.test.regression.StraitsTimes_settings_phase1@4f638935]" name="afterMethod" is-config="true" duration-ms="1" started-at="2022-09-15T10:25:14Z" finished-at="2022-09-15T10:25:14Z">
          <params>
            <param index="0">
              <value>
                <![CDATA[[TestResult name=ST_Ios_TC_7945_Settings_LogOut_LogIn_Button_should_display status=SUCCESS method=StraitsTimes_settings_phase1.ST_Ios_TC_7945_Settings_LogOut_LogIn_Button_should_display()[pri:1, instance:com.mop.qa.test.regression.StraitsTimes_settings_phase1@4f638935] output={null}]]]>
              </value>
            </param>
          </params>
          <reporter-output>
          </reporter-output>
        </test-method> <!-- afterMethod -->
        <test-method status="PASS" signature="ST_Ios_TC_8008_Settings_Downloaded()[pri:2, instance:com.mop.qa.test.regression.StraitsTimes_settings_phase1@4f638935]" name="ST_Ios_TC_8008_Settings_Downloaded" duration-ms="61857" started-at="2022-09-15T10:25:14Z" finished-at="2022-09-15T10:26:16Z">
          <reporter-output>
          </reporter-output>
        </test-method> <!-- ST_Ios_TC_8008_Settings_Downloaded -->
        <test-method status="PASS" signature="beforeMethod(java.lang.reflect.Method)[pri:0, instance:com.mop.qa.test.regression.StraitsTimes_settings_phase1@4f638935]" name="beforeMethod" is-config="true" duration-ms="0" started-at="2022-09-15T10:25:14Z" finished-at="2022-09-15T10:25:14Z">
          <params>
            <param index="0">
              <value>
                <![CDATA[public void com.mop.qa.test.regression.StraitsTimes_settings_phase1.ST_Ios_TC_8008_Settings_Downloaded() throws java.lang.Exception]]>
              </value>
            </param>
          </params>
          <reporter-output>
          </reporter-output>
        </test-method> <!-- beforeMethod -->
        <test-method status="PASS" signature="afterMethod(org.testng.ITestResult)[pri:0, instance:com.mop.qa.test.regression.StraitsTimes_settings_phase1@4f638935]" name="afterMethod" is-config="true" duration-ms="1" started-at="2022-09-15T10:26:16Z" finished-at="2022-09-15T10:26:16Z">
          <params>
            <param index="0">
              <value>
                <![CDATA[[TestResult name=ST_Ios_TC_8008_Settings_Downloaded status=SUCCESS method=StraitsTimes_settings_phase1.ST_Ios_TC_8008_Settings_Downloaded()[pri:2, instance:com.mop.qa.test.regression.StraitsTimes_settings_phase1@4f638935] output={null}]]]>
              </value>
            </param>
          </params>
          <reporter-output>
          </reporter-output>
        </test-method> <!-- afterMethod -->
        <test-method status="PASS" signature="beforeMethod(java.lang.reflect.Method)[pri:0, instance:com.mop.qa.test.regression.StraitsTimes_settings_phase1@4f638935]" name="beforeMethod" is-config="true" duration-ms="0" started-at="2022-09-15T10:26:16Z" finished-at="2022-09-15T10:26:16Z">
          <params>
            <param index="0">
              <value>
                <![CDATA[public void com.mop.qa.test.regression.StraitsTimes_settings_phase1.ST_Ios_TC_7955_Settings_Autom_DL_Epaper() throws java.lang.Exception]]>
              </value>
            </param>
          </params>
          <reporter-output>
          </reporter-output>
        </test-method> <!-- beforeMethod -->
        <test-method status="PASS" signature="ST_Ios_TC_7955_Settings_Autom_DL_Epaper()[pri:3, instance:com.mop.qa.test.regression.StraitsTimes_settings_phase1@4f638935]" name="ST_Ios_TC_7955_Settings_Autom_DL_Epaper" duration-ms="21652" started-at="2022-09-15T10:26:16Z" finished-at="2022-09-15T10:26:38Z">
          <reporter-output>
          </reporter-output>
        </test-method> <!-- ST_Ios_TC_7955_Settings_Autom_DL_Epaper -->
        <test-method status="PASS" signature="afterMethod(org.testng.ITestResult)[pri:0, instance:com.mop.qa.test.regression.StraitsTimes_settings_phase1@4f638935]" name="afterMethod" is-config="true" duration-ms="1" started-at="2022-09-15T10:26:38Z" finished-at="2022-09-15T10:26:38Z">
          <params>
            <param index="0">
              <value>
                <![CDATA[[TestResult name=ST_Ios_TC_7955_Settings_Autom_DL_Epaper status=SUCCESS method=StraitsTimes_settings_phase1.ST_Ios_TC_7955_Settings_Autom_DL_Epaper()[pri:3, instance:com.mop.qa.test.regression.StraitsTimes_settings_phase1@4f638935] output={null}]]]>
              </value>
            </param>
          </params>
          <reporter-output>
          </reporter-output>
        </test-method> <!-- afterMethod -->
        <test-method status="PASS" signature="ST_Ios_TC_7941_Settings_News_Letters()[pri:4, instance:com.mop.qa.test.regression.StraitsTimes_settings_phase1@4f638935]" name="ST_Ios_TC_7941_Settings_News_Letters" duration-ms="13876" started-at="2022-09-15T10:26:38Z" finished-at="2022-09-15T10:26:52Z">
          <reporter-output>
          </reporter-output>
        </test-method> <!-- ST_Ios_TC_7941_Settings_News_Letters -->
        <test-method status="PASS" signature="beforeMethod(java.lang.reflect.Method)[pri:0, instance:com.mop.qa.test.regression.StraitsTimes_settings_phase1@4f638935]" name="beforeMethod" is-config="true" duration-ms="0" started-at="2022-09-15T10:26:38Z" finished-at="2022-09-15T10:26:38Z">
          <params>
            <param index="0">
              <value>
                <![CDATA[public void com.mop.qa.test.regression.StraitsTimes_settings_phase1.ST_Ios_TC_7941_Settings_News_Letters() throws java.lang.Exception]]>
              </value>
            </param>
          </params>
          <reporter-output>
          </reporter-output>
        </test-method> <!-- beforeMethod -->
        <test-method status="PASS" signature="afterMethod(org.testng.ITestResult)[pri:0, instance:com.mop.qa.test.regression.StraitsTimes_settings_phase1@4f638935]" name="afterMethod" is-config="true" duration-ms="1" started-at="2022-09-15T10:26:52Z" finished-at="2022-09-15T10:26:52Z">
          <params>
            <param index="0">
              <value>
                <![CDATA[[TestResult name=ST_Ios_TC_7941_Settings_News_Letters status=SUCCESS method=StraitsTimes_settings_phase1.ST_Ios_TC_7941_Settings_News_Letters()[pri:4, instance:com.mop.qa.test.regression.StraitsTimes_settings_phase1@4f638935] output={null}]]]>
              </value>
            </param>
          </params>
          <reporter-output>
          </reporter-output>
        </test-method> <!-- afterMethod -->
        <test-method status="PASS" signature="beforeMethod(java.lang.reflect.Method)[pri:0, instance:com.mop.qa.test.regression.StraitsTimes_settings_phase1@4f638935]" name="beforeMethod" is-config="true" duration-ms="0" started-at="2022-09-15T10:26:52Z" finished-at="2022-09-15T10:26:52Z">
          <params>
            <param index="0">
              <value>
                <![CDATA[public void com.mop.qa.test.regression.StraitsTimes_settings_phase1.ST_Ios_TC_7989_Settings_PrivacyPolicy() throws java.lang.Exception]]>
              </value>
            </param>
          </params>
          <reporter-output>
          </reporter-output>
        </test-method> <!-- beforeMethod -->
        <test-method status="PASS" signature="ST_Ios_TC_7989_Settings_PrivacyPolicy()[pri:5, instance:com.mop.qa.test.regression.StraitsTimes_settings_phase1@4f638935]" name="ST_Ios_TC_7989_Settings_PrivacyPolicy" duration-ms="45716" started-at="2022-09-15T10:26:52Z" finished-at="2022-09-15T10:27:38Z">
          <reporter-output>
          </reporter-output>
        </test-method> <!-- ST_Ios_TC_7989_Settings_PrivacyPolicy -->
        <test-method status="PASS" signature="afterMethod(org.testng.ITestResult)[pri:0, instance:com.mop.qa.test.regression.StraitsTimes_settings_phase1@4f638935]" name="afterMethod" is-config="true" duration-ms="1" started-at="2022-09-15T10:27:38Z" finished-at="2022-09-15T10:27:38Z">
          <params>
            <param index="0">
              <value>
                <![CDATA[[TestResult name=ST_Ios_TC_7989_Settings_PrivacyPolicy status=SUCCESS method=StraitsTimes_settings_phase1.ST_Ios_TC_7989_Settings_PrivacyPolicy()[pri:5, instance:com.mop.qa.test.regression.StraitsTimes_settings_phase1@4f638935] output={null}]]]>
              </value>
            </param>
          </params>
          <reporter-output>
          </reporter-output>
        </test-method> <!-- afterMethod -->
        <test-method status="PASS" signature="beforeMethod(java.lang.reflect.Method)[pri:0, instance:com.mop.qa.test.regression.StraitsTimes_settings_phase1@4f638935]" name="beforeMethod" is-config="true" duration-ms="0" started-at="2022-09-15T10:27:38Z" finished-at="2022-09-15T10:27:38Z">
          <params>
            <param index="0">
              <value>
                <![CDATA[public void com.mop.qa.test.regression.StraitsTimes_settings_phase1.ST_Ios_TC_8013_Settings_Terms_Condition() throws java.lang.Exception]]>
              </value>
            </param>
          </params>
          <reporter-output>
          </reporter-output>
        </test-method> <!-- beforeMethod -->
        <test-method status="PASS" signature="ST_Ios_TC_8013_Settings_Terms_Condition()[pri:6, instance:com.mop.qa.test.regression.StraitsTimes_settings_phase1@4f638935]" name="ST_Ios_TC_8013_Settings_Terms_Condition" duration-ms="22174" started-at="2022-09-15T10:27:38Z" finished-at="2022-09-15T10:28:00Z">
          <reporter-output>
          </reporter-output>
        </test-method> <!-- ST_Ios_TC_8013_Settings_Terms_Condition -->
        <test-method status="PASS" signature="afterMethod(org.testng.ITestResult)[pri:0, instance:com.mop.qa.test.regression.StraitsTimes_settings_phase1@4f638935]" name="afterMethod" is-config="true" duration-ms="1" started-at="2022-09-15T10:28:00Z" finished-at="2022-09-15T10:28:00Z">
          <params>
            <param index="0">
              <value>
                <![CDATA[[TestResult name=ST_Ios_TC_8013_Settings_Terms_Condition status=SUCCESS method=StraitsTimes_settings_phase1.ST_Ios_TC_8013_Settings_Terms_Condition()[pri:6, instance:com.mop.qa.test.regression.StraitsTimes_settings_phase1@4f638935] output={null}]]]>
              </value>
            </param>
          </params>
          <reporter-output>
          </reporter-output>
        </test-method> <!-- afterMethod -->
        <test-method status="PASS" signature="beforeMethod(java.lang.reflect.Method)[pri:0, instance:com.mop.qa.test.regression.StraitsTimes_settings_phase1@4f638935]" name="beforeMethod" is-config="true" duration-ms="0" started-at="2022-09-15T10:28:00Z" finished-at="2022-09-15T10:28:00Z">
          <params>
            <param index="0">
              <value>
                <![CDATA[public void com.mop.qa.test.regression.StraitsTimes_settings_phase1.ST_Ios_TC_8007_Settings_Version_Number() throws java.lang.Exception]]>
              </value>
            </param>
          </params>
          <reporter-output>
          </reporter-output>
        </test-method> <!-- beforeMethod -->
        <test-method status="PASS" signature="ST_Ios_TC_8007_Settings_Version_Number()[pri:7, instance:com.mop.qa.test.regression.StraitsTimes_settings_phase1@4f638935]" name="ST_Ios_TC_8007_Settings_Version_Number" duration-ms="5916" started-at="2022-09-15T10:28:00Z" finished-at="2022-09-15T10:28:06Z">
          <reporter-output>
          </reporter-output>
        </test-method> <!-- ST_Ios_TC_8007_Settings_Version_Number -->
        <test-method status="PASS" signature="afterMethod(org.testng.ITestResult)[pri:0, instance:com.mop.qa.test.regression.StraitsTimes_settings_phase1@4f638935]" name="afterMethod" is-config="true" duration-ms="1" started-at="2022-09-15T10:28:06Z" finished-at="2022-09-15T10:28:06Z">
          <params>
            <param index="0">
              <value>
                <![CDATA[[TestResult name=ST_Ios_TC_8007_Settings_Version_Number status=SUCCESS method=StraitsTimes_settings_phase1.ST_Ios_TC_8007_Settings_Version_Number()[pri:7, instance:com.mop.qa.test.regression.StraitsTimes_settings_phase1@4f638935] output={null}]]]>
              </value>
            </param>
          </params>
          <reporter-output>
          </reporter-output>
        </test-method> <!-- afterMethod -->
        <test-method status="PASS" signature="beforeMethod(java.lang.reflect.Method)[pri:0, instance:com.mop.qa.test.regression.StraitsTimes_settings_phase1@4f638935]" name="beforeMethod" is-config="true" duration-ms="0" started-at="2022-09-15T10:28:06Z" finished-at="2022-09-15T10:28:06Z">
          <params>
            <param index="0">
              <value>
                <![CDATA[public void com.mop.qa.test.regression.StraitsTimes_settings_phase1.ST_Ios_TC_7974_Settings_FAQS_and_HELP() throws java.lang.Exception]]>
              </value>
            </param>
          </params>
          <reporter-output>
          </reporter-output>
        </test-method> <!-- beforeMethod -->
        <test-method status="PASS" signature="ST_Ios_TC_7974_Settings_FAQS_and_HELP()[pri:8, instance:com.mop.qa.test.regression.StraitsTimes_settings_phase1@4f638935]" name="ST_Ios_TC_7974_Settings_FAQS_and_HELP" duration-ms="21208" started-at="2022-09-15T10:28:06Z" finished-at="2022-09-15T10:28:27Z">
          <reporter-output>
          </reporter-output>
        </test-method> <!-- ST_Ios_TC_7974_Settings_FAQS_and_HELP -->
        <test-method status="PASS" signature="afterMethod(org.testng.ITestResult)[pri:0, instance:com.mop.qa.test.regression.StraitsTimes_settings_phase1@4f638935]" name="afterMethod" is-config="true" duration-ms="1" started-at="2022-09-15T10:28:27Z" finished-at="2022-09-15T10:28:27Z">
          <params>
            <param index="0">
              <value>
                <![CDATA[[TestResult name=ST_Ios_TC_7974_Settings_FAQS_and_HELP status=SUCCESS method=StraitsTimes_settings_phase1.ST_Ios_TC_7974_Settings_FAQS_and_HELP()[pri:8, instance:com.mop.qa.test.regression.StraitsTimes_settings_phase1@4f638935] output={null}]]]>
              </value>
            </param>
          </params>
          <reporter-output>
          </reporter-output>
        </test-method> <!-- afterMethod -->
        <test-method status="PASS" signature="beforeMethod(java.lang.reflect.Method)[pri:0, instance:com.mop.qa.test.regression.StraitsTimes_settings_phase1@4f638935]" name="beforeMethod" is-config="true" duration-ms="0" started-at="2022-09-15T10:28:27Z" finished-at="2022-09-15T10:28:27Z">
          <params>
            <param index="0">
              <value>
                <![CDATA[public void com.mop.qa.test.regression.StraitsTimes_settings_phase1.ST_Ios_TC_7991_Settings_Advertising_Inquiry() throws java.lang.Exception]]>
              </value>
            </param>
          </params>
          <reporter-output>
          </reporter-output>
        </test-method> <!-- beforeMethod -->
        <test-method status="PASS" signature="ST_Ios_TC_7991_Settings_Advertising_Inquiry()[pri:9, instance:com.mop.qa.test.regression.StraitsTimes_settings_phase1@4f638935]" name="ST_Ios_TC_7991_Settings_Advertising_Inquiry" duration-ms="19789" started-at="2022-09-15T10:28:27Z" finished-at="2022-09-15T10:28:47Z">
          <reporter-output>
          </reporter-output>
        </test-method> <!-- ST_Ios_TC_7991_Settings_Advertising_Inquiry -->
        <test-method status="PASS" signature="afterMethod(org.testng.ITestResult)[pri:0, instance:com.mop.qa.test.regression.StraitsTimes_settings_phase1@4f638935]" name="afterMethod" is-config="true" duration-ms="1" started-at="2022-09-15T10:28:47Z" finished-at="2022-09-15T10:28:47Z">
          <params>
            <param index="0">
              <value>
                <![CDATA[[TestResult name=ST_Ios_TC_7991_Settings_Advertising_Inquiry status=SUCCESS method=StraitsTimes_settings_phase1.ST_Ios_TC_7991_Settings_Advertising_Inquiry()[pri:9, instance:com.mop.qa.test.regression.StraitsTimes_settings_phase1@4f638935] output={null}]]]>
              </value>
            </param>
          </params>
          <reporter-output>
          </reporter-output>
        </test-method> <!-- afterMethod -->
        <test-method status="PASS" signature="beforeMethod(java.lang.reflect.Method)[pri:0, instance:com.mop.qa.test.regression.StraitsTimes_settings_phase1@4f638935]" name="beforeMethod" is-config="true" duration-ms="0" started-at="2022-09-15T10:28:47Z" finished-at="2022-09-15T10:28:47Z">
          <params>
            <param index="0">
              <value>
                <![CDATA[public void com.mop.qa.test.regression.StraitsTimes_settings_phase1.ST_Ios_TC_7958_Text_Size() throws java.lang.Exception]]>
              </value>
            </param>
          </params>
          <reporter-output>
          </reporter-output>
        </test-method> <!-- beforeMethod -->
        <test-method status="PASS" signature="ST_Ios_TC_7958_Text_Size()[pri:10, instance:com.mop.qa.test.regression.StraitsTimes_settings_phase1@4f638935]" name="ST_Ios_TC_7958_Text_Size" duration-ms="72938" started-at="2022-09-15T10:28:47Z" finished-at="2022-09-15T10:30:00Z">
          <reporter-output>
          </reporter-output>
        </test-method> <!-- ST_Ios_TC_7958_Text_Size -->
        <test-method status="PASS" signature="afterMethod(org.testng.ITestResult)[pri:0, instance:com.mop.qa.test.regression.StraitsTimes_settings_phase1@4f638935]" name="afterMethod" is-config="true" duration-ms="1" started-at="2022-09-15T10:30:00Z" finished-at="2022-09-15T10:30:00Z">
          <params>
            <param index="0">
              <value>
                <![CDATA[[TestResult name=ST_Ios_TC_7958_Text_Size status=SUCCESS method=StraitsTimes_settings_phase1.ST_Ios_TC_7958_Text_Size()[pri:10, instance:com.mop.qa.test.regression.StraitsTimes_settings_phase1@4f638935] output={null}]]]>
              </value>
            </param>
          </params>
          <reporter-output>
          </reporter-output>
        </test-method> <!-- afterMethod -->
      </class> <!-- com.mop.qa.test.regression.StraitsTimes_settings_phase1 -->
    </test> <!-- StraitsTimes_settings_phase1-Run1 -->
    <test name="StraitTimes_homePage-Run1" duration-ms="356715" started-at="2022-09-15T05:00:00Z" finished-at="2022-09-15T05:05:56Z">
      <class name="com.mop.qa.test.regression.StraitTimes_homePage">
        <test-method status="PASS" signature="startTestReport(org.testng.ITestContext)[pri:0, instance:com.mop.qa.test.regression.StraitTimes_homePage@7ff95560]" name="startTestReport" is-config="true" duration-ms="101642" started-at="2022-09-15T10:30:00Z" finished-at="2022-09-15T10:31:41Z">
          <params>
            <param index="0">
              <value>
                <![CDATA[org.testng.TestRunner@174afd12]]>
              </value>
            </param>
          </params>
          <reporter-output>
          </reporter-output>
        </test-method> <!-- startTestReport -->
        <test-method status="PASS" signature="beforeMethod(java.lang.reflect.Method)[pri:0, instance:com.mop.qa.test.regression.StraitTimes_homePage@7ff95560]" name="beforeMethod" is-config="true" duration-ms="1" started-at="2022-09-15T10:31:41Z" finished-at="2022-09-15T10:31:41Z">
          <params>
            <param index="0">
              <value>
                <![CDATA[public void com.mop.qa.test.regression.StraitTimes_homePage.Sprint11_TC_7924_Verify_user_can_navigate_to_article_page_from_homepage()]]>
              </value>
            </param>
          </params>
          <reporter-output>
          </reporter-output>
        </test-method> <!-- beforeMethod -->
        <test-method status="PASS" signature="Sprint11_TC_7924_Verify_user_can_navigate_to_article_page_from_homepage()[pri:1, instance:com.mop.qa.test.regression.StraitTimes_homePage@7ff95560]" name="Sprint11_TC_7924_Verify_user_can_navigate_to_article_page_from_homepage" duration-ms="123876" started-at="2022-09-15T10:31:41Z" finished-at="2022-09-15T10:33:45Z">
          <reporter-output>
          </reporter-output>
        </test-method> <!-- Sprint11_TC_7924_Verify_user_can_navigate_to_article_page_from_homepage -->
        <test-method status="PASS" signature="afterMethod(org.testng.ITestResult)[pri:0, instance:com.mop.qa.test.regression.StraitTimes_homePage@7ff95560]" name="afterMethod" is-config="true" duration-ms="1" started-at="2022-09-15T10:33:45Z" finished-at="2022-09-15T10:33:45Z">
          <params>
            <param index="0">
              <value>
                <![CDATA[[TestResult name=Sprint11_TC_7924_Verify_user_can_navigate_to_article_page_from_homepage status=SUCCESS method=StraitTimes_homePage.Sprint11_TC_7924_Verify_user_can_navigate_to_article_page_from_homepage()[pri:1, instance:com.mop.qa.test.regression.StraitTimes_homePage@7ff95560] output={null}]]]>
              </value>
            </param>
          </params>
          <reporter-output>
          </reporter-output>
        </test-method> <!-- afterMethod -->
        <test-method status="PASS" signature="Sprint11_TC_7978_TabUI()[pri:2, instance:com.mop.qa.test.regression.StraitTimes_homePage@7ff95560]" name="Sprint11_TC_7978_TabUI" duration-ms="131194" started-at="2022-09-15T10:33:45Z" finished-at="2022-09-15T10:35:56Z">
          <reporter-output>
          </reporter-output>
        </test-method> <!-- Sprint11_TC_7978_TabUI -->
        <test-method status="PASS" signature="beforeMethod(java.lang.reflect.Method)[pri:0, instance:com.mop.qa.test.regression.StraitTimes_homePage@7ff95560]" name="beforeMethod" is-config="true" duration-ms="0" started-at="2022-09-15T10:33:45Z" finished-at="2022-09-15T10:33:45Z">
          <params>
            <param index="0">
              <value>
                <![CDATA[public void com.mop.qa.test.regression.StraitTimes_homePage.Sprint11_TC_7978_TabUI()]]>
              </value>
            </param>
          </params>
          <reporter-output>
          </reporter-output>
        </test-method> <!-- beforeMethod -->
        <test-method status="PASS" signature="afterMethod(org.testng.ITestResult)[pri:0, instance:com.mop.qa.test.regression.StraitTimes_homePage@7ff95560]" name="afterMethod" is-config="true" duration-ms="0" started-at="2022-09-15T10:35:56Z" finished-at="2022-09-15T10:35:56Z">
          <params>
            <param index="0">
              <value>
                <![CDATA[[TestResult name=Sprint11_TC_7978_TabUI status=SUCCESS method=StraitTimes_homePage.Sprint11_TC_7978_TabUI()[pri:2, instance:com.mop.qa.test.regression.StraitTimes_homePage@7ff95560] output={null}]]]>
              </value>
            </param>
          </params>
          <reporter-output>
          </reporter-output>
        </test-method> <!-- afterMethod -->
      </class> <!-- com.mop.qa.test.regression.StraitTimes_homePage -->
    </test> <!-- StraitTimes_homePage-Run1 -->
    <test name="Articles_detail_page-Run1" duration-ms="847597" started-at="2022-09-15T05:05:56Z" finished-at="2022-09-15T05:20:04Z">
      <class name="com.mop.qa.test.regression.Articles_detail_page">
        <test-method status="PASS" signature="startTestReport(org.testng.ITestContext)[pri:0, instance:com.mop.qa.test.regression.Articles_detail_page@78dd667e]" name="startTestReport" is-config="true" duration-ms="103773" started-at="2022-09-15T10:35:56Z" finished-at="2022-09-15T10:37:40Z">
          <params>
            <param index="0">
              <value>
                <![CDATA[org.testng.TestRunner@16d26630]]>
              </value>
            </param>
          </params>
          <reporter-output>
          </reporter-output>
        </test-method> <!-- startTestReport -->
        <test-method status="PASS" signature="beforeMethod(java.lang.reflect.Method)[pri:0, instance:com.mop.qa.test.regression.Articles_detail_page@78dd667e]" name="beforeMethod" is-config="true" duration-ms="0" started-at="2022-09-15T10:37:40Z" finished-at="2022-09-15T10:37:40Z">
          <params>
            <param index="0">
              <value>
                <![CDATA[public void com.mop.qa.test.regression.Articles_detail_page.Sprint12_TC_7950_Article_Details_page_Ads() throws java.lang.Exception]]>
              </value>
            </param>
          </params>
          <reporter-output>
          </reporter-output>
        </test-method> <!-- beforeMethod -->
        <test-method status="PASS" signature="Sprint12_TC_7950_Article_Details_page_Ads()[pri:1, instance:com.mop.qa.test.regression.Articles_detail_page@78dd667e]" name="Sprint12_TC_7950_Article_Details_page_Ads" duration-ms="743818" started-at="2022-09-15T10:37:40Z" finished-at="2022-09-15T10:50:04Z">
          <reporter-output>
          </reporter-output>
        </test-method> <!-- Sprint12_TC_7950_Article_Details_page_Ads -->
        <test-method status="PASS" signature="afterMethod(org.testng.ITestResult)[pri:0, instance:com.mop.qa.test.regression.Articles_detail_page@78dd667e]" name="afterMethod" is-config="true" duration-ms="3" started-at="2022-09-15T10:50:04Z" finished-at="2022-09-15T10:50:04Z">
          <params>
            <param index="0">
              <value>
                <![CDATA[[TestResult name=Sprint12_TC_7950_Article_Details_page_Ads status=SUCCESS method=Articles_detail_page.Sprint12_TC_7950_Article_Details_page_Ads()[pri:1, instance:com.mop.qa.test.regression.Articles_detail_page@78dd667e] output={null}]]]>
              </value>
            </param>
          </params>
          <reporter-output>
          </reporter-output>
        </test-method> <!-- afterMethod -->
      </class> <!-- com.mop.qa.test.regression.Articles_detail_page -->
    </test> <!-- Articles_detail_page-Run1 -->
    <test name="Article_Listing_Page-Run1" duration-ms="742608" started-at="2022-09-15T05:20:04Z" finished-at="2022-09-15T05:32:27Z">
      <class name="com.mop.qa.test.regression.Article_Listing_Page">
        <test-method status="PASS" signature="startTestReport(org.testng.ITestContext)[pri:0, instance:com.mop.qa.test.regression.Article_Listing_Page@79ad8b2f]" name="startTestReport" is-config="true" duration-ms="108398" started-at="2022-09-15T10:50:04Z" finished-at="2022-09-15T10:51:52Z">
          <params>
            <param index="0">
              <value>
                <![CDATA[org.testng.TestRunner@368c3f75]]>
              </value>
            </param>
          </params>
          <reporter-output>
          </reporter-output>
        </test-method> <!-- startTestReport -->
        <test-method status="PASS" signature="beforeMethod(java.lang.reflect.Method)[pri:0, instance:com.mop.qa.test.regression.Article_Listing_Page@79ad8b2f]" name="beforeMethod" is-config="true" duration-ms="1" started-at="2022-09-15T10:51:52Z" finished-at="2022-09-15T10:51:52Z">
          <params>
            <param index="0">
              <value>
                <![CDATA[public void com.mop.qa.test.regression.Article_Listing_Page.Sprint12_TC_7965_article_Listing_Page_share_via_author_Share() throws java.lang.Exception]]>
              </value>
            </param>
          </params>
          <reporter-output>
          </reporter-output>
        </test-method> <!-- beforeMethod -->
        <test-method status="PASS" signature="Sprint12_TC_7965_article_Listing_Page_share_via_author_Share()[pri:1, instance:com.mop.qa.test.regression.Article_Listing_Page@79ad8b2f]" name="Sprint12_TC_7965_article_Listing_Page_share_via_author_Share" duration-ms="152254" started-at="2022-09-15T10:51:52Z" finished-at="2022-09-15T10:54:25Z">
          <reporter-output>
          </reporter-output>
        </test-method> <!-- Sprint12_TC_7965_article_Listing_Page_share_via_author_Share -->
        <test-method status="PASS" signature="Launch_and_Close_app()[pri:0, instance:com.mop.qa.test.regression.Article_Listing_Page@79ad8b2f]" name="Launch_and_Close_app" is-config="true" duration-ms="11383" started-at="2022-09-15T10:54:25Z" finished-at="2022-09-15T10:54:36Z">
          <reporter-output>
          </reporter-output>
        </test-method> <!-- Launch_and_Close_app -->
        <test-method status="PASS" signature="afterMethod(org.testng.ITestResult)[pri:0, instance:com.mop.qa.test.regression.Article_Listing_Page@79ad8b2f]" name="afterMethod" is-config="true" duration-ms="1" started-at="2022-09-15T10:54:36Z" finished-at="2022-09-15T10:54:36Z">
          <params>
            <param index="0">
              <value>
                <![CDATA[[TestResult name=Sprint12_TC_7965_article_Listing_Page_share_via_author_Share status=SUCCESS method=Article_Listing_Page.Sprint12_TC_7965_article_Listing_Page_share_via_author_Share()[pri:1, instance:com.mop.qa.test.regression.Article_Listing_Page@79ad8b2f] output={null}]]]>
              </value>
            </param>
          </params>
          <reporter-output>
          </reporter-output>
        </test-method> <!-- afterMethod -->
        <test-method status="PASS" signature="Sprint12_TC_7966_Article_listing_page_Via_Elastic_search_Share()[pri:2, instance:com.mop.qa.test.regression.Article_Listing_Page@79ad8b2f]" name="Sprint12_TC_7966_Article_listing_page_Via_Elastic_search_Share" duration-ms="185763" started-at="2022-09-15T10:54:36Z" finished-at="2022-09-15T10:57:42Z">
          <reporter-output>
          </reporter-output>
        </test-method> <!-- Sprint12_TC_7966_Article_listing_page_Via_Elastic_search_Share -->
        <test-method status="PASS" signature="beforeMethod(java.lang.reflect.Method)[pri:0, instance:com.mop.qa.test.regression.Article_Listing_Page@79ad8b2f]" name="beforeMethod" is-config="true" duration-ms="0" started-at="2022-09-15T10:54:36Z" finished-at="2022-09-15T10:54:36Z">
          <params>
            <param index="0">
              <value>
                <![CDATA[public void com.mop.qa.test.regression.Article_Listing_Page.Sprint12_TC_7966_Article_listing_page_Via_Elastic_search_Share() throws java.lang.Exception]]>
              </value>
            </param>
          </params>
          <reporter-output>
          </reporter-output>
        </test-method> <!-- beforeMethod -->
        <test-method status="PASS" signature="Launch_and_Close_app()[pri:0, instance:com.mop.qa.test.regression.Article_Listing_Page@79ad8b2f]" name="Launch_and_Close_app" is-config="true" duration-ms="12572" started-at="2022-09-15T10:57:42Z" finished-at="2022-09-15T10:57:54Z">
          <reporter-output>
          </reporter-output>
        </test-method> <!-- Launch_and_Close_app -->
        <test-method status="PASS" signature="afterMethod(org.testng.ITestResult)[pri:0, instance:com.mop.qa.test.regression.Article_Listing_Page@79ad8b2f]" name="afterMethod" is-config="true" duration-ms="1" started-at="2022-09-15T10:57:54Z" finished-at="2022-09-15T10:57:54Z">
          <params>
            <param index="0">
              <value>
                <![CDATA[[TestResult name=Sprint12_TC_7966_Article_listing_page_Via_Elastic_search_Share status=SUCCESS method=Article_Listing_Page.Sprint12_TC_7966_Article_listing_page_Via_Elastic_search_Share()[pri:2, instance:com.mop.qa.test.regression.Article_Listing_Page@79ad8b2f] output={null}]]]>
              </value>
            </param>
          </params>
          <reporter-output>
          </reporter-output>
        </test-method> <!-- afterMethod -->
        <test-method status="PASS" signature="Sprint12_TC_8000_Article_listing_page_Via_Section_pages_Share()[pri:3, instance:com.mop.qa.test.regression.Article_Listing_Page@79ad8b2f]" name="Sprint12_TC_8000_Article_listing_page_Via_Section_pages_Share" duration-ms="245714" started-at="2022-09-15T10:57:54Z" finished-at="2022-09-15T11:02:00Z">
          <reporter-output>
          </reporter-output>
        </test-method> <!-- Sprint12_TC_8000_Article_listing_page_Via_Section_pages_Share -->
        <test-method status="PASS" signature="beforeMethod(java.lang.reflect.Method)[pri:0, instance:com.mop.qa.test.regression.Article_Listing_Page@79ad8b2f]" name="beforeMethod" is-config="true" duration-ms="0" started-at="2022-09-15T10:57:54Z" finished-at="2022-09-15T10:57:54Z">
          <params>
            <param index="0">
              <value>
                <![CDATA[public void com.mop.qa.test.regression.Article_Listing_Page.Sprint12_TC_8000_Article_listing_page_Via_Section_pages_Share() throws java.lang.Exception]]>
              </value>
            </param>
          </params>
          <reporter-output>
          </reporter-output>
        </test-method> <!-- beforeMethod -->
        <test-method status="PASS" signature="Launch_and_Close_app()[pri:0, instance:com.mop.qa.test.regression.Article_Listing_Page@79ad8b2f]" name="Launch_and_Close_app" is-config="true" duration-ms="26512" started-at="2022-09-15T11:02:00Z" finished-at="2022-09-15T11:02:27Z">
          <reporter-output>
          </reporter-output>
        </test-method> <!-- Launch_and_Close_app -->
        <test-method status="PASS" signature="afterMethod(org.testng.ITestResult)[pri:0, instance:com.mop.qa.test.regression.Article_Listing_Page@79ad8b2f]" name="afterMethod" is-config="true" duration-ms="2" started-at="2022-09-15T11:02:27Z" finished-at="2022-09-15T11:02:27Z">
          <params>
            <param index="0">
              <value>
                <![CDATA[[TestResult name=Sprint12_TC_8000_Article_listing_page_Via_Section_pages_Share status=SUCCESS method=Article_Listing_Page.Sprint12_TC_8000_Article_listing_page_Via_Section_pages_Share()[pri:3, instance:com.mop.qa.test.regression.Article_Listing_Page@79ad8b2f] output={null}]]]>
              </value>
            </param>
          </params>
          <reporter-output>
          </reporter-output>
        </test-method> <!-- afterMethod -->
      </class> <!-- com.mop.qa.test.regression.Article_Listing_Page -->
    </test> <!-- Article_Listing_Page-Run1 -->
    <test name="ST_Epaper-Run1" duration-ms="929611" started-at="2022-09-15T05:32:27Z" finished-at="2022-09-15T05:47:56Z">
      <class name="com.mop.qa.test.regression.ST_Epaper">
        <test-method status="PASS" signature="startTestReport(org.testng.ITestContext)[pri:0, instance:com.mop.qa.test.regression.ST_Epaper@7995092a]" name="startTestReport" is-config="true" duration-ms="171792" started-at="2022-09-15T11:02:27Z" finished-at="2022-09-15T11:05:18Z">
          <params>
            <param index="0">
              <value>
                <![CDATA[org.testng.TestRunner@8314920]]>
              </value>
            </param>
          </params>
          <reporter-output>
          </reporter-output>
        </test-method> <!-- startTestReport -->
        <test-method status="PASS" signature="beforeMethod(java.lang.reflect.Method)[pri:0, instance:com.mop.qa.test.regression.ST_Epaper@7995092a]" name="beforeMethod" is-config="true" duration-ms="1" started-at="2022-09-15T11:05:18Z" finished-at="2022-09-15T11:05:18Z">
          <params>
            <param index="0">
              <value>
                <![CDATA[public void com.mop.qa.test.regression.ST_Epaper.Sprint12_TC_7900_ePaper_Download_archived_eaper() throws java.lang.Exception]]>
              </value>
            </param>
          </params>
          <reporter-output>
          </reporter-output>
        </test-method> <!-- beforeMethod -->
        <test-method status="PASS" signature="Sprint12_TC_7900_ePaper_Download_archived_eaper()[pri:1, instance:com.mop.qa.test.regression.ST_Epaper@7995092a]" name="Sprint12_TC_7900_ePaper_Download_archived_eaper" duration-ms="280727" started-at="2022-09-15T11:05:18Z" finished-at="2022-09-15T11:09:59Z">
          <reporter-output>
          </reporter-output>
        </test-method> <!-- Sprint12_TC_7900_ePaper_Download_archived_eaper -->
        <test-method status="PASS" signature="afterMethod(org.testng.ITestResult)[pri:0, instance:com.mop.qa.test.regression.ST_Epaper@7995092a]" name="afterMethod" is-config="true" duration-ms="1" started-at="2022-09-15T11:09:59Z" finished-at="2022-09-15T11:09:59Z">
          <params>
            <param index="0">
              <value>
                <![CDATA[[TestResult name=Sprint12_TC_7900_ePaper_Download_archived_eaper status=SUCCESS method=ST_Epaper.Sprint12_TC_7900_ePaper_Download_archived_eaper()[pri:1, instance:com.mop.qa.test.regression.ST_Epaper@7995092a] output={null}]]]>
              </value>
            </param>
          </params>
          <reporter-output>
          </reporter-output>
        </test-method> <!-- afterMethod -->
        <test-method status="PASS" signature="beforeMethod(java.lang.reflect.Method)[pri:0, instance:com.mop.qa.test.regression.ST_Epaper@7995092a]" name="beforeMethod" is-config="true" duration-ms="0" started-at="2022-09-15T11:09:59Z" finished-at="2022-09-15T11:09:59Z">
          <params>
            <param index="0">
              <value>
                <![CDATA[public void com.mop.qa.test.regression.ST_Epaper.Sprint12_TC_7913_ePaper_Read_archived_eaper() throws java.lang.Exception]]>
              </value>
            </param>
          </params>
          <reporter-output>
          </reporter-output>
        </test-method> <!-- beforeMethod -->
        <test-method status="PASS" signature="Sprint12_TC_7913_ePaper_Read_archived_eaper()[pri:2, instance:com.mop.qa.test.regression.ST_Epaper@7995092a]" name="Sprint12_TC_7913_ePaper_Read_archived_eaper" duration-ms="477071" started-at="2022-09-15T11:09:59Z" finished-at="2022-09-15T11:17:56Z">
          <reporter-output>
          </reporter-output>
        </test-method> <!-- Sprint12_TC_7913_ePaper_Read_archived_eaper -->
        <test-method status="PASS" signature="afterMethod(org.testng.ITestResult)[pri:0, instance:com.mop.qa.test.regression.ST_Epaper@7995092a]" name="afterMethod" is-config="true" duration-ms="8" started-at="2022-09-15T11:17:56Z" finished-at="2022-09-15T11:17:56Z">
          <params>
            <param index="0">
              <value>
                <![CDATA[[TestResult name=Sprint12_TC_7913_ePaper_Read_archived_eaper status=SUCCESS method=ST_Epaper.Sprint12_TC_7913_ePaper_Read_archived_eaper()[pri:2, instance:com.mop.qa.test.regression.ST_Epaper@7995092a] output={null}]]]>
              </value>
            </param>
          </params>
          <reporter-output>
          </reporter-output>
        </test-method> <!-- afterMethod -->
      </class> <!-- com.mop.qa.test.regression.ST_Epaper -->
    </test> <!-- ST_Epaper-Run1 -->
    <test name="ST_Regression_sprint12-Run1" duration-ms="2358229" started-at="2022-09-15T05:47:56Z" finished-at="2022-09-15T06:27:14Z">
      <class name="com.mop.qa.test.regression.ST_Regression_sprint12">
        <test-method status="PASS" signature="startTestReport(org.testng.ITestContext)[pri:0, instance:com.mop.qa.test.regression.ST_Regression_sprint12@1e730495]" name="startTestReport" is-config="true" duration-ms="120431" started-at="2022-09-15T11:17:56Z" finished-at="2022-09-15T11:19:57Z">
          <params>
            <param index="0">
              <value>
                <![CDATA[org.testng.TestRunner@48d38759]]>
              </value>
            </param>
          </params>
          <reporter-output>
          </reporter-output>
        </test-method> <!-- startTestReport -->
        <test-method status="PASS" signature="beforeMethod(java.lang.reflect.Method)[pri:0, instance:com.mop.qa.test.regression.ST_Regression_sprint12@1e730495]" name="beforeMethod" is-config="true" duration-ms="2" started-at="2022-09-15T11:19:57Z" finished-at="2022-09-15T11:19:57Z">
          <params>
            <param index="0">
              <value>
                <![CDATA[public void com.mop.qa.test.regression.ST_Regression_sprint12.Sprint12_TC_7464_7975_7944_ST()]]>
              </value>
            </param>
          </params>
          <reporter-output>
          </reporter-output>
        </test-method> <!-- beforeMethod -->
        <test-method status="PASS" signature="Sprint12_TC_7464_7975_7944_ST()[pri:0, instance:com.mop.qa.test.regression.ST_Regression_sprint12@1e730495]" name="Sprint12_TC_7464_7975_7944_ST" duration-ms="381820" started-at="2022-09-15T11:19:57Z" finished-at="2022-09-15T11:26:18Z">
          <reporter-output>
          </reporter-output>
        </test-method> <!-- Sprint12_TC_7464_7975_7944_ST -->
        <test-method status="PASS" signature="Launch_and_Close_app()[pri:0, instance:com.mop.qa.test.regression.ST_Regression_sprint12@1e730495]" name="Launch_and_Close_app" is-config="true" duration-ms="11620" started-at="2022-09-15T11:26:18Z" finished-at="2022-09-15T11:26:30Z">
          <reporter-output>
          </reporter-output>
        </test-method> <!-- Launch_and_Close_app -->
        <test-method status="PASS" signature="afterMethod(org.testng.ITestResult)[pri:0, instance:com.mop.qa.test.regression.ST_Regression_sprint12@1e730495]" name="afterMethod" is-config="true" duration-ms="15" started-at="2022-09-15T11:26:30Z" finished-at="2022-09-15T11:26:30Z">
          <params>
            <param index="0">
              <value>
                <![CDATA[[TestResult name=Sprint12_TC_7464_7975_7944_ST status=SUCCESS method=ST_Regression_sprint12.Sprint12_TC_7464_7975_7944_ST()[pri:0, instance:com.mop.qa.test.regression.ST_Regression_sprint12@1e730495] output={null}]]]>
              </value>
            </param>
          </params>
          <reporter-output>
          </reporter-output>
        </test-method> <!-- afterMethod -->
        <test-method status="PASS" signature="beforeMethod(java.lang.reflect.Method)[pri:0, instance:com.mop.qa.test.regression.ST_Regression_sprint12@1e730495]" name="beforeMethod" is-config="true" duration-ms="2" started-at="2022-09-15T11:26:30Z" finished-at="2022-09-15T11:26:30Z">
          <params>
            <param index="0">
              <value>
                <![CDATA[public void com.mop.qa.test.regression.ST_Regression_sprint12.Sprint12_TC_7960_Homepage_UI_navigation_is_fine()]]>
              </value>
            </param>
          </params>
          <reporter-output>
          </reporter-output>
        </test-method> <!-- beforeMethod -->
        <test-method status="PASS" signature="Sprint12_TC_7960_Homepage_UI_navigation_is_fine()[pri:1, instance:com.mop.qa.test.regression.ST_Regression_sprint12@1e730495]" name="Sprint12_TC_7960_Homepage_UI_navigation_is_fine" duration-ms="352020" started-at="2022-09-15T11:26:30Z" finished-at="2022-09-15T11:32:22Z">
          <reporter-output>
          </reporter-output>
        </test-method> <!-- Sprint12_TC_7960_Homepage_UI_navigation_is_fine -->
        <test-method status="PASS" signature="Launch_and_Close_app()[pri:0, instance:com.mop.qa.test.regression.ST_Regression_sprint12@1e730495]" name="Launch_and_Close_app" is-config="true" duration-ms="15348" started-at="2022-09-15T11:32:22Z" finished-at="2022-09-15T11:32:38Z">
          <reporter-output>
          </reporter-output>
        </test-method> <!-- Launch_and_Close_app -->
        <test-method status="PASS" signature="afterMethod(org.testng.ITestResult)[pri:0, instance:com.mop.qa.test.regression.ST_Regression_sprint12@1e730495]" name="afterMethod" is-config="true" duration-ms="2" started-at="2022-09-15T11:32:38Z" finished-at="2022-09-15T11:32:38Z">
          <params>
            <param index="0">
              <value>
                <![CDATA[[TestResult name=Sprint12_TC_7960_Homepage_UI_navigation_is_fine status=SUCCESS method=ST_Regression_sprint12.Sprint12_TC_7960_Homepage_UI_navigation_is_fine()[pri:1, instance:com.mop.qa.test.regression.ST_Regression_sprint12@1e730495] output={null}]]]>
              </value>
            </param>
          </params>
          <reporter-output>
          </reporter-output>
        </test-method> <!-- afterMethod -->
        <test-method status="PASS" signature="beforeMethod(java.lang.reflect.Method)[pri:0, instance:com.mop.qa.test.regression.ST_Regression_sprint12@1e730495]" name="beforeMethod" is-config="true" duration-ms="0" started-at="2022-09-15T11:32:38Z" finished-at="2022-09-15T11:32:38Z">
          <params>
            <param index="0">
              <value>
                <![CDATA[public void com.mop.qa.test.regression.ST_Regression_sprint12.Sprint12_TC_7932_Homepage_MoreLink()]]>
              </value>
            </param>
          </params>
          <reporter-output>
          </reporter-output>
        </test-method> <!-- beforeMethod -->
        <test-method status="PASS" signature="Sprint12_TC_7932_Homepage_MoreLink()[pri:2, instance:com.mop.qa.test.regression.ST_Regression_sprint12@1e730495]" name="Sprint12_TC_7932_Homepage_MoreLink" duration-ms="398258" started-at="2022-09-15T11:32:38Z" finished-at="2022-09-15T11:39:16Z">
          <reporter-output>
          </reporter-output>
        </test-method> <!-- Sprint12_TC_7932_Homepage_MoreLink -->
        <test-method status="PASS" signature="Launch_and_Close_app()[pri:0, instance:com.mop.qa.test.regression.ST_Regression_sprint12@1e730495]" name="Launch_and_Close_app" is-config="true" duration-ms="12235" started-at="2022-09-15T11:39:16Z" finished-at="2022-09-15T11:39:28Z">
          <reporter-output>
          </reporter-output>
        </test-method> <!-- Launch_and_Close_app -->
        <test-method status="PASS" signature="afterMethod(org.testng.ITestResult)[pri:0, instance:com.mop.qa.test.regression.ST_Regression_sprint12@1e730495]" name="afterMethod" is-config="true" duration-ms="1" started-at="2022-09-15T11:39:28Z" finished-at="2022-09-15T11:39:28Z">
          <params>
            <param index="0">
              <value>
                <![CDATA[[TestResult name=Sprint12_TC_7932_Homepage_MoreLink status=SUCCESS method=ST_Regression_sprint12.Sprint12_TC_7932_Homepage_MoreLink()[pri:2, instance:com.mop.qa.test.regression.ST_Regression_sprint12@1e730495] output={null}]]]>
              </value>
            </param>
          </params>
          <reporter-output>
          </reporter-output>
        </test-method> <!-- afterMethod -->
        <test-method status="PASS" signature="Sprint12_TC_7929_Opinion_Correspontants_articles()[pri:3, instance:com.mop.qa.test.regression.ST_Regression_sprint12@1e730495]" name="Sprint12_TC_7929_Opinion_Correspontants_articles" duration-ms="219870" started-at="2022-09-15T11:39:28Z" finished-at="2022-09-15T11:43:08Z">
          <reporter-output>
          </reporter-output>
        </test-method> <!-- Sprint12_TC_7929_Opinion_Correspontants_articles -->
        <test-method status="PASS" signature="beforeMethod(java.lang.reflect.Method)[pri:0, instance:com.mop.qa.test.regression.ST_Regression_sprint12@1e730495]" name="beforeMethod" is-config="true" duration-ms="0" started-at="2022-09-15T11:39:28Z" finished-at="2022-09-15T11:39:28Z">
          <params>
            <param index="0">
              <value>
                <![CDATA[public void com.mop.qa.test.regression.ST_Regression_sprint12.Sprint12_TC_7929_Opinion_Correspontants_articles()]]>
              </value>
            </param>
          </params>
          <reporter-output>
          </reporter-output>
        </test-method> <!-- beforeMethod -->
        <test-method status="PASS" signature="Launch_and_Close_app()[pri:0, instance:com.mop.qa.test.regression.ST_Regression_sprint12@1e730495]" name="Launch_and_Close_app" is-config="true" duration-ms="15486" started-at="2022-09-15T11:43:08Z" finished-at="2022-09-15T11:43:23Z">
          <reporter-output>
          </reporter-output>
        </test-method> <!-- Launch_and_Close_app -->
        <test-method status="PASS" signature="afterMethod(org.testng.ITestResult)[pri:0, instance:com.mop.qa.test.regression.ST_Regression_sprint12@1e730495]" name="afterMethod" is-config="true" duration-ms="5" started-at="2022-09-15T11:43:23Z" finished-at="2022-09-15T11:43:23Z">
          <params>
            <param index="0">
              <value>
                <![CDATA[[TestResult name=Sprint12_TC_7929_Opinion_Correspontants_articles status=SUCCESS method=ST_Regression_sprint12.Sprint12_TC_7929_Opinion_Correspontants_articles()[pri:3, instance:com.mop.qa.test.regression.ST_Regression_sprint12@1e730495] output={null}]]]>
              </value>
            </param>
          </params>
          <reporter-output>
          </reporter-output>
        </test-method> <!-- afterMethod -->
        <test-method status="PASS" signature="beforeMethod(java.lang.reflect.Method)[pri:0, instance:com.mop.qa.test.regression.ST_Regression_sprint12@1e730495]" name="beforeMethod" is-config="true" duration-ms="1" started-at="2022-09-15T11:43:23Z" finished-at="2022-09-15T11:43:23Z">
          <params>
            <param index="0">
              <value>
                <![CDATA[public void com.mop.qa.test.regression.ST_Regression_sprint12.Sprint12_TC_7905_LatestTab_navigate_article_page()]]>
              </value>
            </param>
          </params>
          <reporter-output>
          </reporter-output>
        </test-method> <!-- beforeMethod -->
        <test-method status="PASS" signature="Sprint12_TC_7905_LatestTab_navigate_article_page()[pri:4, instance:com.mop.qa.test.regression.ST_Regression_sprint12@1e730495]" name="Sprint12_TC_7905_LatestTab_navigate_article_page" duration-ms="202518" started-at="2022-09-15T11:43:23Z" finished-at="2022-09-15T11:46:46Z">
          <reporter-output>
          </reporter-output>
        </test-method> <!-- Sprint12_TC_7905_LatestTab_navigate_article_page -->
        <test-method status="PASS" signature="Launch_and_Close_app()[pri:0, instance:com.mop.qa.test.regression.ST_Regression_sprint12@1e730495]" name="Launch_and_Close_app" is-config="true" duration-ms="11798" started-at="2022-09-15T11:46:46Z" finished-at="2022-09-15T11:46:58Z">
          <reporter-output>
          </reporter-output>
        </test-method> <!-- Launch_and_Close_app -->
        <test-method status="PASS" signature="afterMethod(org.testng.ITestResult)[pri:0, instance:com.mop.qa.test.regression.ST_Regression_sprint12@1e730495]" name="afterMethod" is-config="true" duration-ms="1" started-at="2022-09-15T11:46:58Z" finished-at="2022-09-15T11:46:58Z">
          <params>
            <param index="0">
              <value>
                <![CDATA[[TestResult name=Sprint12_TC_7905_LatestTab_navigate_article_page status=SUCCESS method=ST_Regression_sprint12.Sprint12_TC_7905_LatestTab_navigate_article_page()[pri:4, instance:com.mop.qa.test.regression.ST_Regression_sprint12@1e730495] output={null}]]]>
              </value>
            </param>
          </params>
          <reporter-output>
          </reporter-output>
        </test-method> <!-- afterMethod -->
        <test-method status="PASS" signature="beforeMethod(java.lang.reflect.Method)[pri:0, instance:com.mop.qa.test.regression.ST_Regression_sprint12@1e730495]" name="beforeMethod" is-config="true" duration-ms="1" started-at="2022-09-15T11:46:58Z" finished-at="2022-09-15T11:46:58Z">
          <params>
            <param index="0">
              <value>
                <![CDATA[public void com.mop.qa.test.regression.ST_Regression_sprint12.Sprint12_TC_7969_share_of_epaper_should_work()]]>
              </value>
            </param>
          </params>
          <reporter-output>
          </reporter-output>
        </test-method> <!-- beforeMethod -->
        <test-method status="PASS" signature="Sprint12_TC_7969_share_of_epaper_should_work()[pri:5, instance:com.mop.qa.test.regression.ST_Regression_sprint12@1e730495]" name="Sprint12_TC_7969_share_of_epaper_should_work" duration-ms="395307" started-at="2022-09-15T11:46:58Z" finished-at="2022-09-15T11:53:33Z">
          <reporter-output>
          </reporter-output>
        </test-method> <!-- Sprint12_TC_7969_share_of_epaper_should_work -->
        <test-method status="PASS" signature="Launch_and_Close_app()[pri:0, instance:com.mop.qa.test.regression.ST_Regression_sprint12@1e730495]" name="Launch_and_Close_app" is-config="true" duration-ms="15328" started-at="2022-09-15T11:53:33Z" finished-at="2022-09-15T11:53:48Z">
          <reporter-output>
          </reporter-output>
        </test-method> <!-- Launch_and_Close_app -->
        <test-method status="PASS" signature="afterMethod(org.testng.ITestResult)[pri:0, instance:com.mop.qa.test.regression.ST_Regression_sprint12@1e730495]" name="afterMethod" is-config="true" duration-ms="1" started-at="2022-09-15T11:53:48Z" finished-at="2022-09-15T11:53:48Z">
          <params>
            <param index="0">
              <value>
                <![CDATA[[TestResult name=Sprint12_TC_7969_share_of_epaper_should_work status=SUCCESS method=ST_Regression_sprint12.Sprint12_TC_7969_share_of_epaper_should_work()[pri:5, instance:com.mop.qa.test.regression.ST_Regression_sprint12@1e730495] output={null}]]]>
              </value>
            </param>
          </params>
          <reporter-output>
          </reporter-output>
        </test-method> <!-- afterMethod -->
        <test-method status="PASS" signature="Sprint12_TC_7998_emailCustomer()[pri:6, instance:com.mop.qa.test.regression.ST_Regression_sprint12@1e730495]" name="Sprint12_TC_7998_emailCustomer" duration-ms="191390" started-at="2022-09-15T11:53:48Z" finished-at="2022-09-15T11:57:00Z">
          <reporter-output>
          </reporter-output>
        </test-method> <!-- Sprint12_TC_7998_emailCustomer -->
        <test-method status="PASS" signature="beforeMethod(java.lang.reflect.Method)[pri:0, instance:com.mop.qa.test.regression.ST_Regression_sprint12@1e730495]" name="beforeMethod" is-config="true" duration-ms="0" started-at="2022-09-15T11:53:48Z" finished-at="2022-09-15T11:53:48Z">
          <params>
            <param index="0">
              <value>
                <![CDATA[public void com.mop.qa.test.regression.ST_Regression_sprint12.Sprint12_TC_7998_emailCustomer()]]>
              </value>
            </param>
          </params>
          <reporter-output>
          </reporter-output>
        </test-method> <!-- beforeMethod -->
        <test-method status="PASS" signature="Launch_and_Close_app()[pri:0, instance:com.mop.qa.test.regression.ST_Regression_sprint12@1e730495]" name="Launch_and_Close_app" is-config="true" duration-ms="14725" started-at="2022-09-15T11:57:00Z" finished-at="2022-09-15T11:57:14Z">
          <reporter-output>
          </reporter-output>
        </test-method> <!-- Launch_and_Close_app -->
        <test-method status="PASS" signature="afterMethod(org.testng.ITestResult)[pri:0, instance:com.mop.qa.test.regression.ST_Regression_sprint12@1e730495]" name="afterMethod" is-config="true" duration-ms="1" started-at="2022-09-15T11:57:14Z" finished-at="2022-09-15T11:57:14Z">
          <params>
            <param index="0">
              <value>
                <![CDATA[[TestResult name=Sprint12_TC_7998_emailCustomer status=SUCCESS method=ST_Regression_sprint12.Sprint12_TC_7998_emailCustomer()[pri:6, instance:com.mop.qa.test.regression.ST_Regression_sprint12@1e730495] output={null}]]]>
              </value>
            </param>
          </params>
          <reporter-output>
          </reporter-output>
        </test-method> <!-- afterMethod -->
      </class> <!-- com.mop.qa.test.regression.ST_Regression_sprint12 -->
    </test> <!-- ST_Regression_sprint12-Run1 -->
    <test name="StraitTimes_Article_Detail_Page_Reg-Run1" duration-ms="5748923" started-at="2022-09-15T06:27:14Z" finished-at="2022-09-15T08:03:03Z">
      <class name="com.mop.qa.test.regression.StraitTimes_Article_Detail_Page_Reg">
        <test-method status="PASS" signature="executeSuite(org.testng.ITestContext)[pri:0, instance:com.mop.qa.test.regression.StraitTimes_Article_Detail_Page_Reg@75f32542]" name="executeSuite" is-config="true" duration-ms="708" started-at="2022-09-15T09:04:40Z" finished-at="2022-09-15T09:04:41Z">
          <params>
            <param index="0">
              <value>
                <![CDATA[org.testng.TestRunner@4db58b95]]>
              </value>
            </param>
          </params>
          <reporter-output>
          </reporter-output>
        </test-method> <!-- executeSuite -->
        <test-method status="PASS" signature="startTestReport(org.testng.ITestContext)[pri:0, instance:com.mop.qa.test.regression.StraitTimes_Article_Detail_Page_Reg@75f32542]" name="startTestReport" is-config="true" duration-ms="124242" started-at="2022-09-15T11:57:14Z" finished-at="2022-09-15T11:59:19Z">
          <params>
            <param index="0">
              <value>
                <![CDATA[org.testng.TestRunner@4db58b95]]>
              </value>
            </param>
          </params>
          <reporter-output>
          </reporter-output>
        </test-method> <!-- startTestReport -->
        <test-method status="PASS" signature="TC_7904_Bookmark_Swipe_left_to_delete_bookmark()[pri:0, instance:com.mop.qa.test.regression.StraitTimes_Article_Detail_Page_Reg@75f32542]" name="TC_7904_Bookmark_Swipe_left_to_delete_bookmark" duration-ms="360851" started-at="2022-09-15T11:59:19Z" finished-at="2022-09-15T12:05:20Z">
          <reporter-output>
          </reporter-output>
        </test-method> <!-- TC_7904_Bookmark_Swipe_left_to_delete_bookmark -->
        <test-method status="PASS" signature="beforeMethod(java.lang.reflect.Method)[pri:0, instance:com.mop.qa.test.regression.StraitTimes_Article_Detail_Page_Reg@75f32542]" name="beforeMethod" is-config="true" duration-ms="0" started-at="2022-09-15T11:59:19Z" finished-at="2022-09-15T11:59:19Z">
          <params>
            <param index="0">
              <value>
                <![CDATA[public void com.mop.qa.test.regression.StraitTimes_Article_Detail_Page_Reg.TC_7904_Bookmark_Swipe_left_to_delete_bookmark() throws java.lang.Exception]]>
              </value>
            </param>
          </params>
          <reporter-output>
          </reporter-output>
        </test-method> <!-- beforeMethod -->
        <test-method status="PASS" signature="Launch_and_Close_app()[pri:0, instance:com.mop.qa.test.regression.StraitTimes_Article_Detail_Page_Reg@75f32542]" name="Launch_and_Close_app" is-config="true" duration-ms="13174" started-at="2022-09-15T12:05:20Z" finished-at="2022-09-15T12:05:33Z">
          <reporter-output>
          </reporter-output>
        </test-method> <!-- Launch_and_Close_app -->
        <test-method status="PASS" signature="afterMethod(org.testng.ITestResult)[pri:0, instance:com.mop.qa.test.regression.StraitTimes_Article_Detail_Page_Reg@75f32542]" name="afterMethod" is-config="true" duration-ms="1" started-at="2022-09-15T12:05:33Z" finished-at="2022-09-15T12:05:33Z">
          <params>
            <param index="0">
              <value>
                <![CDATA[[TestResult name=TC_7904_Bookmark_Swipe_left_to_delete_bookmark status=SUCCESS method=StraitTimes_Article_Detail_Page_Reg.TC_7904_Bookmark_Swipe_left_to_delete_bookmark()[pri:0, instance:com.mop.qa.test.regression.StraitTimes_Article_Detail_Page_Reg@75f32542] output={null}]]]>
              </value>
            </param>
          </params>
          <reporter-output>
          </reporter-output>
        </test-method> <!-- afterMethod -->
        <test-method status="PASS" signature="beforeMethod(java.lang.reflect.Method)[pri:0, instance:com.mop.qa.test.regression.StraitTimes_Article_Detail_Page_Reg@75f32542]" name="beforeMethod" is-config="true" duration-ms="0" started-at="2022-09-15T12:05:33Z" finished-at="2022-09-15T12:05:33Z">
          <params>
            <param index="0">
              <value>
                <![CDATA[public void com.mop.qa.test.regression.StraitTimes_Article_Detail_Page_Reg.TC_7992_Article_Listing_Page_Via_authors_Bookmark() throws java.lang.Exception]]>
              </value>
            </param>
          </params>
          <reporter-output>
          </reporter-output>
        </test-method> <!-- beforeMethod -->
        <test-method status="PASS" signature="TC_7992_Article_Listing_Page_Via_authors_Bookmark()[pri:0, instance:com.mop.qa.test.regression.StraitTimes_Article_Detail_Page_Reg@75f32542]" name="TC_7992_Article_Listing_Page_Via_authors_Bookmark" duration-ms="155955" started-at="2022-09-15T12:05:33Z" finished-at="2022-09-15T12:08:09Z">
          <reporter-output>
          </reporter-output>
        </test-method> <!-- TC_7992_Article_Listing_Page_Via_authors_Bookmark -->
        <test-method status="PASS" signature="Launch_and_Close_app()[pri:0, instance:com.mop.qa.test.regression.StraitTimes_Article_Detail_Page_Reg@75f32542]" name="Launch_and_Close_app" is-config="true" duration-ms="19879" started-at="2022-09-15T12:08:09Z" finished-at="2022-09-15T12:08:29Z">
          <reporter-output>
          </reporter-output>
        </test-method> <!-- Launch_and_Close_app -->
        <test-method status="PASS" signature="afterMethod(org.testng.ITestResult)[pri:0, instance:com.mop.qa.test.regression.StraitTimes_Article_Detail_Page_Reg@75f32542]" name="afterMethod" is-config="true" duration-ms="1" started-at="2022-09-15T12:08:29Z" finished-at="2022-09-15T12:08:29Z">
          <params>
            <param index="0">
              <value>
                <![CDATA[[TestResult name=TC_7992_Article_Listing_Page_Via_authors_Bookmark status=SUCCESS method=StraitTimes_Article_Detail_Page_Reg.TC_7992_Article_Listing_Page_Via_authors_Bookmark()[pri:0, instance:com.mop.qa.test.regression.StraitTimes_Article_Detail_Page_Reg@75f32542] output={null}]]]>
              </value>
            </param>
          </params>
          <reporter-output>
          </reporter-output>
        </test-method> <!-- afterMethod -->
        <test-method status="PASS" signature="beforeMethod(java.lang.reflect.Method)[pri:0, instance:com.mop.qa.test.regression.StraitTimes_Article_Detail_Page_Reg@75f32542]" name="beforeMethod" is-config="true" duration-ms="0" started-at="2022-09-15T12:08:29Z" finished-at="2022-09-15T12:08:29Z">
          <params>
            <param index="0">
              <value>
                <![CDATA[public void com.mop.qa.test.regression.StraitTimes_Article_Detail_Page_Reg.TC_8005_Article_Listing_Page_Via_authors_Authorspage() throws java.lang.Exception]]>
              </value>
            </param>
          </params>
          <reporter-output>
          </reporter-output>
        </test-method> <!-- beforeMethod -->
        <test-method status="PASS" signature="TC_8005_Article_Listing_Page_Via_authors_Authorspage()[pri:0, instance:com.mop.qa.test.regression.StraitTimes_Article_Detail_Page_Reg@75f32542]" name="TC_8005_Article_Listing_Page_Via_authors_Authorspage" duration-ms="184911" started-at="2022-09-15T12:08:29Z" finished-at="2022-09-15T12:11:34Z">
          <reporter-output>
          </reporter-output>
        </test-method> <!-- TC_8005_Article_Listing_Page_Via_authors_Authorspage -->
        <test-method status="PASS" signature="Launch_and_Close_app()[pri:0, instance:com.mop.qa.test.regression.StraitTimes_Article_Detail_Page_Reg@75f32542]" name="Launch_and_Close_app" is-config="true" duration-ms="17650" started-at="2022-09-15T12:11:34Z" finished-at="2022-09-15T12:11:51Z">
          <reporter-output>
          </reporter-output>
        </test-method> <!-- Launch_and_Close_app -->
        <test-method status="PASS" signature="afterMethod(org.testng.ITestResult)[pri:0, instance:com.mop.qa.test.regression.StraitTimes_Article_Detail_Page_Reg@75f32542]" name="afterMethod" is-config="true" duration-ms="2" started-at="2022-09-15T12:11:51Z" finished-at="2022-09-15T12:11:51Z">
          <params>
            <param index="0">
              <value>
                <![CDATA[[TestResult name=TC_8005_Article_Listing_Page_Via_authors_Authorspage status=SUCCESS method=StraitTimes_Article_Detail_Page_Reg.TC_8005_Article_Listing_Page_Via_authors_Authorspage()[pri:0, instance:com.mop.qa.test.regression.StraitTimes_Article_Detail_Page_Reg@75f32542] output={null}]]]>
              </value>
            </param>
          </params>
          <reporter-output>
          </reporter-output>
        </test-method> <!-- afterMethod -->
        <test-method status="PASS" signature="beforeMethod(java.lang.reflect.Method)[pri:0, instance:com.mop.qa.test.regression.StraitTimes_Article_Detail_Page_Reg@75f32542]" name="beforeMethod" is-config="true" duration-ms="1" started-at="2022-09-15T12:11:51Z" finished-at="2022-09-15T12:11:51Z">
          <params>
            <param index="0">
              <value>
                <![CDATA[public void com.mop.qa.test.regression.StraitTimes_Article_Detail_Page_Reg.Sprint12_TC_8002_Article_Headline() throws java.lang.Exception]]>
              </value>
            </param>
          </params>
          <reporter-output>
          </reporter-output>
        </test-method> <!-- beforeMethod -->
        <test-method status="PASS" signature="Sprint12_TC_8002_Article_Headline()[pri:1, instance:com.mop.qa.test.regression.StraitTimes_Article_Detail_Page_Reg@75f32542]" name="Sprint12_TC_8002_Article_Headline" duration-ms="62960" started-at="2022-09-15T12:11:51Z" finished-at="2022-09-15T12:12:54Z">
          <reporter-output>
          </reporter-output>
        </test-method> <!-- Sprint12_TC_8002_Article_Headline -->
        <test-method status="PASS" signature="Launch_and_Close_app()[pri:0, instance:com.mop.qa.test.regression.StraitTimes_Article_Detail_Page_Reg@75f32542]" name="Launch_and_Close_app" is-config="true" duration-ms="17866" started-at="2022-09-15T12:12:54Z" finished-at="2022-09-15T12:13:12Z">
          <reporter-output>
          </reporter-output>
        </test-method> <!-- Launch_and_Close_app -->
        <test-method status="PASS" signature="afterMethod(org.testng.ITestResult)[pri:0, instance:com.mop.qa.test.regression.StraitTimes_Article_Detail_Page_Reg@75f32542]" name="afterMethod" is-config="true" duration-ms="2" started-at="2022-09-15T12:13:12Z" finished-at="2022-09-15T12:13:12Z">
          <params>
            <param index="0">
              <value>
                <![CDATA[[TestResult name=Sprint12_TC_8002_Article_Headline status=SUCCESS method=StraitTimes_Article_Detail_Page_Reg.Sprint12_TC_8002_Article_Headline()[pri:1, instance:com.mop.qa.test.regression.StraitTimes_Article_Detail_Page_Reg@75f32542] output={null}]]]>
              </value>
            </param>
          </params>
          <reporter-output>
          </reporter-output>
        </test-method> <!-- afterMethod -->
        <test-method status="PASS" signature="Sprint12_TC_7973_Article_Detail_Page_BookMark()[pri:2, instance:com.mop.qa.test.regression.StraitTimes_Article_Detail_Page_Reg@75f32542]" name="Sprint12_TC_7973_Article_Detail_Page_BookMark" duration-ms="215596" started-at="2022-09-15T12:13:12Z" finished-at="2022-09-15T12:16:48Z">
          <reporter-output>
          </reporter-output>
        </test-method> <!-- Sprint12_TC_7973_Article_Detail_Page_BookMark -->
        <test-method status="PASS" signature="beforeMethod(java.lang.reflect.Method)[pri:0, instance:com.mop.qa.test.regression.StraitTimes_Article_Detail_Page_Reg@75f32542]" name="beforeMethod" is-config="true" duration-ms="0" started-at="2022-09-15T12:13:12Z" finished-at="2022-09-15T12:13:12Z">
          <params>
            <param index="0">
              <value>
                <![CDATA[public void com.mop.qa.test.regression.StraitTimes_Article_Detail_Page_Reg.Sprint12_TC_7973_Article_Detail_Page_BookMark() throws java.lang.Exception]]>
              </value>
            </param>
          </params>
          <reporter-output>
          </reporter-output>
        </test-method> <!-- beforeMethod -->
        <test-method status="PASS" signature="Launch_and_Close_app()[pri:0, instance:com.mop.qa.test.regression.StraitTimes_Article_Detail_Page_Reg@75f32542]" name="Launch_and_Close_app" is-config="true" duration-ms="13977" started-at="2022-09-15T12:16:48Z" finished-at="2022-09-15T12:17:02Z">
          <reporter-output>
          </reporter-output>
        </test-method> <!-- Launch_and_Close_app -->
        <test-method status="PASS" signature="afterMethod(org.testng.ITestResult)[pri:0, instance:com.mop.qa.test.regression.StraitTimes_Article_Detail_Page_Reg@75f32542]" name="afterMethod" is-config="true" duration-ms="1" started-at="2022-09-15T12:17:02Z" finished-at="2022-09-15T12:17:02Z">
          <params>
            <param index="0">
              <value>
                <![CDATA[[TestResult name=Sprint12_TC_7973_Article_Detail_Page_BookMark status=SUCCESS method=StraitTimes_Article_Detail_Page_Reg.Sprint12_TC_7973_Article_Detail_Page_BookMark()[pri:2, instance:com.mop.qa.test.regression.StraitTimes_Article_Detail_Page_Reg@75f32542] output={null}]]]>
              </value>
            </param>
          </params>
          <reporter-output>
          </reporter-output>
        </test-method> <!-- afterMethod -->
        <test-method status="PASS" signature="Sprint12_TC_7956_Article_Detail_Page_AuthorHead()[pri:4, instance:com.mop.qa.test.regression.StraitTimes_Article_Detail_Page_Reg@75f32542]" name="Sprint12_TC_7956_Article_Detail_Page_AuthorHead" duration-ms="107460" started-at="2022-09-15T12:17:02Z" finished-at="2022-09-15T12:18:49Z">
          <reporter-output>
          </reporter-output>
        </test-method> <!-- Sprint12_TC_7956_Article_Detail_Page_AuthorHead -->
        <test-method status="PASS" signature="beforeMethod(java.lang.reflect.Method)[pri:0, instance:com.mop.qa.test.regression.StraitTimes_Article_Detail_Page_Reg@75f32542]" name="beforeMethod" is-config="true" duration-ms="0" started-at="2022-09-15T12:17:02Z" finished-at="2022-09-15T12:17:02Z">
          <params>
            <param index="0">
              <value>
                <![CDATA[public void com.mop.qa.test.regression.StraitTimes_Article_Detail_Page_Reg.Sprint12_TC_7956_Article_Detail_Page_AuthorHead() throws java.lang.Exception]]>
              </value>
            </param>
          </params>
          <reporter-output>
          </reporter-output>
        </test-method> <!-- beforeMethod -->
        <test-method status="PASS" signature="Launch_and_Close_app()[pri:0, instance:com.mop.qa.test.regression.StraitTimes_Article_Detail_Page_Reg@75f32542]" name="Launch_and_Close_app" is-config="true" duration-ms="16987" started-at="2022-09-15T12:18:49Z" finished-at="2022-09-15T12:19:06Z">
          <reporter-output>
          </reporter-output>
        </test-method> <!-- Launch_and_Close_app -->
        <test-method status="PASS" signature="afterMethod(org.testng.ITestResult)[pri:0, instance:com.mop.qa.test.regression.StraitTimes_Article_Detail_Page_Reg@75f32542]" name="afterMethod" is-config="true" duration-ms="1" started-at="2022-09-15T12:19:06Z" finished-at="2022-09-15T12:19:06Z">
          <params>
            <param index="0">
              <value>
                <![CDATA[[TestResult name=Sprint12_TC_7956_Article_Detail_Page_AuthorHead status=SUCCESS method=StraitTimes_Article_Detail_Page_Reg.Sprint12_TC_7956_Article_Detail_Page_AuthorHead()[pri:4, instance:com.mop.qa.test.regression.StraitTimes_Article_Detail_Page_Reg@75f32542] output={null}]]]>
              </value>
            </param>
          </params>
          <reporter-output>
          </reporter-output>
        </test-method> <!-- afterMethod -->
        <test-method status="PASS" signature="beforeMethod(java.lang.reflect.Method)[pri:0, instance:com.mop.qa.test.regression.StraitTimes_Article_Detail_Page_Reg@75f32542]" name="beforeMethod" is-config="true" duration-ms="0" started-at="2022-09-15T12:19:06Z" finished-at="2022-09-15T12:19:06Z">
          <params>
            <param index="0">
              <value>
                <![CDATA[public void com.mop.qa.test.regression.StraitTimes_Article_Detail_Page_Reg.Sprint12_TC_7979_Article_Detail_Page_AuthorHead_Author_Page() throws java.lang.Exception]]>
              </value>
            </param>
          </params>
          <reporter-output>
          </reporter-output>
        </test-method> <!-- beforeMethod -->
        <test-method status="PASS" signature="Sprint12_TC_7979_Article_Detail_Page_AuthorHead_Author_Page()[pri:5, instance:com.mop.qa.test.regression.StraitTimes_Article_Detail_Page_Reg@75f32542]" name="Sprint12_TC_7979_Article_Detail_Page_AuthorHead_Author_Page" duration-ms="170312" started-at="2022-09-15T12:19:06Z" finished-at="2022-09-15T12:21:56Z">
          <reporter-output>
          </reporter-output>
        </test-method> <!-- Sprint12_TC_7979_Article_Detail_Page_AuthorHead_Author_Page -->
        <test-method status="PASS" signature="Launch_and_Close_app()[pri:0, instance:com.mop.qa.test.regression.StraitTimes_Article_Detail_Page_Reg@75f32542]" name="Launch_and_Close_app" is-config="true" duration-ms="17951" started-at="2022-09-15T12:21:56Z" finished-at="2022-09-15T12:22:14Z">
          <reporter-output>
          </reporter-output>
        </test-method> <!-- Launch_and_Close_app -->
        <test-method status="PASS" signature="afterMethod(org.testng.ITestResult)[pri:0, instance:com.mop.qa.test.regression.StraitTimes_Article_Detail_Page_Reg@75f32542]" name="afterMethod" is-config="true" duration-ms="1" started-at="2022-09-15T12:22:14Z" finished-at="2022-09-15T12:22:14Z">
          <params>
            <param index="0">
              <value>
                <![CDATA[[TestResult name=Sprint12_TC_7979_Article_Detail_Page_AuthorHead_Author_Page status=SUCCESS method=StraitTimes_Article_Detail_Page_Reg.Sprint12_TC_7979_Article_Detail_Page_AuthorHead_Author_Page()[pri:5, instance:com.mop.qa.test.regression.StraitTimes_Article_Detail_Page_Reg@75f32542] output={null}]]]>
              </value>
            </param>
          </params>
          <reporter-output>
          </reporter-output>
        </test-method> <!-- afterMethod -->
        <test-method status="PASS" signature="beforeMethod(java.lang.reflect.Method)[pri:0, instance:com.mop.qa.test.regression.StraitTimes_Article_Detail_Page_Reg@75f32542]" name="beforeMethod" is-config="true" duration-ms="0" started-at="2022-09-15T12:22:14Z" finished-at="2022-09-15T12:22:14Z">
          <params>
            <param index="0">
              <value>
                <![CDATA[public void com.mop.qa.test.regression.StraitTimes_Article_Detail_Page_Reg.Sprint12_TC_7995_Article_Detail_Page_AuthorHead_Designation() throws java.lang.Exception]]>
              </value>
            </param>
          </params>
          <reporter-output>
          </reporter-output>
        </test-method> <!-- beforeMethod -->
        <test-method status="PASS" signature="Sprint12_TC_7995_Article_Detail_Page_AuthorHead_Designation()[pri:6, instance:com.mop.qa.test.regression.StraitTimes_Article_Detail_Page_Reg@75f32542]" name="Sprint12_TC_7995_Article_Detail_Page_AuthorHead_Designation" duration-ms="105974" started-at="2022-09-15T12:22:14Z" finished-at="2022-09-15T12:24:00Z">
          <reporter-output>
          </reporter-output>
        </test-method> <!-- Sprint12_TC_7995_Article_Detail_Page_AuthorHead_Designation -->
        <test-method status="PASS" signature="Launch_and_Close_app()[pri:0, instance:com.mop.qa.test.regression.StraitTimes_Article_Detail_Page_Reg@75f32542]" name="Launch_and_Close_app" is-config="true" duration-ms="18463" started-at="2022-09-15T12:24:00Z" finished-at="2022-09-15T12:24:19Z">
          <reporter-output>
          </reporter-output>
        </test-method> <!-- Launch_and_Close_app -->
        <test-method status="PASS" signature="afterMethod(org.testng.ITestResult)[pri:0, instance:com.mop.qa.test.regression.StraitTimes_Article_Detail_Page_Reg@75f32542]" name="afterMethod" is-config="true" duration-ms="1" started-at="2022-09-15T12:24:19Z" finished-at="2022-09-15T12:24:19Z">
          <params>
            <param index="0">
              <value>
                <![CDATA[[TestResult name=Sprint12_TC_7995_Article_Detail_Page_AuthorHead_Designation status=SUCCESS method=StraitTimes_Article_Detail_Page_Reg.Sprint12_TC_7995_Article_Detail_Page_AuthorHead_Designation()[pri:6, instance:com.mop.qa.test.regression.StraitTimes_Article_Detail_Page_Reg@75f32542] output={null}]]]>
              </value>
            </param>
          </params>
          <reporter-output>
          </reporter-output>
        </test-method> <!-- afterMethod -->
        <test-method status="PASS" signature="Sprint12_TC_7983_Article_Detail_Page_More_On_This_Topic()[pri:7, instance:com.mop.qa.test.regression.StraitTimes_Article_Detail_Page_Reg@75f32542]" name="Sprint12_TC_7983_Article_Detail_Page_More_On_This_Topic" duration-ms="498835" started-at="2022-09-15T12:24:19Z" finished-at="2022-09-15T12:32:38Z">
          <reporter-output>
          </reporter-output>
        </test-method> <!-- Sprint12_TC_7983_Article_Detail_Page_More_On_This_Topic -->
        <test-method status="PASS" signature="beforeMethod(java.lang.reflect.Method)[pri:0, instance:com.mop.qa.test.regression.StraitTimes_Article_Detail_Page_Reg@75f32542]" name="beforeMethod" is-config="true" duration-ms="0" started-at="2022-09-15T12:24:19Z" finished-at="2022-09-15T12:24:19Z">
          <params>
            <param index="0">
              <value>
                <![CDATA[public void com.mop.qa.test.regression.StraitTimes_Article_Detail_Page_Reg.Sprint12_TC_7983_Article_Detail_Page_More_On_This_Topic() throws java.lang.Exception]]>
              </value>
            </param>
          </params>
          <reporter-output>
          </reporter-output>
        </test-method> <!-- beforeMethod -->
        <test-method status="PASS" signature="Launch_and_Close_app()[pri:0, instance:com.mop.qa.test.regression.StraitTimes_Article_Detail_Page_Reg@75f32542]" name="Launch_and_Close_app" is-config="true" duration-ms="14056" started-at="2022-09-15T12:32:38Z" finished-at="2022-09-15T12:32:52Z">
          <reporter-output>
          </reporter-output>
        </test-method> <!-- Launch_and_Close_app -->
        <test-method status="PASS" signature="afterMethod(org.testng.ITestResult)[pri:0, instance:com.mop.qa.test.regression.StraitTimes_Article_Detail_Page_Reg@75f32542]" name="afterMethod" is-config="true" duration-ms="2" started-at="2022-09-15T12:32:52Z" finished-at="2022-09-15T12:32:52Z">
          <params>
            <param index="0">
              <value>
                <![CDATA[[TestResult name=Sprint12_TC_7983_Article_Detail_Page_More_On_This_Topic status=SUCCESS method=StraitTimes_Article_Detail_Page_Reg.Sprint12_TC_7983_Article_Detail_Page_More_On_This_Topic()[pri:7, instance:com.mop.qa.test.regression.StraitTimes_Article_Detail_Page_Reg@75f32542] output={null}]]]>
              </value>
            </param>
          </params>
          <reporter-output>
          </reporter-output>
        </test-method> <!-- afterMethod -->
        <test-method status="PASS" signature="beforeMethod(java.lang.reflect.Method)[pri:0, instance:com.mop.qa.test.regression.StraitTimes_Article_Detail_Page_Reg@75f32542]" name="beforeMethod" is-config="true" duration-ms="0" started-at="2022-09-15T12:32:52Z" finished-at="2022-09-15T12:32:52Z">
          <params>
            <param index="0">
              <value>
                <![CDATA[public void com.mop.qa.test.regression.StraitTimes_Article_Detail_Page_Reg.Sprint12_TC_7984_Article_Detail_Page_More_From_StraitTimes() throws java.lang.Exception]]>
              </value>
            </param>
          </params>
          <reporter-output>
          </reporter-output>
        </test-method> <!-- beforeMethod -->
        <test-method status="PASS" signature="Sprint12_TC_7984_Article_Detail_Page_More_From_StraitTimes()[pri:8, instance:com.mop.qa.test.regression.StraitTimes_Article_Detail_Page_Reg@75f32542]" name="Sprint12_TC_7984_Article_Detail_Page_More_From_StraitTimes" duration-ms="776279" started-at="2022-09-15T12:32:52Z" finished-at="2022-09-15T12:45:48Z">
          <reporter-output>
          </reporter-output>
        </test-method> <!-- Sprint12_TC_7984_Article_Detail_Page_More_From_StraitTimes -->
        <test-method status="PASS" signature="Launch_and_Close_app()[pri:0, instance:com.mop.qa.test.regression.StraitTimes_Article_Detail_Page_Reg@75f32542]" name="Launch_and_Close_app" is-config="true" duration-ms="11890" started-at="2022-09-15T12:45:48Z" finished-at="2022-09-15T12:46:00Z">
          <reporter-output>
          </reporter-output>
        </test-method> <!-- Launch_and_Close_app -->
        <test-method status="PASS" signature="afterMethod(org.testng.ITestResult)[pri:0, instance:com.mop.qa.test.regression.StraitTimes_Article_Detail_Page_Reg@75f32542]" name="afterMethod" is-config="true" duration-ms="2" started-at="2022-09-15T12:46:00Z" finished-at="2022-09-15T12:46:00Z">
          <params>
            <param index="0">
              <value>
                <![CDATA[[TestResult name=Sprint12_TC_7984_Article_Detail_Page_More_From_StraitTimes status=SUCCESS method=StraitTimes_Article_Detail_Page_Reg.Sprint12_TC_7984_Article_Detail_Page_More_From_StraitTimes()[pri:8, instance:com.mop.qa.test.regression.StraitTimes_Article_Detail_Page_Reg@75f32542] output={null}]]]>
              </value>
            </param>
          </params>
          <reporter-output>
          </reporter-output>
        </test-method> <!-- afterMethod -->
        <test-method status="PASS" signature="Sprint12_TC_7952_Article_Detail_Page_More_From_Web()[pri:9, instance:com.mop.qa.test.regression.StraitTimes_Article_Detail_Page_Reg@75f32542]" name="Sprint12_TC_7952_Article_Detail_Page_More_From_Web" duration-ms="798544" started-at="2022-09-15T12:46:00Z" finished-at="2022-09-15T12:59:18Z">
          <reporter-output>
          </reporter-output>
        </test-method> <!-- Sprint12_TC_7952_Article_Detail_Page_More_From_Web -->
        <test-method status="PASS" signature="beforeMethod(java.lang.reflect.Method)[pri:0, instance:com.mop.qa.test.regression.StraitTimes_Article_Detail_Page_Reg@75f32542]" name="beforeMethod" is-config="true" duration-ms="0" started-at="2022-09-15T12:46:00Z" finished-at="2022-09-15T12:46:00Z">
          <params>
            <param index="0">
              <value>
                <![CDATA[public void com.mop.qa.test.regression.StraitTimes_Article_Detail_Page_Reg.Sprint12_TC_7952_Article_Detail_Page_More_From_Web() throws java.lang.Exception]]>
              </value>
            </param>
          </params>
          <reporter-output>
          </reporter-output>
        </test-method> <!-- beforeMethod -->
        <test-method status="PASS" signature="Launch_and_Close_app()[pri:0, instance:com.mop.qa.test.regression.StraitTimes_Article_Detail_Page_Reg@75f32542]" name="Launch_and_Close_app" is-config="true" duration-ms="17129" started-at="2022-09-15T12:59:18Z" finished-at="2022-09-15T12:59:35Z">
          <reporter-output>
          </reporter-output>
        </test-method> <!-- Launch_and_Close_app -->
        <test-method status="PASS" signature="afterMethod(org.testng.ITestResult)[pri:0, instance:com.mop.qa.test.regression.StraitTimes_Article_Detail_Page_Reg@75f32542]" name="afterMethod" is-config="true" duration-ms="3" started-at="2022-09-15T12:59:35Z" finished-at="2022-09-15T12:59:35Z">
          <params>
            <param index="0">
              <value>
                <![CDATA[[TestResult name=Sprint12_TC_7952_Article_Detail_Page_More_From_Web status=SUCCESS method=StraitTimes_Article_Detail_Page_Reg.Sprint12_TC_7952_Article_Detail_Page_More_From_Web()[pri:9, instance:com.mop.qa.test.regression.StraitTimes_Article_Detail_Page_Reg@75f32542] output={null}]]]>
              </value>
            </param>
          </params>
          <reporter-output>
          </reporter-output>
        </test-method> <!-- afterMethod -->
        <test-method status="PASS" signature="Sprint12_TC_7981_Article_Details_page_Published_or_Updated()[pri:10, instance:com.mop.qa.test.regression.StraitTimes_Article_Detail_Page_Reg@75f32542]" name="Sprint12_TC_7981_Article_Details_page_Published_or_Updated" duration-ms="103515" started-at="2022-09-15T12:59:35Z" finished-at="2022-09-15T13:01:19Z">
          <reporter-output>
          </reporter-output>
        </test-method> <!-- Sprint12_TC_7981_Article_Details_page_Published_or_Updated -->
        <test-method status="PASS" signature="beforeMethod(java.lang.reflect.Method)[pri:0, instance:com.mop.qa.test.regression.StraitTimes_Article_Detail_Page_Reg@75f32542]" name="beforeMethod" is-config="true" duration-ms="0" started-at="2022-09-15T12:59:35Z" finished-at="2022-09-15T12:59:35Z">
          <params>
            <param index="0">
              <value>
                <![CDATA[public void com.mop.qa.test.regression.StraitTimes_Article_Detail_Page_Reg.Sprint12_TC_7981_Article_Details_page_Published_or_Updated() throws java.lang.Exception]]>
              </value>
            </param>
          </params>
          <reporter-output>
          </reporter-output>
        </test-method> <!-- beforeMethod -->
        <test-method status="PASS" signature="Launch_and_Close_app()[pri:0, instance:com.mop.qa.test.regression.StraitTimes_Article_Detail_Page_Reg@75f32542]" name="Launch_and_Close_app" is-config="true" duration-ms="11692" started-at="2022-09-15T13:01:19Z" finished-at="2022-09-15T13:01:31Z">
          <reporter-output>
          </reporter-output>
        </test-method> <!-- Launch_and_Close_app -->
        <test-method status="PASS" signature="afterMethod(org.testng.ITestResult)[pri:0, instance:com.mop.qa.test.regression.StraitTimes_Article_Detail_Page_Reg@75f32542]" name="afterMethod" is-config="true" duration-ms="1" started-at="2022-09-15T13:01:31Z" finished-at="2022-09-15T13:01:31Z">
          <params>
            <param index="0">
              <value>
                <![CDATA[[TestResult name=Sprint12_TC_7981_Article_Details_page_Published_or_Updated status=SUCCESS method=StraitTimes_Article_Detail_Page_Reg.Sprint12_TC_7981_Article_Details_page_Published_or_Updated()[pri:10, instance:com.mop.qa.test.regression.StraitTimes_Article_Detail_Page_Reg@75f32542] output={null}]]]>
              </value>
            </param>
          </params>
          <reporter-output>
          </reporter-output>
        </test-method> <!-- afterMethod -->
        <test-method status="PASS" signature="Sprint12_TC_7951_Share_with_without_scrolling()[pri:11, instance:com.mop.qa.test.regression.StraitTimes_Article_Detail_Page_Reg@75f32542]" name="Sprint12_TC_7951_Share_with_without_scrolling" duration-ms="142320" started-at="2022-09-15T13:01:31Z" finished-at="2022-09-15T13:03:53Z">
          <reporter-output>
          </reporter-output>
        </test-method> <!-- Sprint12_TC_7951_Share_with_without_scrolling -->
        <test-method status="PASS" signature="beforeMethod(java.lang.reflect.Method)[pri:0, instance:com.mop.qa.test.regression.StraitTimes_Article_Detail_Page_Reg@75f32542]" name="beforeMethod" is-config="true" duration-ms="0" started-at="2022-09-15T13:01:31Z" finished-at="2022-09-15T13:01:31Z">
          <params>
            <param index="0">
              <value>
                <![CDATA[public void com.mop.qa.test.regression.StraitTimes_Article_Detail_Page_Reg.Sprint12_TC_7951_Share_with_without_scrolling() throws java.lang.Exception]]>
              </value>
            </param>
          </params>
          <reporter-output>
          </reporter-output>
        </test-method> <!-- beforeMethod -->
        <test-method status="PASS" signature="Launch_and_Close_app()[pri:0, instance:com.mop.qa.test.regression.StraitTimes_Article_Detail_Page_Reg@75f32542]" name="Launch_and_Close_app" is-config="true" duration-ms="19859" started-at="2022-09-15T13:03:53Z" finished-at="2022-09-15T13:04:13Z">
          <reporter-output>
          </reporter-output>
        </test-method> <!-- Launch_and_Close_app -->
        <test-method status="PASS" signature="afterMethod(org.testng.ITestResult)[pri:0, instance:com.mop.qa.test.regression.StraitTimes_Article_Detail_Page_Reg@75f32542]" name="afterMethod" is-config="true" duration-ms="1" started-at="2022-09-15T13:04:13Z" finished-at="2022-09-15T13:04:13Z">
          <params>
            <param index="0">
              <value>
                <![CDATA[[TestResult name=Sprint12_TC_7951_Share_with_without_scrolling status=SUCCESS method=StraitTimes_Article_Detail_Page_Reg.Sprint12_TC_7951_Share_with_without_scrolling()[pri:11, instance:com.mop.qa.test.regression.StraitTimes_Article_Detail_Page_Reg@75f32542] output={null}]]]>
              </value>
            </param>
          </params>
          <reporter-output>
          </reporter-output>
        </test-method> <!-- afterMethod -->
        <test-method status="PASS" signature="beforeMethod(java.lang.reflect.Method)[pri:0, instance:com.mop.qa.test.regression.StraitTimes_Article_Detail_Page_Reg@75f32542]" name="beforeMethod" is-config="true" duration-ms="0" started-at="2022-09-15T13:04:13Z" finished-at="2022-09-15T13:04:13Z">
          <params>
            <param index="0">
              <value>
                <![CDATA[public void com.mop.qa.test.regression.StraitTimes_Article_Detail_Page_Reg.Sprint12_TC_7961_Article_details_page_with_embedded_image() throws java.lang.Exception]]>
              </value>
            </param>
          </params>
          <reporter-output>
          </reporter-output>
        </test-method> <!-- beforeMethod -->
        <test-method status="PASS" signature="Sprint12_TC_7961_Article_details_page_with_embedded_image()[pri:12, instance:com.mop.qa.test.regression.StraitTimes_Article_Detail_Page_Reg@75f32542]" name="Sprint12_TC_7961_Article_details_page_with_embedded_image" duration-ms="120876" started-at="2022-09-15T13:04:13Z" finished-at="2022-09-15T13:06:14Z">
          <reporter-output>
          </reporter-output>
        </test-method> <!-- Sprint12_TC_7961_Article_details_page_with_embedded_image -->
        <test-method status="PASS" signature="Launch_and_Close_app()[pri:0, instance:com.mop.qa.test.regression.StraitTimes_Article_Detail_Page_Reg@75f32542]" name="Launch_and_Close_app" is-config="true" duration-ms="11289" started-at="2022-09-15T13:06:14Z" finished-at="2022-09-15T13:06:25Z">
          <reporter-output>
          </reporter-output>
        </test-method> <!-- Launch_and_Close_app -->
        <test-method status="PASS" signature="afterMethod(org.testng.ITestResult)[pri:0, instance:com.mop.qa.test.regression.StraitTimes_Article_Detail_Page_Reg@75f32542]" name="afterMethod" is-config="true" duration-ms="1" started-at="2022-09-15T13:06:25Z" finished-at="2022-09-15T13:06:25Z">
          <params>
            <param index="0">
              <value>
                <![CDATA[[TestResult name=Sprint12_TC_7961_Article_details_page_with_embedded_image status=SUCCESS method=StraitTimes_Article_Detail_Page_Reg.Sprint12_TC_7961_Article_details_page_with_embedded_image()[pri:12, instance:com.mop.qa.test.regression.StraitTimes_Article_Detail_Page_Reg@75f32542] output={null}]]]>
              </value>
            </param>
          </params>
          <reporter-output>
          </reporter-output>
        </test-method> <!-- afterMethod -->
        <test-method status="PASS" signature="beforeMethod(java.lang.reflect.Method)[pri:0, instance:com.mop.qa.test.regression.StraitTimes_Article_Detail_Page_Reg@75f32542]" name="beforeMethod" is-config="true" duration-ms="0" started-at="2022-09-15T13:06:25Z" finished-at="2022-09-15T13:06:25Z">
          <params>
            <param index="0">
              <value>
                <![CDATA[public void com.mop.qa.test.regression.StraitTimes_Article_Detail_Page_Reg.Sprint12_TC_7968_Article_details_page_Podcast_sharing() throws java.lang.Exception]]>
              </value>
            </param>
          </params>
          <reporter-output>
          </reporter-output>
        </test-method> <!-- beforeMethod -->
        <test-method status="PASS" signature="Sprint12_TC_7968_Article_details_page_Podcast_sharing()[pri:13, instance:com.mop.qa.test.regression.StraitTimes_Article_Detail_Page_Reg@75f32542]" name="Sprint12_TC_7968_Article_details_page_Podcast_sharing" duration-ms="195773" started-at="2022-09-15T13:06:25Z" finished-at="2022-09-15T13:09:41Z">
          <reporter-output>
          </reporter-output>
        </test-method> <!-- Sprint12_TC_7968_Article_details_page_Podcast_sharing -->
        <test-method status="PASS" signature="Launch_and_Close_app()[pri:0, instance:com.mop.qa.test.regression.StraitTimes_Article_Detail_Page_Reg@75f32542]" name="Launch_and_Close_app" is-config="true" duration-ms="15172" started-at="2022-09-15T13:09:41Z" finished-at="2022-09-15T13:09:56Z">
          <reporter-output>
          </reporter-output>
        </test-method> <!-- Launch_and_Close_app -->
        <test-method status="PASS" signature="afterMethod(org.testng.ITestResult)[pri:0, instance:com.mop.qa.test.regression.StraitTimes_Article_Detail_Page_Reg@75f32542]" name="afterMethod" is-config="true" duration-ms="1" started-at="2022-09-15T13:09:56Z" finished-at="2022-09-15T13:09:56Z">
          <params>
            <param index="0">
              <value>
                <![CDATA[[TestResult name=Sprint12_TC_7968_Article_details_page_Podcast_sharing status=SUCCESS method=StraitTimes_Article_Detail_Page_Reg.Sprint12_TC_7968_Article_details_page_Podcast_sharing()[pri:13, instance:com.mop.qa.test.regression.StraitTimes_Article_Detail_Page_Reg@75f32542] output={null}]]]>
              </value>
            </param>
          </params>
          <reporter-output>
          </reporter-output>
        </test-method> <!-- afterMethod -->
        <test-method status="PASS" signature="beforeMethod(java.lang.reflect.Method)[pri:0, instance:com.mop.qa.test.regression.StraitTimes_Article_Detail_Page_Reg@75f32542]" name="beforeMethod" is-config="true" duration-ms="0" started-at="2022-09-15T13:09:56Z" finished-at="2022-09-15T13:09:56Z">
          <params>
            <param index="0">
              <value>
                <![CDATA[public void com.mop.qa.test.regression.StraitTimes_Article_Detail_Page_Reg.Sprint12_TC_7512_Article_listing_page_via_section_page_bookmark() throws java.lang.Exception]]>
              </value>
            </param>
          </params>
          <reporter-output>
          </reporter-output>
        </test-method> <!-- beforeMethod -->
        <test-method status="PASS" signature="Sprint12_TC_7512_Article_listing_page_via_section_page_bookmark()[pri:14, instance:com.mop.qa.test.regression.StraitTimes_Article_Detail_Page_Reg@75f32542]" name="Sprint12_TC_7512_Article_listing_page_via_section_page_bookmark" duration-ms="303750" started-at="2022-09-15T13:09:56Z" finished-at="2022-09-15T13:15:00Z">
          <reporter-output>
          </reporter-output>
        </test-method> <!-- Sprint12_TC_7512_Article_listing_page_via_section_page_bookmark -->
        <test-method status="PASS" signature="Launch_and_Close_app()[pri:0, instance:com.mop.qa.test.regression.StraitTimes_Article_Detail_Page_Reg@75f32542]" name="Launch_and_Close_app" is-config="true" duration-ms="17841" started-at="2022-09-15T13:15:00Z" finished-at="2022-09-15T13:15:18Z">
          <reporter-output>
          </reporter-output>
        </test-method> <!-- Launch_and_Close_app -->
        <test-method status="PASS" signature="afterMethod(org.testng.ITestResult)[pri:0, instance:com.mop.qa.test.regression.StraitTimes_Article_Detail_Page_Reg@75f32542]" name="afterMethod" is-config="true" duration-ms="1" started-at="2022-09-15T13:15:18Z" finished-at="2022-09-15T13:15:18Z">
          <params>
            <param index="0">
              <value>
                <![CDATA[[TestResult name=Sprint12_TC_7512_Article_listing_page_via_section_page_bookmark status=SUCCESS method=StraitTimes_Article_Detail_Page_Reg.Sprint12_TC_7512_Article_listing_page_via_section_page_bookmark()[pri:14, instance:com.mop.qa.test.regression.StraitTimes_Article_Detail_Page_Reg@75f32542] output={null}]]]>
              </value>
            </param>
          </params>
          <reporter-output>
          </reporter-output>
        </test-method> <!-- afterMethod -->
        <test-method status="PASS" signature="Sprint12_TC_7971_Article_listing_page_via_section_pages_more_link_on_sectionpage()[pri:15, instance:com.mop.qa.test.regression.StraitTimes_Article_Detail_Page_Reg@75f32542]" name="Sprint12_TC_7971_Article_listing_page_via_section_pages_more_link_on_sectionpage" duration-ms="193181" started-at="2022-09-15T13:15:18Z" finished-at="2022-09-15T13:18:31Z">
          <reporter-output>
          </reporter-output>
        </test-method> <!-- Sprint12_TC_7971_Article_listing_page_via_section_pages_more_link_on_sectionpage -->
        <test-method status="PASS" signature="beforeMethod(java.lang.reflect.Method)[pri:0, instance:com.mop.qa.test.regression.StraitTimes_Article_Detail_Page_Reg@75f32542]" name="beforeMethod" is-config="true" duration-ms="0" started-at="2022-09-15T13:15:18Z" finished-at="2022-09-15T13:15:18Z">
          <params>
            <param index="0">
              <value>
                <![CDATA[public void com.mop.qa.test.regression.StraitTimes_Article_Detail_Page_Reg.Sprint12_TC_7971_Article_listing_page_via_section_pages_more_link_on_sectionpage() throws java.lang.Exception]]>
              </value>
            </param>
          </params>
          <reporter-output>
          </reporter-output>
        </test-method> <!-- beforeMethod -->
        <test-method status="PASS" signature="Launch_and_Close_app()[pri:0, instance:com.mop.qa.test.regression.StraitTimes_Article_Detail_Page_Reg@75f32542]" name="Launch_and_Close_app" is-config="true" duration-ms="20206" started-at="2022-09-15T13:18:31Z" finished-at="2022-09-15T13:18:51Z">
          <reporter-output>
          </reporter-output>
        </test-method> <!-- Launch_and_Close_app -->
        <test-method status="PASS" signature="afterMethod(org.testng.ITestResult)[pri:0, instance:com.mop.qa.test.regression.StraitTimes_Article_Detail_Page_Reg@75f32542]" name="afterMethod" is-config="true" duration-ms="1" started-at="2022-09-15T13:18:51Z" finished-at="2022-09-15T13:18:51Z">
          <params>
            <param index="0">
              <value>
                <![CDATA[[TestResult name=Sprint12_TC_7971_Article_listing_page_via_section_pages_more_link_on_sectionpage status=SUCCESS method=StraitTimes_Article_Detail_Page_Reg.Sprint12_TC_7971_Article_listing_page_via_section_pages_more_link_on_sectionpage()[pri:15, instance:com.mop.qa.test.regression.StraitTimes_Article_Detail_Page_Reg@75f32542] output={null}]]]>
              </value>
            </param>
          </params>
          <reporter-output>
          </reporter-output>
        </test-method> <!-- afterMethod -->
        <test-method status="PASS" signature="beforeMethod(java.lang.reflect.Method)[pri:0, instance:com.mop.qa.test.regression.StraitTimes_Article_Detail_Page_Reg@75f32542]" name="beforeMethod" is-config="true" duration-ms="0" started-at="2022-09-15T13:18:51Z" finished-at="2022-09-15T13:18:51Z">
          <params>
            <param index="0">
              <value>
                <![CDATA[public void com.mop.qa.test.regression.StraitTimes_Article_Detail_Page_Reg.Sprint12_TC_7949_epaper_Auto_DL_turn_Off() throws java.lang.Exception]]>
              </value>
            </param>
          </params>
          <reporter-output>
          </reporter-output>
        </test-method> <!-- beforeMethod -->
        <test-method status="PASS" signature="Sprint12_TC_7949_epaper_Auto_DL_turn_Off()[pri:16, instance:com.mop.qa.test.regression.StraitTimes_Article_Detail_Page_Reg@75f32542]" name="Sprint12_TC_7949_epaper_Auto_DL_turn_Off" duration-ms="402290" started-at="2022-09-15T13:18:51Z" finished-at="2022-09-15T13:25:33Z">
          <reporter-output>
          </reporter-output>
        </test-method> <!-- Sprint12_TC_7949_epaper_Auto_DL_turn_Off -->
        <test-method status="PASS" signature="Launch_and_Close_app()[pri:0, instance:com.mop.qa.test.regression.StraitTimes_Article_Detail_Page_Reg@75f32542]" name="Launch_and_Close_app" is-config="true" duration-ms="17876" started-at="2022-09-15T13:25:33Z" finished-at="2022-09-15T13:25:51Z">
          <reporter-output>
          </reporter-output>
        </test-method> <!-- Launch_and_Close_app -->
        <test-method status="PASS" signature="afterMethod(org.testng.ITestResult)[pri:0, instance:com.mop.qa.test.regression.StraitTimes_Article_Detail_Page_Reg@75f32542]" name="afterMethod" is-config="true" duration-ms="2" started-at="2022-09-15T13:25:51Z" finished-at="2022-09-15T13:25:51Z">
          <params>
            <param index="0">
              <value>
                <![CDATA[[TestResult name=Sprint12_TC_7949_epaper_Auto_DL_turn_Off status=SUCCESS method=StraitTimes_Article_Detail_Page_Reg.Sprint12_TC_7949_epaper_Auto_DL_turn_Off()[pri:16, instance:com.mop.qa.test.regression.StraitTimes_Article_Detail_Page_Reg@75f32542] output={null}]]]>
              </value>
            </param>
          </params>
          <reporter-output>
          </reporter-output>
        </test-method> <!-- afterMethod -->
        <test-method status="PASS" signature="beforeMethod(java.lang.reflect.Method)[pri:0, instance:com.mop.qa.test.regression.StraitTimes_Article_Detail_Page_Reg@75f32542]" name="beforeMethod" is-config="true" duration-ms="0" started-at="2022-09-15T13:25:51Z" finished-at="2022-09-15T13:25:51Z">
          <params>
            <param index="0">
              <value>
                <![CDATA[public void com.mop.qa.test.regression.StraitTimes_Article_Detail_Page_Reg.Sprint12_TC_7893_epaper_clear_all_download() throws java.lang.Exception]]>
              </value>
            </param>
          </params>
          <reporter-output>
          </reporter-output>
        </test-method> <!-- beforeMethod -->
        <test-method status="PASS" signature="Sprint12_TC_7893_epaper_clear_all_download()[pri:17, instance:com.mop.qa.test.regression.StraitTimes_Article_Detail_Page_Reg@75f32542]" name="Sprint12_TC_7893_epaper_clear_all_download" duration-ms="423908" started-at="2022-09-15T13:25:51Z" finished-at="2022-09-15T13:32:55Z">
          <reporter-output>
          </reporter-output>
        </test-method> <!-- Sprint12_TC_7893_epaper_clear_all_download -->
        <test-method status="FAIL" signature="Launch_and_Close_app()[pri:0, instance:com.mop.qa.test.regression.StraitTimes_Article_Detail_Page_Reg@75f32542]" name="Launch_and_Close_app" is-config="true" duration-ms="0" started-at="2022-09-15T13:32:55Z" finished-at="2022-09-15T13:32:55Z">
          <exception class="org.openqa.selenium.NoSuchSessionException">
            <message>
              <![CDATA[Your session was disconnected - Device Reservation Ended (WARNING: The server did not provide any stacktrace information)
Command duration or timeout: 0 milliseconds
Build info: version: '3.12.0', revision: '7c6e0b3', time: '2018-05-08T14:04:26.12Z'
System info: host: 'LTIN184808', ip: '192.168.0.73', os.name: 'Windows 10', os.arch: 'amd64', os.version: '10.0', java.version: '1.8.0_291'
Driver info: io.appium.java_client.ios.IOSDriver
Capabilities {appBuildVersion: 4, appReleaseVersion: 9.6.4, appiumVersion: 1.8.0, applicationClearData: false, autoAcceptAlerts: false, autoDismissAlerts: false, autoGrantPermissions: false, autoWebview: false, automationName: XCUITest, bundleId: com.sph.stiPhone, commandTimeouts: 120000, desired: {bundleId: com.sph.stiPhone, deviceQuery: @serialNumber='00008030-000..., instrumentApp: false, noReset: true, platformName: iOS}, device.category: PHONE, device.majorVersion: 16, device.manufacture: Apple, device.model: iPhone 11 Pro, device.name: iPhone 11 Pro SPH-0015, device.os: iOS, device.screenSize: 1125x2436, device.serialNumber: 00008030-0002548A2298802E, device.version: 16.0, deviceQuery: @serialNumber='00008030-000..., deviceUDID: 00008030-0002548A2298802E, dontGoHomeOnQuit: false, dontStopAppOnReset: false, ehmPrefixUrl: /agent-2, ehmUrl: https://sph.experitest.com:..., fullReset: false, gridNodePort: 7816, install.only.for.update: false, installOnlyForUpdate: false, instrumentApp: false, javascriptEnabled: true, keystorePath: ~/.android/debug.keystore, locationServicesAuthorized: false, newSessionWaitTimeout: 600.0, noReset: true, platform: IOS, platformName: iOS, projectName: , reportDirectory: reports, reportFormat: xml, reportTestId: 134643.0, reportUrl: https://sph.experitest.com:..., reservationDuration: 240.0, takeScreenshots: true, test.type: Mobile, testName: mobile test 09/15/22 06:28 AM, udid: 00008030-0002548A2298802E, useKeystore: false, waitForDeviceTimeout: 120000.0}
Session ID: CLOUD-SID:2022-09-15_03-35-09-759d3047-5679-4b8e-8851-fe83d8792fd7]]>
            </message>
            <full-stacktrace>
              <![CDATA[org.openqa.selenium.NoSuchSessionException: Your session was disconnected - Device Reservation Ended (WARNING: The server did not provide any stacktrace information)
Command duration or timeout: 0 milliseconds
Build info: version: '3.12.0', revision: '7c6e0b3', time: '2018-05-08T14:04:26.12Z'
System info: host: 'LTIN184808', ip: '192.168.0.73', os.name: 'Windows 10', os.arch: 'amd64', os.version: '10.0', java.version: '1.8.0_291'
Driver info: io.appium.java_client.ios.IOSDriver
Capabilities {appBuildVersion: 4, appReleaseVersion: 9.6.4, appiumVersion: 1.8.0, applicationClearData: false, autoAcceptAlerts: false, autoDismissAlerts: false, autoGrantPermissions: false, autoWebview: false, automationName: XCUITest, bundleId: com.sph.stiPhone, commandTimeouts: 120000, desired: {bundleId: com.sph.stiPhone, deviceQuery: @serialNumber='00008030-000..., instrumentApp: false, noReset: true, platformName: iOS}, device.category: PHONE, device.majorVersion: 16, device.manufacture: Apple, device.model: iPhone 11 Pro, device.name: iPhone 11 Pro SPH-0015, device.os: iOS, device.screenSize: 1125x2436, device.serialNumber: 00008030-0002548A2298802E, device.version: 16.0, deviceQuery: @serialNumber='00008030-000..., deviceUDID: 00008030-0002548A2298802E, dontGoHomeOnQuit: false, dontStopAppOnReset: false, ehmPrefixUrl: /agent-2, ehmUrl: https://sph.experitest.com:..., fullReset: false, gridNodePort: 7816, install.only.for.update: false, installOnlyForUpdate: false, instrumentApp: false, javascriptEnabled: true, keystorePath: ~/.android/debug.keystore, locationServicesAuthorized: false, newSessionWaitTimeout: 600.0, noReset: true, platform: IOS, platformName: iOS, projectName: , reportDirectory: reports, reportFormat: xml, reportTestId: 134643.0, reportUrl: https://sph.experitest.com:..., reservationDuration: 240.0, takeScreenshots: true, test.type: Mobile, testName: mobile test 09/15/22 06:28 AM, udid: 00008030-0002548A2298802E, useKeystore: false, waitForDeviceTimeout: 120000.0}
Session ID: CLOUD-SID:2022-09-15_03-35-09-759d3047-5679-4b8e-8851-fe83d8792fd7
	at sun.reflect.NativeConstructorAccessorImpl.newInstance0(Native Method)
	at sun.reflect.NativeConstructorAccessorImpl.newInstance(NativeConstructorAccessorImpl.java:62)
	at sun.reflect.DelegatingConstructorAccessorImpl.newInstance(DelegatingConstructorAccessorImpl.java:45)
	at java.lang.reflect.Constructor.newInstance(Constructor.java:423)
	at org.openqa.selenium.remote.ErrorHandler.createThrowable(ErrorHandler.java:214)
	at org.openqa.selenium.remote.ErrorHandler.throwIfResponseFailed(ErrorHandler.java:166)
	at org.openqa.selenium.remote.http.JsonHttpResponseCodec.reconstructValue(JsonHttpResponseCodec.java:40)
	at org.openqa.selenium.remote.http.AbstractHttpResponseCodec.decode(AbstractHttpResponseCodec.java:80)
	at org.openqa.selenium.remote.http.AbstractHttpResponseCodec.decode(AbstractHttpResponseCodec.java:44)
	at org.openqa.selenium.remote.HttpCommandExecutor.execute(HttpCommandExecutor.java:158)
	at io.appium.java_client.remote.AppiumCommandExecutor.execute(AppiumCommandExecutor.java:231)
	at org.openqa.selenium.remote.RemoteWebDriver.execute(RemoteWebDriver.java:543)
	at io.appium.java_client.DefaultGenericMobileDriver.execute(DefaultGenericMobileDriver.java:46)
	at io.appium.java_client.AppiumDriver.execute(AppiumDriver.java:1)
	at io.appium.java_client.ios.IOSDriver.execute(IOSDriver.java:1)
	at io.appium.java_client.InteractsWithApps.launchApp(InteractsWithApps.java:50)
	at com.mop.qa.test.regression.StraitTimes_Article_Detail_Page_Reg.Launch_and_Close_app(StraitTimes_Article_Detail_Page_Reg.java:17)
	at sun.reflect.GeneratedMethodAccessor8.invoke(Unknown Source)
	at sun.reflect.DelegatingMethodAccessorImpl.invoke(DelegatingMethodAccessorImpl.java:43)
	at java.lang.reflect.Method.invoke(Method.java:498)
	at org.testng.internal.MethodInvocationHelper.invokeMethod(MethodInvocationHelper.java:104)
	at org.testng.internal.Invoker.invokeConfigurationMethod(Invoker.java:515)
	at org.testng.internal.Invoker.invokeConfigurations(Invoker.java:217)
	at org.testng.internal.Invoker.invokeMethod(Invoker.java:712)
	at org.testng.internal.Invoker.invokeTestMethod(Invoker.java:851)
	at org.testng.internal.Invoker.invokeTestMethods(Invoker.java:1177)
	at org.testng.internal.TestMethodWorker.invokeTestMethods(TestMethodWorker.java:129)
	at org.testng.internal.TestMethodWorker.run(TestMethodWorker.java:112)
	at org.testng.TestRunner.privateRun(TestRunner.java:756)
	at org.testng.TestRunner.run(TestRunner.java:610)
	at org.testng.SuiteRunner.runTest(SuiteRunner.java:387)
	at org.testng.SuiteRunner.runSequentially(SuiteRunner.java:382)
	at org.testng.SuiteRunner.privateRun(SuiteRunner.java:340)
	at org.testng.SuiteRunner.run(SuiteRunner.java:289)
	at org.testng.SuiteRunnerWorker.runSuite(SuiteRunnerWorker.java:52)
	at org.testng.SuiteRunnerWorker.run(SuiteRunnerWorker.java:86)
	at org.testng.TestNG.runSuitesSequentially(TestNG.java:1293)
	at org.testng.TestNG.runSuitesLocally(TestNG.java:1218)
	at org.testng.TestNG.runSuites(TestNG.java:1133)
	at org.testng.TestNG.run(TestNG.java:1104)
	at com.mop.qa.testrunner.TestRunner.main(TestRunner.java:167)
]]>
            </full-stacktrace>
          </exception> <!-- org.openqa.selenium.NoSuchSessionException -->
          <reporter-output>
          </reporter-output>
        </test-method> <!-- Launch_and_Close_app -->
        <test-method status="SKIP" signature="afterMethod(org.testng.ITestResult)[pri:0, instance:com.mop.qa.test.regression.StraitTimes_Article_Detail_Page_Reg@75f32542]" name="afterMethod" is-config="true" duration-ms="0" started-at="2022-09-15T13:33:03Z" finished-at="2022-09-15T13:33:03Z">
          <reporter-output>
          </reporter-output>
        </test-method> <!-- afterMethod -->
        <test-method status="SKIP" signature="afterTest()[pri:0, instance:com.mop.qa.test.regression.StraitTimes_Article_Detail_Page_Reg@75f32542]" name="afterTest" is-config="true" duration-ms="0" started-at="2022-09-15T13:33:03Z" finished-at="2022-09-15T13:33:03Z">
          <reporter-output>
          </reporter-output>
        </test-method> <!-- afterTest -->
        <test-method status="SKIP" signature="finishExecution()[pri:0, instance:com.mop.qa.test.regression.StraitTimes_Article_Detail_Page_Reg@75f32542]" name="finishExecution" is-config="true" duration-ms="0" started-at="2022-09-15T13:33:03Z" finished-at="2022-09-15T13:33:03Z">
          <reporter-output>
          </reporter-output>
        </test-method> <!-- finishExecution -->
      </class> <!-- com.mop.qa.test.regression.StraitTimes_Article_Detail_Page_Reg -->
    </test> <!-- StraitTimes_Article_Detail_Page_Reg-Run1 -->
  </suite> <!-- Suite_seq -->
</testng-results>
