<?xml version="1.0" encoding="UTF-8"?>
<!-- Generated by org.testng.reporters.JUnitReportReporter -->
<testsuite name="com.mop.qa.test.regression.StraitTimes_Article_Detail_Page_Reg" tests="20" time="5616.273" ignored="0" failures="0" timestamp="15 Sep 2022 08:03:04 GMT" skipped="0" hostname="LTIN184808" errors="1">
  <testcase name="TC_7992_Article_Listing_Page_Via_authors_Bookmark" time="173.799" classname="com.mop.qa.test.regression.StraitTimes_Article_Detail_Page_Reg"/>
  <testcase name="Sprint12_TC_7971_Article_listing_page_via_section_pages_more_link_on_sectionpage" time="211.049" classname="com.mop.qa.test.regression.StraitTimes_Article_Detail_Page_Reg"/>
  <testcase name="Sprint12_TC_7981_Article_Details_page_Published_or_Updated" time="116.690" classname="com.mop.qa.test.regression.StraitTimes_Article_Detail_Page_Reg"/>
  <testcase name="TC_8005_Article_Listing_Page_Via_authors_Authorspage" time="196.202" classname="com.mop.qa.test.regression.StraitTimes_Article_Detail_Page_Reg"/>
  <testcase name="Sprint12_TC_7968_Article_details_page_Podcast_sharing" time="209.830" classname="com.mop.qa.test.regression.StraitTimes_Article_Detail_Page_Reg"/>
  <testcase name="Sprint12_TC_7973_Article_Detail_Page_BookMark" time="232.727" classname="com.mop.qa.test.regression.StraitTimes_Article_Detail_Page_Reg"/>
  <testcase name="TC_7904_Bookmark_Swipe_left_to_delete_bookmark" time="377.840" classname="com.mop.qa.test.regression.StraitTimes_Article_Detail_Page_Reg"/>
  <testcase name="Sprint12_TC_7952_Article_Detail_Page_More_From_Web" time="813.717" classname="com.mop.qa.test.regression.StraitTimes_Article_Detail_Page_Reg"/>
  <testcase name="Sprint12_TC_7956_Article_Detail_Page_AuthorHead" time="119.351" classname="com.mop.qa.test.regression.StraitTimes_Article_Detail_Page_Reg"/>
  <testcase name="Sprint12_TC_7983_Article_Detail_Page_More_On_This_Topic" time="516.787" classname="com.mop.qa.test.regression.StraitTimes_Article_Detail_Page_Reg"/>
  <testcase name="Sprint12_TC_7893_epaper_clear_all_download" time="442.372" classname="com.mop.qa.test.regression.StraitTimes_Article_Detail_Page_Reg"/>
  <testcase name="Sprint12_TC_7979_Article_Detail_Page_AuthorHead_Author_Page" time="188.189" classname="com.mop.qa.test.regression.StraitTimes_Article_Detail_Page_Reg"/>
  <testcase name="Sprint12_TC_7951_Share_with_without_scrolling" time="162.200" classname="com.mop.qa.test.regression.StraitTimes_Article_Detail_Page_Reg"/>
  <testcase name="Sprint12_TC_8002_Article_Headline" time="76.938" classname="com.mop.qa.test.regression.StraitTimes_Article_Detail_Page_Reg"/>
  <testcase name="Sprint12_TC_7949_epaper_Auto_DL_turn_Off" time="413.985" classname="com.mop.qa.test.regression.StraitTimes_Article_Detail_Page_Reg"/>
  <testcase name="Sprint12_TC_7984_Article_Detail_Page_More_From_StraitTimes" time="793.930" classname="com.mop.qa.test.regression.StraitTimes_Article_Detail_Page_Reg"/>
  <testcase name="Sprint12_TC_7512_Article_listing_page_via_section_page_bookmark" time="323.957" classname="com.mop.qa.test.regression.StraitTimes_Article_Detail_Page_Reg"/>
  <testcase name="Sprint12_TC_7961_Article_details_page_with_embedded_image" time="140.736" classname="com.mop.qa.test.regression.StraitTimes_Article_Detail_Page_Reg"/>
  <testcase name="Launch_and_Close_app" time="0.000" classname="com.mop.qa.test.regression.StraitTimes_Article_Detail_Page_Reg">
    <error type="org.openqa.selenium.NoSuchSessionException" message="Your session was disconnected - Device Reservation Ended (WARNING: The server did not provide any stacktrace information)
Command duration or timeout: 0 milliseconds
Build info: version: &#039;3.12.0&#039;, revision: &#039;7c6e0b3&#039;, time: &#039;2018-05-08T14:04:26.12Z&#039;
System info: host: &#039;LTIN184808&#039;, ip: &#039;192.168.0.73&#039;, os.name: &#039;Windows 10&#039;, os.arch: &#039;amd64&#039;, os.version: &#039;10.0&#039;, java.version: &#039;1.8.0_291&#039;
Driver info: io.appium.java_client.ios.IOSDriver
Capabilities {appBuildVersion: 4, appReleaseVersion: 9.6.4, appiumVersion: 1.8.0, applicationClearData: false, autoAcceptAlerts: false, autoDismissAlerts: false, autoGrantPermissions: false, autoWebview: false, automationName: XCUITest, bundleId: com.sph.stiPhone, commandTimeouts: 120000, desired: {bundleId: com.sph.stiPhone, deviceQuery: @serialNumber=&#039;00008030-000..., instrumentApp: false, noReset: true, platformName: iOS}, device.category: PHONE, device.majorVersion: 16, device.manufacture: Apple, device.model: iPhone 11 Pro, device.name: iPhone 11 Pro SPH-0015, device.os: iOS, device.screenSize: 1125x2436, device.serialNumber: 00008030-0002548A2298802E, device.version: 16.0, deviceQuery: @serialNumber=&#039;00008030-000..., deviceUDID: 00008030-0002548A2298802E, dontGoHomeOnQuit: false, dontStopAppOnReset: false, ehmPrefixUrl: /agent-2, ehmUrl: https://sph.experitest.com:..., fullReset: false, gridNodePort: 7816, install.only.for.update: false, installOnlyForUpdate: false, instrumentApp: false, javascriptEnabled: true, keystorePath: ~/.android/debug.keystore, locationServicesAuthorized: false, newSessionWaitTimeout: 600.0, noReset: true, platform: IOS, platformName: iOS, projectName: , reportDirectory: reports, reportFormat: xml, reportTestId: 134643.0, reportUrl: https://sph.experitest.com:..., reservationDuration: 240.0, takeScreenshots: true, test.type: Mobile, testName: mobile test 09/15/22 06:28 AM, udid: 00008030-0002548A2298802E, useKeystore: false, waitForDeviceTimeout: 120000.0}
Session ID: CLOUD-SID:2022-09-15_03-35-09-759d3047-5679-4b8e-8851-fe83d8792fd7">
      <![CDATA[org.openqa.selenium.NoSuchSessionException: Your session was disconnected - Device Reservation Ended (WARNING: The server did not provide any stacktrace information)
Command duration or timeout: 0 milliseconds
Build info: version: '3.12.0', revision: '7c6e0b3', time: '2018-05-08T14:04:26.12Z'
System info: host: 'LTIN184808', ip: '192.168.0.73', os.name: 'Windows 10', os.arch: 'amd64', os.version: '10.0', java.version: '1.8.0_291'
Driver info: io.appium.java_client.ios.IOSDriver
Capabilities {appBuildVersion: 4, appReleaseVersion: 9.6.4, appiumVersion: 1.8.0, applicationClearData: false, autoAcceptAlerts: false, autoDismissAlerts: false, autoGrantPermissions: false, autoWebview: false, automationName: XCUITest, bundleId: com.sph.stiPhone, commandTimeouts: 120000, desired: {bundleId: com.sph.stiPhone, deviceQuery: @serialNumber='00008030-000..., instrumentApp: false, noReset: true, platformName: iOS}, device.category: PHONE, device.majorVersion: 16, device.manufacture: Apple, device.model: iPhone 11 Pro, device.name: iPhone 11 Pro SPH-0015, device.os: iOS, device.screenSize: 1125x2436, device.serialNumber: 00008030-0002548A2298802E, device.version: 16.0, deviceQuery: @serialNumber='00008030-000..., deviceUDID: 00008030-0002548A2298802E, dontGoHomeOnQuit: false, dontStopAppOnReset: false, ehmPrefixUrl: /agent-2, ehmUrl: https://sph.experitest.com:..., fullReset: false, gridNodePort: 7816, install.only.for.update: false, installOnlyForUpdate: false, instrumentApp: false, javascriptEnabled: true, keystorePath: ~/.android/debug.keystore, locationServicesAuthorized: false, newSessionWaitTimeout: 600.0, noReset: true, platform: IOS, platformName: iOS, projectName: , reportDirectory: reports, reportFormat: xml, reportTestId: 134643.0, reportUrl: https://sph.experitest.com:..., reservationDuration: 240.0, takeScreenshots: true, test.type: Mobile, testName: mobile test 09/15/22 06:28 AM, udid: 00008030-0002548A2298802E, useKeystore: false, waitForDeviceTimeout: 120000.0}
Session ID: CLOUD-SID:2022-09-15_03-35-09-759d3047-5679-4b8e-8851-fe83d8792fd7
	at sun.reflect.NativeConstructorAccessorImpl.newInstance0(Native Method)
	at sun.reflect.NativeConstructorAccessorImpl.newInstance(NativeConstructorAccessorImpl.java:62)
	at sun.reflect.DelegatingConstructorAccessorImpl.newInstance(DelegatingConstructorAccessorImpl.java:45)
	at java.lang.reflect.Constructor.newInstance(Constructor.java:423)
	at org.openqa.selenium.remote.ErrorHandler.createThrowable(ErrorHandler.java:214)
	at org.openqa.selenium.remote.ErrorHandler.throwIfResponseFailed(ErrorHandler.java:166)
	at org.openqa.selenium.remote.http.JsonHttpResponseCodec.reconstructValue(JsonHttpResponseCodec.java:40)
	at org.openqa.selenium.remote.http.AbstractHttpResponseCodec.decode(AbstractHttpResponseCodec.java:80)
	at org.openqa.selenium.remote.http.AbstractHttpResponseCodec.decode(AbstractHttpResponseCodec.java:44)
	at org.openqa.selenium.remote.HttpCommandExecutor.execute(HttpCommandExecutor.java:158)
	at io.appium.java_client.remote.AppiumCommandExecutor.execute(AppiumCommandExecutor.java:231)
	at org.openqa.selenium.remote.RemoteWebDriver.execute(RemoteWebDriver.java:543)
	at io.appium.java_client.DefaultGenericMobileDriver.execute(DefaultGenericMobileDriver.java:46)
	at io.appium.java_client.AppiumDriver.execute(AppiumDriver.java:1)
	at io.appium.java_client.ios.IOSDriver.execute(IOSDriver.java:1)
	at io.appium.java_client.InteractsWithApps.launchApp(InteractsWithApps.java:50)
	at com.mop.qa.test.regression.StraitTimes_Article_Detail_Page_Reg.Launch_and_Close_app(StraitTimes_Article_Detail_Page_Reg.java:17)
	at sun.reflect.GeneratedMethodAccessor8.invoke(Unknown Source)
	at sun.reflect.DelegatingMethodAccessorImpl.invoke(DelegatingMethodAccessorImpl.java:43)
	at java.lang.reflect.Method.invoke(Method.java:498)
	at org.testng.internal.MethodInvocationHelper.invokeMethod(MethodInvocationHelper.java:104)
	at org.testng.internal.Invoker.invokeConfigurationMethod(Invoker.java:515)
	at org.testng.internal.Invoker.invokeConfigurations(Invoker.java:217)
	at org.testng.internal.Invoker.invokeMethod(Invoker.java:712)
	at org.testng.internal.Invoker.invokeTestMethod(Invoker.java:851)
	at org.testng.internal.Invoker.invokeTestMethods(Invoker.java:1177)
	at org.testng.internal.TestMethodWorker.invokeTestMethods(TestMethodWorker.java:129)
	at org.testng.internal.TestMethodWorker.run(TestMethodWorker.java:112)
	at org.testng.TestRunner.privateRun(TestRunner.java:756)
	at org.testng.TestRunner.run(TestRunner.java:610)
	at org.testng.SuiteRunner.runTest(SuiteRunner.java:387)
	at org.testng.SuiteRunner.runSequentially(SuiteRunner.java:382)
	at org.testng.SuiteRunner.privateRun(SuiteRunner.java:340)
	at org.testng.SuiteRunner.run(SuiteRunner.java:289)
	at org.testng.SuiteRunnerWorker.runSuite(SuiteRunnerWorker.java:52)
	at org.testng.SuiteRunnerWorker.run(SuiteRunnerWorker.java:86)
	at org.testng.TestNG.runSuitesSequentially(TestNG.java:1293)
	at org.testng.TestNG.runSuitesLocally(TestNG.java:1218)
	at org.testng.TestNG.runSuites(TestNG.java:1133)
	at org.testng.TestNG.run(TestNG.java:1104)
	at com.mop.qa.testrunner.TestRunner.main(TestRunner.java:167)
]]>
    </error>
  </testcase> <!-- Launch_and_Close_app -->
  <testcase name="Sprint12_TC_7995_Article_Detail_Page_AuthorHead_Designation" time="105.974" classname="com.mop.qa.test.regression.StraitTimes_Article_Detail_Page_Reg"/>
</testsuite> <!-- com.mop.qa.test.regression.StraitTimes_Article_Detail_Page_Reg -->
