<?xml version="1.0" encoding="UTF-8"?>
<!-- Generated by org.testng.reporters.JUnitReportReporter -->
<testsuite name="com.mop.qa.test.regression.StraitsTimes_Regression_IOS" tests="28" time="3384.192" ignored="0" failures="0" timestamp="15 Sep 2022 08:03:04 GMT" skipped="0" hostname="LTIN184808" errors="4">
  <testcase name="TC_7909_Tutorials_screen_on_Bookmark_Settings_epaper" time="164.015" classname="com.mop.qa.test.regression.StraitsTimes_Regression_IOS"/>
  <testcase name="TC_7911_Latest_Tab_Should_should_load_without_errors" time="31.396" classname="com.mop.qa.test.regression.StraitsTimes_Regression_IOS"/>
  <testcase name="TC_7933_Article_listing_page_Via_Elastic_search_Recent_searches" time="157.258" classname="com.mop.qa.test.regression.StraitsTimes_Regression_IOS"/>
  <testcase name="TC_7925_LogIn_ST_Lite_user_should_be_able_to_access_subscribed_article_but_cannot_access_epaper" time="192.330" classname="com.mop.qa.test.regression.StraitsTimes_Regression_IOS"/>
  <testcase name="TC_7920_ePaper_User_should_be_asked_to_login_to_view_epaper" time="42.841" classname="com.mop.qa.test.regression.StraitsTimes_Regression_IOS"/>
  <testcase name="TC_7934_LogIn_mysph_Login" time="177.246" classname="com.mop.qa.test.regression.StraitsTimes_Regression_IOS"/>
  <testcase name="TC_7994_Article_listing_page_Via_Elastic_search_Search_by_Category" time="113.208" classname="com.mop.qa.test.regression.StraitsTimes_Regression_IOS"/>
  <testcase name="TC_7915_Bookmark_Enable_Disable_bookmark_from_listing_and_Article_detail_page" time="79.126" classname="com.mop.qa.test.regression.StraitsTimes_Regression_IOS"/>
  <testcase name="TC_7952_Article_Details_page_More_from_Web" time="500.537" classname="com.mop.qa.test.regression.StraitsTimes_Regression_IOS"/>
  <testcase name="TC_7946_Article_listing_page_Via_Elastic_search_Search_by_keyword" time="99.031" classname="com.mop.qa.test.regression.StraitsTimes_Regression_IOS"/>
  <testcase name="TC_7903_Discover_Tab" time="78.094" classname="com.mop.qa.test.regression.StraitsTimes_Regression_IOS"/>
  <testcase name="TC_7942_ePaper_user_should_be_able_to_download_epaper" time="135.853" classname="com.mop.qa.test.regression.StraitsTimes_Regression_IOS"/>
  <testcase name="TC_7923_Articles_Details_Scroll_Verify_article_scroll" time="45.110" classname="com.mop.qa.test.regression.StraitsTimes_Regression_IOS">
    <error type="java.lang.Exception" message="home not found">
      <![CDATA[java.lang.Exception: home not found
	at com.mop.qa.testbase.PageBase.click(PageBase.java:1521)
	at com.mop.qa.pageobject.StraitsTimes_IOS.TC_7923_Articles_Details_Scroll_Verify_article_scroll(StraitsTimes_IOS.java:2863)
	at com.mop.qa.test.regression.StraitsTimes_Regression_IOS.TC_7923_Articles_Details_Scroll_Verify_article_scroll(StraitsTimes_Regression_IOS.java:67)
	at sun.reflect.NativeMethodAccessorImpl.invoke0(Native Method)
	at sun.reflect.NativeMethodAccessorImpl.invoke(NativeMethodAccessorImpl.java:62)
	at sun.reflect.DelegatingMethodAccessorImpl.invoke(DelegatingMethodAccessorImpl.java:43)
	at java.lang.reflect.Method.invoke(Method.java:498)
	at org.testng.internal.MethodInvocationHelper.invokeMethod(MethodInvocationHelper.java:104)
	at org.testng.internal.Invoker.invokeMethod(Invoker.java:645)
	at org.testng.internal.Invoker.invokeTestMethod(Invoker.java:851)
	at org.testng.internal.Invoker.invokeTestMethods(Invoker.java:1177)
	at org.testng.internal.TestMethodWorker.invokeTestMethods(TestMethodWorker.java:129)
	at org.testng.internal.TestMethodWorker.run(TestMethodWorker.java:112)
	at org.testng.TestRunner.privateRun(TestRunner.java:756)
	at org.testng.TestRunner.run(TestRunner.java:610)
	at org.testng.SuiteRunner.runTest(SuiteRunner.java:387)
	at org.testng.SuiteRunner.runSequentially(SuiteRunner.java:382)
	at org.testng.SuiteRunner.privateRun(SuiteRunner.java:340)
	at org.testng.SuiteRunner.run(SuiteRunner.java:289)
	at org.testng.SuiteRunnerWorker.runSuite(SuiteRunnerWorker.java:52)
	at org.testng.SuiteRunnerWorker.run(SuiteRunnerWorker.java:86)
	at org.testng.TestNG.runSuitesSequentially(TestNG.java:1293)
	at org.testng.TestNG.runSuitesLocally(TestNG.java:1218)
	at org.testng.TestNG.runSuites(TestNG.java:1133)
	at org.testng.TestNG.run(TestNG.java:1104)
	at com.mop.qa.testrunner.TestRunner.main(TestRunner.java:167)
]]>
    </error>
  </testcase> <!-- TC_7923_Articles_Details_Scroll_Verify_article_scroll -->
  <testcase name="TC_7977_Article_listing_page_Via_Elastic_search_Search_by_Category_Show_more_Less" time="89.027" classname="com.mop.qa.test.regression.StraitsTimes_Regression_IOS"/>
  <testcase name="TC_7954_Article_listing_page_Via_Elastic_search_Recent_searches_Delete" time="56.730" classname="com.mop.qa.test.regression.StraitsTimes_Regression_IOS">
    <error type="org.openqa.selenium.WebDriverException" message="unknown error (An unknown server-side error occurred. status=&#039;false&#039;. Failed to complete internal method: &#039;elementSendText args: [NATIVE, xpath=(//*[@placeholder=&#039;Search The Straits Times…&#039;])[1], 0, google
]&#039;, details: Failed to send text to &#039;xpath=(//*[@placeholder=&#039;Search The Straits Times…&#039;])[1]&#039;. Error Domain=XCTDaemonErrorDomain Code=21 &quot;Unable to perform 
&lt;XCSynthesizedEventRecord &#039;tap display 0&#039;&gt;
Path 1:
	
Touch down at 172.0, 71.0, offset=0.00s
	Touch up at 172.0, 71.0, offset=0.05s, only one gesture can be performed at a time.&quot; UserInfo={NSLocalizedDescription=Unable to perform 

&lt;XCSynthesizedEventRecord &#039;tap display 0&#039;&gt;
Path 1:
	Touch down at 172.0, 71.0, offset=0.00s
	Touch up at 172.0, 71.0, offset=0.05s, only one gesture can be performed at a time.}
)  (WARNING: The server did not provide any stacktrace information)
Command duration or timeout: 0 milliseconds
Build info: version: &#039;3.12.0&#039;, revision: &#039;7c6e0b3&#039;, time: &#039;2018-05-08T14:04:26.12Z&#039;
System info: host: &#039;LTIN184808&#039;, ip: &#039;192.168.0.73&#039;, os.name: &#039;Windows 10&#039;, os.arch: &#039;amd64&#039;, os.version: &#039;10.0&#039;, java.version: &#039;1.8.0_291&#039;
Driver info: io.appium.java_client.ios.IOSDriver
Capabilities {appBuildVersion: 4, appReleaseVersion: 9.6.4, appiumVersion: 1.8.0, applicationClearData: false, autoAcceptAlerts: false, autoDismissAlerts: false, autoGrantPermissions: false, autoWebview: false, automationName: XCUITest, bundleId: com.sph.stiPhone, commandTimeouts: 120000, desired: {bundleId: com.sph.stiPhone, deviceQuery: @serialNumber=&#039;00008030-000..., instrumentApp: false, noReset: true, platformName: iOS}, device.category: PHONE, device.majorVersion: 16, device.manufacture: Apple, device.model: iPhone 11 Pro, device.name: iPhone 11 Pro SPH-0015, device.os: iOS, device.screenSize: 1125x2436, device.serialNumber: 00008030-0002548A2298802E, device.version: 16.0, deviceQuery: @serialNumber=&#039;00008030-000..., deviceUDID: 00008030-0002548A2298802E, dontGoHomeOnQuit: false, dontStopAppOnReset: false, ehmPrefixUrl: /agent-2, ehmUrl: https://sph.experitest.com:..., fullReset: false, gridNodePort: 7816, install.only.for.update: false, installOnlyForUpdate: false, instrumentApp: false, javascriptEnabled: true, keystorePath: ~/.android/debug.keystore, locationServicesAuthorized: false, newSessionWaitTimeout: 600.0, noReset: true, platform: IOS, platformName: iOS, projectName: , reportDirectory: reports, reportFormat: xml, reportTestId: 134634.0, reportUrl: https://sph.experitest.com:..., reservationDuration: 240.0, takeScreenshots: true, test.type: Mobile, testName: mobile test 09/15/22 03:54 AM, udid: 00008030-0002548A2298802E, useKeystore: false, waitForDeviceTimeout: 120000.0}
Session ID: CLOUD-SID:2022-09-15_03-35-09-759d3047-5679-4b8e-8851-fe83d8792fd7">
      <![CDATA[org.openqa.selenium.WebDriverException: unknown error (An unknown server-side error occurred. status='false'. Failed to complete internal method: 'elementSendText args: [NATIVE, xpath=(//*[@placeholder='Search The Straits Times…'])[1], 0, google
]', details: Failed to send text to 'xpath=(//*[@placeholder='Search The Straits Times…'])[1]'. Error Domain=XCTDaemonErrorDomain Code=21 "Unable to perform 
<XCSynthesizedEventRecord 'tap display 0'>
Path 1:
	
Touch down at 172.0, 71.0, offset=0.00s
	Touch up at 172.0, 71.0, offset=0.05s, only one gesture can be performed at a time." UserInfo={NSLocalizedDescription=Unable to perform 

<XCSynthesizedEventRecord 'tap display 0'>
Path 1:
	Touch down at 172.0, 71.0, offset=0.00s
	Touch up at 172.0, 71.0, offset=0.05s, only one gesture can be performed at a time.}
)  (WARNING: The server did not provide any stacktrace information)
Command duration or timeout: 0 milliseconds
Build info: version: '3.12.0', revision: '7c6e0b3', time: '2018-05-08T14:04:26.12Z'
System info: host: 'LTIN184808', ip: '192.168.0.73', os.name: 'Windows 10', os.arch: 'amd64', os.version: '10.0', java.version: '1.8.0_291'
Driver info: io.appium.java_client.ios.IOSDriver
Capabilities {appBuildVersion: 4, appReleaseVersion: 9.6.4, appiumVersion: 1.8.0, applicationClearData: false, autoAcceptAlerts: false, autoDismissAlerts: false, autoGrantPermissions: false, autoWebview: false, automationName: XCUITest, bundleId: com.sph.stiPhone, commandTimeouts: 120000, desired: {bundleId: com.sph.stiPhone, deviceQuery: @serialNumber='00008030-000..., instrumentApp: false, noReset: true, platformName: iOS}, device.category: PHONE, device.majorVersion: 16, device.manufacture: Apple, device.model: iPhone 11 Pro, device.name: iPhone 11 Pro SPH-0015, device.os: iOS, device.screenSize: 1125x2436, device.serialNumber: 00008030-0002548A2298802E, device.version: 16.0, deviceQuery: @serialNumber='00008030-000..., deviceUDID: 00008030-0002548A2298802E, dontGoHomeOnQuit: false, dontStopAppOnReset: false, ehmPrefixUrl: /agent-2, ehmUrl: https://sph.experitest.com:..., fullReset: false, gridNodePort: 7816, install.only.for.update: false, installOnlyForUpdate: false, instrumentApp: false, javascriptEnabled: true, keystorePath: ~/.android/debug.keystore, locationServicesAuthorized: false, newSessionWaitTimeout: 600.0, noReset: true, platform: IOS, platformName: iOS, projectName: , reportDirectory: reports, reportFormat: xml, reportTestId: 134634.0, reportUrl: https://sph.experitest.com:..., reservationDuration: 240.0, takeScreenshots: true, test.type: Mobile, testName: mobile test 09/15/22 03:54 AM, udid: 00008030-0002548A2298802E, useKeystore: false, waitForDeviceTimeout: 120000.0}
Session ID: CLOUD-SID:2022-09-15_03-35-09-759d3047-5679-4b8e-8851-fe83d8792fd7
	at sun.reflect.NativeConstructorAccessorImpl.newInstance0(Native Method)
	at sun.reflect.NativeConstructorAccessorImpl.newInstance(NativeConstructorAccessorImpl.java:62)
	at sun.reflect.DelegatingConstructorAccessorImpl.newInstance(DelegatingConstructorAccessorImpl.java:45)
	at java.lang.reflect.Constructor.newInstance(Constructor.java:423)
	at org.openqa.selenium.remote.ErrorHandler.createThrowable(ErrorHandler.java:214)
	at org.openqa.selenium.remote.ErrorHandler.throwIfResponseFailed(ErrorHandler.java:166)
	at org.openqa.selenium.remote.http.JsonHttpResponseCodec.reconstructValue(JsonHttpResponseCodec.java:40)
	at org.openqa.selenium.remote.http.AbstractHttpResponseCodec.decode(AbstractHttpResponseCodec.java:80)
	at org.openqa.selenium.remote.http.AbstractHttpResponseCodec.decode(AbstractHttpResponseCodec.java:44)
	at org.openqa.selenium.remote.HttpCommandExecutor.execute(HttpCommandExecutor.java:158)
	at io.appium.java_client.remote.AppiumCommandExecutor.execute(AppiumCommandExecutor.java:231)
	at org.openqa.selenium.remote.RemoteWebDriver.execute(RemoteWebDriver.java:543)
	at io.appium.java_client.DefaultGenericMobileDriver.execute(DefaultGenericMobileDriver.java:42)
	at io.appium.java_client.AppiumDriver.execute(AppiumDriver.java:1)
	at io.appium.java_client.ios.IOSDriver.execute(IOSDriver.java:1)
	at org.openqa.selenium.remote.RemoteWebElement.execute(RemoteWebElement.java:276)
	at io.appium.java_client.DefaultGenericMobileElement.execute(DefaultGenericMobileElement.java:45)
	at io.appium.java_client.MobileElement.execute(MobileElement.java:1)
	at io.appium.java_client.ios.IOSElement.execute(IOSElement.java:1)
	at org.openqa.selenium.remote.RemoteWebElement.sendKeys(RemoteWebElement.java:100)
	at sun.reflect.NativeMethodAccessorImpl.invoke0(Native Method)
	at sun.reflect.NativeMethodAccessorImpl.invoke(NativeMethodAccessorImpl.java:62)
	at sun.reflect.DelegatingMethodAccessorImpl.invoke(DelegatingMethodAccessorImpl.java:43)
	at java.lang.reflect.Method.invoke(Method.java:498)
	at org.openqa.selenium.support.pagefactory.internal.LocatingElementHandler.invoke(LocatingElementHandler.java:51)
	at com.sun.proxy.$Proxy10.sendKeys(Unknown Source)
	at com.mop.qa.pageobject.StraitsTimes_IOS.TC_7954_Article_listing_page_Via_Elastic_search_Recent_searches_Delete(StraitsTimes_IOS.java:2703)
	at com.mop.qa.test.regression.StraitsTimes_Regression_IOS.TC_7954_Article_listing_page_Via_Elastic_search_Recent_searches_Delete(StraitsTimes_Regression_IOS.java:130)
	at sun.reflect.NativeMethodAccessorImpl.invoke0(Native Method)
	at sun.reflect.NativeMethodAccessorImpl.invoke(NativeMethodAccessorImpl.java:62)
	at sun.reflect.DelegatingMethodAccessorImpl.invoke(DelegatingMethodAccessorImpl.java:43)
	at java.lang.reflect.Method.invoke(Method.java:498)
	at org.testng.internal.MethodInvocationHelper.invokeMethod(MethodInvocationHelper.java:104)
	at org.testng.internal.Invoker.invokeMethod(Invoker.java:645)
	at org.testng.internal.Invoker.invokeTestMethod(Invoker.java:851)
	at org.testng.internal.Invoker.invokeTestMethods(Invoker.java:1177)
	at org.testng.internal.TestMethodWorker.invokeTestMethods(TestMethodWorker.java:129)
	at org.testng.internal.TestMethodWorker.run(TestMethodWorker.java:112)
	at org.testng.TestRunner.privateRun(TestRunner.java:756)
	at org.testng.TestRunner.run(TestRunner.java:610)
	at org.testng.SuiteRunner.runTest(SuiteRunner.java:387)
	at org.testng.SuiteRunner.runSequentially(SuiteRunner.java:382)
	at org.testng.SuiteRunner.privateRun(SuiteRunner.java:340)
	at org.testng.SuiteRunner.run(SuiteRunner.java:289)
	at org.testng.SuiteRunnerWorker.runSuite(SuiteRunnerWorker.java:52)
	at org.testng.SuiteRunnerWorker.run(SuiteRunnerWorker.java:86)
	at org.testng.TestNG.runSuitesSequentially(TestNG.java:1293)
	at org.testng.TestNG.runSuitesLocally(TestNG.java:1218)
	at org.testng.TestNG.runSuites(TestNG.java:1133)
	at org.testng.TestNG.run(TestNG.java:1104)
	at com.mop.qa.testrunner.TestRunner.main(TestRunner.java:167)
]]>
    </error>
  </testcase> <!-- TC_7954_Article_listing_page_Via_Elastic_search_Recent_searches_Delete -->
  <testcase name="TC_7947_Article_listing_page_Via_Elastic_search_Search_by_article_headline" time="114.316" classname="com.mop.qa.test.regression.StraitsTimes_Regression_IOS"/>
  <testcase name="TC_7908_Articles_Details_Scroll_Scrolling_through_articles_and_then_for_any_particular_article_try_to_access_full_article_page" time="124.552" classname="com.mop.qa.test.regression.StraitsTimes_Regression_IOS"/>
  <testcase name="TC_7901_Latest_Tab_Should_be_able_to_bookmark" time="27.046" classname="com.mop.qa.test.regression.StraitsTimes_Regression_IOS"/>
  <testcase name="TC_7897_Discover_on_Home_Page" time="470.819" classname="com.mop.qa.test.regression.StraitsTimes_Regression_IOS">
    <error type="java.lang.Exception" message="discover heading not found">
      <![CDATA[java.lang.Exception: discover heading not found
	at com.mop.qa.testbase.PageBase.click(PageBase.java:1521)
	at com.mop.qa.pageobject.StraitsTimes_IOS.TC_7897_Discover_on_Home_Page(StraitsTimes_IOS.java:2382)
	at com.mop.qa.test.regression.StraitsTimes_Regression_IOS.TC_7897_Discover_on_Home_Page(StraitsTimes_Regression_IOS.java:226)
	at sun.reflect.NativeMethodAccessorImpl.invoke0(Native Method)
	at sun.reflect.NativeMethodAccessorImpl.invoke(NativeMethodAccessorImpl.java:62)
	at sun.reflect.DelegatingMethodAccessorImpl.invoke(DelegatingMethodAccessorImpl.java:43)
	at java.lang.reflect.Method.invoke(Method.java:498)
	at org.testng.internal.MethodInvocationHelper.invokeMethod(MethodInvocationHelper.java:104)
	at org.testng.internal.Invoker.invokeMethod(Invoker.java:645)
	at org.testng.internal.Invoker.invokeTestMethod(Invoker.java:851)
	at org.testng.internal.Invoker.invokeTestMethods(Invoker.java:1177)
	at org.testng.internal.TestMethodWorker.invokeTestMethods(TestMethodWorker.java:129)
	at org.testng.internal.TestMethodWorker.run(TestMethodWorker.java:112)
	at org.testng.TestRunner.privateRun(TestRunner.java:756)
	at org.testng.TestRunner.run(TestRunner.java:610)
	at org.testng.SuiteRunner.runTest(SuiteRunner.java:387)
	at org.testng.SuiteRunner.runSequentially(SuiteRunner.java:382)
	at org.testng.SuiteRunner.privateRun(SuiteRunner.java:340)
	at org.testng.SuiteRunner.run(SuiteRunner.java:289)
	at org.testng.SuiteRunnerWorker.runSuite(SuiteRunnerWorker.java:52)
	at org.testng.SuiteRunnerWorker.run(SuiteRunnerWorker.java:86)
	at org.testng.TestNG.runSuitesSequentially(TestNG.java:1293)
	at org.testng.TestNG.runSuitesLocally(TestNG.java:1218)
	at org.testng.TestNG.runSuites(TestNG.java:1133)
	at org.testng.TestNG.run(TestNG.java:1104)
	at com.mop.qa.testrunner.TestRunner.main(TestRunner.java:167)
]]>
    </error>
  </testcase> <!-- TC_7897_Discover_on_Home_Page -->
  <testcase name="TC_8009_straitTimes_login_reg_user_" time="55.661" classname="com.mop.qa.test.regression.StraitsTimes_Regression_IOS"/>
  <testcase name="TC_7926_Article_Listing_page_via_Sections_page_videos" time="61.338" classname="com.mop.qa.test.regression.StraitsTimes_Regression_IOS"/>
  <testcase name="TC_7899_Bookmark_able_to_bookmark_from_listing_page" time="87.253" classname="com.mop.qa.test.regression.StraitsTimes_Regression_IOS"/>
  <testcase name="TC_7937_Article_Listing_page_via_Sections_page_Article_page" time="94.147" classname="com.mop.qa.test.regression.StraitsTimes_Regression_IOS"/>
  <testcase name="TC_7953_Article_Listing_page_via_Sections_page" time="73.196" classname="com.mop.qa.test.regression.StraitsTimes_Regression_IOS"/>
  <testcase name="TC_7919_Article_listing_page_Via_Elastic_search_Article_page" time="109.184" classname="com.mop.qa.test.regression.StraitsTimes_Regression_IOS"/>
  <testcase name="TC_7982_Article_listing_page_Via_Elastic_search_Keyword_search_Relevance" time="44.670" classname="com.mop.qa.test.regression.StraitsTimes_Regression_IOS">
    <error type="org.openqa.selenium.NoSuchElementException" message="no such element (An element could not be located on the page using the given search parameters (XPATH=&#039;//*[@placeholder=&#039;Search The Straits Times…&#039;]&#039;))  (WARNING: The server did not provide any stacktrace information)
Command duration or timeout: 0 milliseconds
For documentation on this error, please visit: http://seleniumhq.org/exceptions/no_such_element.html
Build info: version: &#039;3.12.0&#039;, revision: &#039;7c6e0b3&#039;, time: &#039;2018-05-08T14:04:26.12Z&#039;
System info: host: &#039;LTIN184808&#039;, ip: &#039;192.168.0.73&#039;, os.name: &#039;Windows 10&#039;, os.arch: &#039;amd64&#039;, os.version: &#039;10.0&#039;, java.version: &#039;1.8.0_291&#039;
Driver info: io.appium.java_client.ios.IOSDriver
Capabilities {appBuildVersion: 4, appReleaseVersion: 9.6.4, appiumVersion: 1.8.0, applicationClearData: false, autoAcceptAlerts: false, autoDismissAlerts: false, autoGrantPermissions: false, autoWebview: false, automationName: XCUITest, bundleId: com.sph.stiPhone, commandTimeouts: 120000, desired: {bundleId: com.sph.stiPhone, deviceQuery: @serialNumber=&#039;00008030-000..., instrumentApp: false, noReset: true, platformName: iOS}, device.category: PHONE, device.majorVersion: 16, device.manufacture: Apple, device.model: iPhone 11 Pro, device.name: iPhone 11 Pro SPH-0015, device.os: iOS, device.screenSize: 1125x2436, device.serialNumber: 00008030-0002548A2298802E, device.version: 16.0, deviceQuery: @serialNumber=&#039;00008030-000..., deviceUDID: 00008030-0002548A2298802E, dontGoHomeOnQuit: false, dontStopAppOnReset: false, ehmPrefixUrl: /agent-2, ehmUrl: https://sph.experitest.com:..., fullReset: false, gridNodePort: 7816, install.only.for.update: false, installOnlyForUpdate: false, instrumentApp: false, javascriptEnabled: true, keystorePath: ~/.android/debug.keystore, locationServicesAuthorized: false, newSessionWaitTimeout: 600.0, noReset: true, platform: IOS, platformName: iOS, projectName: , reportDirectory: reports, reportFormat: xml, reportTestId: 134634.0, reportUrl: https://sph.experitest.com:..., reservationDuration: 240.0, takeScreenshots: true, test.type: Mobile, testName: mobile test 09/15/22 03:54 AM, udid: 00008030-0002548A2298802E, useKeystore: false, waitForDeviceTimeout: 120000.0}
Session ID: CLOUD-SID:2022-09-15_03-35-09-759d3047-5679-4b8e-8851-fe83d8792fd7
*** Element info: {Using=xpath, value=//*[@placeholder=&#039;Search The Straits Times…&#039;]}">
      <![CDATA[org.openqa.selenium.NoSuchElementException: no such element (An element could not be located on the page using the given search parameters (XPATH='//*[@placeholder='Search The Straits Times…']'))  (WARNING: The server did not provide any stacktrace information)
Command duration or timeout: 0 milliseconds
For documentation on this error, please visit: http://seleniumhq.org/exceptions/no_such_element.html
Build info: version: '3.12.0', revision: '7c6e0b3', time: '2018-05-08T14:04:26.12Z'
System info: host: 'LTIN184808', ip: '192.168.0.73', os.name: 'Windows 10', os.arch: 'amd64', os.version: '10.0', java.version: '1.8.0_291'
Driver info: io.appium.java_client.ios.IOSDriver
Capabilities {appBuildVersion: 4, appReleaseVersion: 9.6.4, appiumVersion: 1.8.0, applicationClearData: false, autoAcceptAlerts: false, autoDismissAlerts: false, autoGrantPermissions: false, autoWebview: false, automationName: XCUITest, bundleId: com.sph.stiPhone, commandTimeouts: 120000, desired: {bundleId: com.sph.stiPhone, deviceQuery: @serialNumber='00008030-000..., instrumentApp: false, noReset: true, platformName: iOS}, device.category: PHONE, device.majorVersion: 16, device.manufacture: Apple, device.model: iPhone 11 Pro, device.name: iPhone 11 Pro SPH-0015, device.os: iOS, device.screenSize: 1125x2436, device.serialNumber: 00008030-0002548A2298802E, device.version: 16.0, deviceQuery: @serialNumber='00008030-000..., deviceUDID: 00008030-0002548A2298802E, dontGoHomeOnQuit: false, dontStopAppOnReset: false, ehmPrefixUrl: /agent-2, ehmUrl: https://sph.experitest.com:..., fullReset: false, gridNodePort: 7816, install.only.for.update: false, installOnlyForUpdate: false, instrumentApp: false, javascriptEnabled: true, keystorePath: ~/.android/debug.keystore, locationServicesAuthorized: false, newSessionWaitTimeout: 600.0, noReset: true, platform: IOS, platformName: iOS, projectName: , reportDirectory: reports, reportFormat: xml, reportTestId: 134634.0, reportUrl: https://sph.experitest.com:..., reservationDuration: 240.0, takeScreenshots: true, test.type: Mobile, testName: mobile test 09/15/22 03:54 AM, udid: 00008030-0002548A2298802E, useKeystore: false, waitForDeviceTimeout: 120000.0}
Session ID: CLOUD-SID:2022-09-15_03-35-09-759d3047-5679-4b8e-8851-fe83d8792fd7
*** Element info: {Using=xpath, value=//*[@placeholder='Search The Straits Times…']}
	at sun.reflect.GeneratedConstructorAccessor25.newInstance(Unknown Source)
	at sun.reflect.DelegatingConstructorAccessorImpl.newInstance(DelegatingConstructorAccessorImpl.java:45)
	at java.lang.reflect.Constructor.newInstance(Constructor.java:423)
	at org.openqa.selenium.remote.ErrorHandler.createThrowable(ErrorHandler.java:214)
	at org.openqa.selenium.remote.ErrorHandler.throwIfResponseFailed(ErrorHandler.java:166)
	at org.openqa.selenium.remote.http.JsonHttpResponseCodec.reconstructValue(JsonHttpResponseCodec.java:40)
	at org.openqa.selenium.remote.http.AbstractHttpResponseCodec.decode(AbstractHttpResponseCodec.java:80)
	at org.openqa.selenium.remote.http.AbstractHttpResponseCodec.decode(AbstractHttpResponseCodec.java:44)
	at org.openqa.selenium.remote.HttpCommandExecutor.execute(HttpCommandExecutor.java:158)
	at io.appium.java_client.remote.AppiumCommandExecutor.execute(AppiumCommandExecutor.java:231)
	at org.openqa.selenium.remote.RemoteWebDriver.execute(RemoteWebDriver.java:543)
	at io.appium.java_client.DefaultGenericMobileDriver.execute(DefaultGenericMobileDriver.java:42)
	at io.appium.java_client.AppiumDriver.execute(AppiumDriver.java:1)
	at io.appium.java_client.ios.IOSDriver.execute(IOSDriver.java:1)
	at org.openqa.selenium.remote.RemoteWebDriver.findElement(RemoteWebDriver.java:317)
	at io.appium.java_client.DefaultGenericMobileDriver.findElement(DefaultGenericMobileDriver.java:62)
	at io.appium.java_client.AppiumDriver.findElement(AppiumDriver.java:1)
	at io.appium.java_client.ios.IOSDriver.findElement(IOSDriver.java:1)
	at org.openqa.selenium.remote.RemoteWebDriver.findElementByXPath(RemoteWebDriver.java:419)
	at io.appium.java_client.DefaultGenericMobileDriver.findElementByXPath(DefaultGenericMobileDriver.java:152)
	at io.appium.java_client.AppiumDriver.findElementByXPath(AppiumDriver.java:1)
	at io.appium.java_client.ios.IOSDriver.findElementByXPath(IOSDriver.java:1)
	at org.openqa.selenium.By$ByXPath.findElement(By.java:353)
	at org.openqa.selenium.remote.RemoteWebDriver.findElement(RemoteWebDriver.java:309)
	at io.appium.java_client.DefaultGenericMobileDriver.findElement(DefaultGenericMobileDriver.java:58)
	at io.appium.java_client.AppiumDriver.findElement(AppiumDriver.java:1)
	at io.appium.java_client.ios.IOSDriver.findElement(IOSDriver.java:1)
	at org.openqa.selenium.support.pagefactory.DefaultElementLocator.findElement(DefaultElementLocator.java:69)
	at org.openqa.selenium.support.pagefactory.internal.LocatingElementHandler.invoke(LocatingElementHandler.java:38)
	at com.sun.proxy.$Proxy10.sendKeys(Unknown Source)
	at com.mop.qa.pageobject.StraitsTimes_IOS.TC_7977_Article_listing_page_Via_Elastic_search_Keyword_search_Relevance(StraitsTimes_IOS.java:2769)
	at com.mop.qa.test.regression.StraitsTimes_Regression_IOS.TC_7982_Article_listing_page_Via_Elastic_search_Keyword_search_Relevance(StraitsTimes_Regression_IOS.java:139)
	at sun.reflect.NativeMethodAccessorImpl.invoke0(Native Method)
	at sun.reflect.NativeMethodAccessorImpl.invoke(NativeMethodAccessorImpl.java:62)
	at sun.reflect.DelegatingMethodAccessorImpl.invoke(DelegatingMethodAccessorImpl.java:43)
	at java.lang.reflect.Method.invoke(Method.java:498)
	at org.testng.internal.MethodInvocationHelper.invokeMethod(MethodInvocationHelper.java:104)
	at org.testng.internal.Invoker.invokeMethod(Invoker.java:645)
	at org.testng.internal.Invoker.invokeTestMethod(Invoker.java:851)
	at org.testng.internal.Invoker.invokeTestMethods(Invoker.java:1177)
	at org.testng.internal.TestMethodWorker.invokeTestMethods(TestMethodWorker.java:129)
	at org.testng.internal.TestMethodWorker.run(TestMethodWorker.java:112)
	at org.testng.TestRunner.privateRun(TestRunner.java:756)
	at org.testng.TestRunner.run(TestRunner.java:610)
	at org.testng.SuiteRunner.runTest(SuiteRunner.java:387)
	at org.testng.SuiteRunner.runSequentially(SuiteRunner.java:382)
	at org.testng.SuiteRunner.privateRun(SuiteRunner.java:340)
	at org.testng.SuiteRunner.run(SuiteRunner.java:289)
	at org.testng.SuiteRunnerWorker.runSuite(SuiteRunnerWorker.java:52)
	at org.testng.SuiteRunnerWorker.run(SuiteRunnerWorker.java:86)
	at org.testng.TestNG.runSuitesSequentially(TestNG.java:1293)
	at org.testng.TestNG.runSuitesLocally(TestNG.java:1218)
	at org.testng.TestNG.runSuites(TestNG.java:1133)
	at org.testng.TestNG.run(TestNG.java:1104)
	at com.mop.qa.testrunner.TestRunner.main(TestRunner.java:167)
]]>
    </error>
  </testcase> <!-- TC_7982_Article_listing_page_Via_Elastic_search_Keyword_search_Relevance -->
  <testcase name="TC_7927_ePaper_Delete_downloaded_epaper" time="25.091" classname="com.mop.qa.test.regression.StraitsTimes_Regression_IOS"/>
  <testcase name="TC_7928_Article_listing_page_Via_Elastic_search_keyword_search_Recent" time="135.117" classname="com.mop.qa.test.regression.StraitsTimes_Regression_IOS"/>
</testsuite> <!-- com.mop.qa.test.regression.StraitsTimes_Regression_IOS -->
